_______________________________Important_Message________________________________

CRYPTOCURRENCY MINING, PASSWORD CRACKING, NETWORK SCANNING prohibited.

NO BACKUP for homedirs. Please do OWN BACKUP. User homedir quota 500G.

LIST of hardware <https://dochub.comp.nus.edu.sg/cf/guides/compute-cluster/hardware>

USE /temp local-to-node storage for faster computation! Remember to SAVE your results!

Reserved till 10 Nov 2021 : xcnd26-29 (CS4225/CS5425)

Reserved 4 Oct - 12 Nov 2021 : xgpf0-9 (CS3244)

Reserved 27 Aug - 19 Nov 2021 : xgpg0-2 (CS4248)

Reserved till 20 Nov 2021 : xcne5-7 (CS2106)

Reserved till 20 Nov 2021 : xcne3-4 (CS3210)

Reserved 20 Sep -  20 Nov 2021 : xgpc0-7, xgpd0-7 (CS3210)

Reserved till 1 Dec 2021 : xcnc1-10,12-17 (TIC4005)

Reserved 23 Aug - 5 Dec 2021 : xcnc20-49, xcnd30-59 (CS4224/CS5424)

Reserved till 5 Dec 2021 : xcnb14 (FYP)

Reserved till 20 Dec 2021 : xgpe2-11 (CS4246/CS5446)

Reserved till 30 Apr 2022 : xgpb1 (FYP)

Reserved till 30 Apr 2022 : xcne0 (CS3213)

Reserved till 4 Dec 2021 : xgpc8 (CS1010S)

Reserved till 26 Nov 2021 : xcne1-2 (CS3103)

Reserved till 30 Nov 2021 : cpga0-2

Reserved till 7 Nov 2021 : xgpg3

Reserved till 30 Nov 2021 : xgpe1, xgpd9

Reserved till 30 Nov 2021 : xgpg7, xgpg8

************************************************************


xgpc and xgpd nodes are now running Ubuntu 20.04 (with CUDA 11.2)
************************************************************

Offline: xcna15, xcnb15, xcnd9, xcnd11, xgpb2, xcne0

--------------------------------------------------------------------------------

/home/stuproj/cs4224c/cs5424-distributed-database-project
Running on host: xcnd31.comp.nus.edu.sg:26267
Ready to read Xact file project_files/xact_files_A/9.txt
<1/20000> Tnx R: 1965ms 
sql state = [40001]cause = [null]message = [ERROR: restart transaction: TransactionRetryWithProtoRefreshError: WriteTooOldError: write at timestamp 1635609403.866677315,23 too old; wrote at 1635609404.317746904,1: "sql txn" meta={id=41a04597 pri=0.01459736 epo=0 ts=1635609404.317746904,1 min=1635609403.866677315,23 seq=0} lock=true stat=PENDING rts=1635609403.866677315,23 wto=false gul=1635609404.366677315,23
  Hint: See: https://www.cockroachlabs.com/docs/v21.1/transaction-retry-error-reference.html]<2/20000> Tnx P: 2763ms 
<3/20000> Tnx N: 0ms 
Customers with top balances
sql state = [25P02]cause = [org.postgresql.util.PSQLException: ERROR: restart transaction: TransactionRetryWithProtoRefreshError: WriteTooOldError: write at timestamp 1635609403.866677315,23 too old; wrote at 1635609404.317746904,1: "sql txn" meta={id=41a04597 pri=0.01459736 epo=0 ts=1635609404.317746904,1 min=1635609403.866677315,23 seq=0} lock=true stat=PENDING rts=1635609403.866677315,23 wto=false gul=1635609404.366677315,23
  Hint: See: https://www.cockroachlabs.com/docs/v21.1/transaction-retry-error-reference.html]message = [ERROR: current transaction is aborted, commands ignored until end of transaction block]<4/20000> Tnx T: 2ms 
sql state = [25P02]cause = [org.postgresql.util.PSQLException: ERROR: restart transaction: TransactionRetryWithProtoRefreshError: WriteTooOldError: write at timestamp 1635609403.866677315,23 too old; wrote at 1635609404.317746904,1: "sql txn" meta={id=41a04597 pri=0.01459736 epo=0 ts=1635609404.317746904,1 min=1635609403.866677315,23 seq=0} lock=true stat=PENDING rts=1635609403.866677315,23 wto=false gul=1635609404.366677315,23
  Hint: See: https://www.cockroachlabs.com/docs/v21.1/transaction-retry-error-reference.html]message = [ERROR: current transaction is aborted, commands ignored until end of transaction block]<5/20000> Tnx P: 1ms 
Customers with top balances
sql state = [25P02]cause = [org.postgresql.util.PSQLException: ERROR: restart transaction: TransactionRetryWithProtoRefreshError: WriteTooOldError: write at timestamp 1635609403.866677315,23 too old; wrote at 1635609404.317746904,1: "sql txn" meta={id=41a04597 pri=0.01459736 epo=0 ts=1635609404.317746904,1 min=1635609403.866677315,23 seq=0} lock=true stat=PENDING rts=1635609403.866677315,23 wto=false gul=1635609404.366677315,23
  Hint: See: https://www.cockroachlabs.com/docs/v21.1/transaction-retry-error-reference.html]message = [ERROR: current transaction is aborted, commands ignored until end of transaction block]<6/20000> Tnx T: 1ms 
<7/20000> Tnx N: 1ms 
Delivery wid:2 carrier:8sql state = [25P02]cause = [org.postgresql.util.PSQLException: ERROR: restart transaction: TransactionRetryWithProtoRefreshError: WriteTooOldError: write at timestamp 1635609403.866677315,23 too old; wrote at 1635609404.317746904,1: "sql txn" meta={id=41a04597 pri=0.01459736 epo=0 ts=1635609404.317746904,1 min=1635609403.866677315,23 seq=0} lock=true stat=PENDING rts=1635609403.866677315,23 wto=false gul=1635609404.366677315,23
  Hint: See: https://www.cockroachlabs.com/docs/v21.1/transaction-retry-error-reference.html]message = [ERROR: current transaction is aborted, commands ignored until end of transaction block]<8/20000> Tnx D: 1ms 
<9/20000> Tnx N: 0ms 
<10/20000> Tnx N: 1ms 
sql state = [25P02]cause = [org.postgresql.util.PSQLException: ERROR: restart transaction: TransactionRetryWithProtoRefreshError: WriteTooOldError: write at timestamp 1635609403.866677315,23 too old; wrote at 1635609404.317746904,1: "sql txn" meta={id=41a04597 pri=0.01459736 epo=0 ts=1635609404.317746904,1 min=1635609403.866677315,23 seq=0} lock=true stat=PENDING rts=1635609403.866677315,23 wto=false gul=1635609404.366677315,23
  Hint: See: https://www.cockroachlabs.com/docs/v21.1/transaction-retry-error-reference.html]message = [ERROR: current transaction is aborted, commands ignored until end of transaction block]<11/20000> Tnx I: 7ms 
<12/20000> Tnx N: 1ms 
<13/20000> Tnx N: 1ms 
sql state = [25P02]cause = [org.postgresql.util.PSQLException: ERROR: restart transaction: TransactionRetryWithProtoRefreshError: WriteTooOldError: write at timestamp 1635609403.866677315,23 too old; wrote at 1635609404.317746904,1: "sql txn" meta={id=41a04597 pri=0.01459736 epo=0 ts=1635609404.317746904,1 min=1635609403.866677315,23 seq=0} lock=true stat=PENDING rts=1635609403.866677315,23 wto=false gul=1635609404.366677315,23
  Hint: See: https://www.cockroachlabs.com/docs/v21.1/transaction-retry-error-reference.html]message = [ERROR: current transaction is aborted, commands ignored until end of transaction block]<14/20000> Tnx P: 1ms 
Delivery wid:4 carrier:10sql state = [25P02]cause = [org.postgresql.util.PSQLException: ERROR: restart transaction: TransactionRetryWithProtoRefreshError: WriteTooOldError: write at timestamp 1635609403.866677315,23 too old; wrote at 1635609404.317746904,1: "sql txn" meta={id=41a04597 pri=0.01459736 epo=0 ts=1635609404.317746904,1 min=1635609403.866677315,23 seq=0} lock=true stat=PENDING rts=1635609403.866677315,23 wto=false gul=1635609404.366677315,23
  Hint: See: https://www.cockroachlabs.com/docs/v21.1/transaction-retry-error-reference.html]message = [ERROR: current transaction is aborted, commands ignored until end of transaction block]<15/20000> Tnx D: 2ms 
sql state = [25P02]cause = [org.postgresql.util.PSQLException: ERROR: restart transaction: TransactionRetryWithProtoRefreshError: WriteTooOldError: write at timestamp 1635609403.866677315,23 too old; wrote at 1635609404.317746904,1: "sql txn" meta={id=41a04597 pri=0.01459736 epo=0 ts=1635609404.317746904,1 min=1635609403.866677315,23 seq=0} lock=true stat=PENDING rts=1635609403.866677315,23 wto=false gul=1635609404.366677315,23
  Hint: See: https://www.cockroachlabs.com/docs/v21.1/transaction-retry-error-reference.html]message = [ERROR: current transaction is aborted, commands ignored until end of transaction block]<16/20000> Tnx P: 1ms 
Delivery wid:8 carrier:3sql state = [25P02]cause = [org.postgresql.util.PSQLException: ERROR: restart transaction: TransactionRetryWithProtoRefreshError: WriteTooOldError: write at timestamp 1635609403.866677315,23 too old; wrote at 1635609404.317746904,1: "sql txn" meta={id=41a04597 pri=0.01459736 epo=0 ts=1635609404.317746904,1 min=1635609403.866677315,23 seq=0} lock=true stat=PENDING rts=1635609403.866677315,23 wto=false gul=1635609404.366677315,23
  Hint: See: https://www.cockroachlabs.com/docs/v21.1/transaction-retry-error-reference.html]message = [ERROR: current transaction is aborted, commands ignored until end of transaction block]<17/20000> Tnx D: 1ms 
Delivery wid:1 carrier:2sql state = [25P02]cause = [org.postgresql.util.PSQLException: ERROR: restart transaction: TransactionRetryWithProtoRefreshError: WriteTooOldError: write at timestamp 1635609403.866677315,23 too old; wrote at 1635609404.317746904,1: "sql txn" meta={id=41a04597 pri=0.01459736 epo=0 ts=1635609404.317746904,1 min=1635609403.866677315,23 seq=0} lock=true stat=PENDING rts=1635609403.866677315,23 wto=false gul=1635609404.366677315,23
  Hint: See: https://www.cockroachlabs.com/docs/v21.1/transaction-retry-error-reference.html]message = [ERROR: current transaction is aborted, commands ignored until end of transaction block]<18/20000> Tnx D: 1ms 
<19/20000> Tnx N: 1ms 
<20/20000> Tnx N: 0ms 
<21/20000> Tnx N: 0ms 
<22/20000> Tnx S: 0ms 
<23/20000> Tnx N: 1ms 
<24/20000> Tnx N: 0ms 
Delivery wid:4 carrier:2sql state = [25P02]cause = [org.postgresql.util.PSQLException: ERROR: restart transaction: TransactionRetryWithProtoRefreshError: WriteTooOldError: write at timestamp 1635609403.866677315,23 too old; wrote at 1635609404.317746904,1: "sql txn" meta={id=41a04597 pri=0.01459736 epo=0 ts=1635609404.317746904,1 min=1635609403.866677315,23 seq=0} lock=true stat=PENDING rts=1635609403.866677315,23 wto=false gul=1635609404.366677315,23
  Hint: See: https://www.cockroachlabs.com/docs/v21.1/transaction-retry-error-reference.html]message = [ERROR: current transaction is aborted, commands ignored until end of transaction block]<25/20000> Tnx D: 1ms 
<26/20000> Tnx N: 1ms 
sql state = [25P02]cause = [org.postgresql.util.PSQLException: ERROR: restart transaction: TransactionRetryWithProtoRefreshError: WriteTooOldError: write at timestamp 1635609403.866677315,23 too old; wrote at 1635609404.317746904,1: "sql txn" meta={id=41a04597 pri=0.01459736 epo=0 ts=1635609404.317746904,1 min=1635609403.866677315,23 seq=0} lock=true stat=PENDING rts=1635609403.866677315,23 wto=false gul=1635609404.366677315,23
  Hint: See: https://www.cockroachlabs.com/docs/v21.1/transaction-retry-error-reference.html]message = [ERROR: current transaction is aborted, commands ignored until end of transaction block]<27/20000> Tnx P: 1ms 
Delivery wid:10 carrier:1sql state = [25P02]cause = [org.postgresql.util.PSQLException: ERROR: restart transaction: TransactionRetryWithProtoRefreshError: WriteTooOldError: write at timestamp 1635609403.866677315,23 too old; wrote at 1635609404.317746904,1: "sql txn" meta={id=41a04597 pri=0.01459736 epo=0 ts=1635609404.317746904,1 min=1635609403.866677315,23 seq=0} lock=true stat=PENDING rts=1635609403.866677315,23 wto=false gul=1635609404.366677315,23
  Hint: See: https://www.cockroachlabs.com/docs/v21.1/transaction-retry-error-reference.html]message = [ERROR: current transaction is aborted, commands ignored until end of transaction block]<28/20000> Tnx D: 1ms 
Customers with top balances
sql state = [25P02]cause = [org.postgresql.util.PSQLException: ERROR: restart transaction: TransactionRetryWithProtoRefreshError: WriteTooOldError: write at timestamp 1635609403.866677315,23 too old; wrote at 1635609404.317746904,1: "sql txn" meta={id=41a04597 pri=0.01459736 epo=0 ts=1635609404.317746904,1 min=1635609403.866677315,23 seq=0} lock=true stat=PENDING rts=1635609403.866677315,23 wto=false gul=1635609404.366677315,23
  Hint: See: https://www.cockroachlabs.com/docs/v21.1/transaction-retry-error-reference.html]message = [ERROR: current transaction is aborted, commands ignored until end of transaction block]<29/20000> Tnx T: 1ms 
<30/20000> Tnx N: 1ms 
Delivery wid:4 carrier:10sql state = [25P02]cause = [org.postgresql.util.PSQLException: ERROR: restart transaction: TransactionRetryWithProtoRefreshError: WriteTooOldError: write at timestamp 1635609403.866677315,23 too old; wrote at 1635609404.317746904,1: "sql txn" meta={id=41a04597 pri=0.01459736 epo=0 ts=1635609404.317746904,1 min=1635609403.866677315,23 seq=0} lock=true stat=PENDING rts=1635609403.866677315,23 wto=false gul=1635609404.366677315,23
  Hint: See: https://www.cockroachlabs.com/docs/v21.1/transaction-retry-error-reference.html]message = [ERROR: current transaction is aborted, commands ignored until end of transaction block]<31/20000> Tnx D: 1ms 
sql state = [25P02]cause = [org.postgresql.util.PSQLException: ERROR: restart transaction: TransactionRetryWithProtoRefreshError: WriteTooOldError: write at timestamp 1635609403.866677315,23 too old; wrote at 1635609404.317746904,1: "sql txn" meta={id=41a04597 pri=0.01459736 epo=0 ts=1635609404.317746904,1 min=1635609403.866677315,23 seq=0} lock=true stat=PENDING rts=1635609403.866677315,23 wto=false gul=1635609404.366677315,23
  Hint: See: https://www.cockroachlabs.com/docs/v21.1/transaction-retry-error-reference.html]message = [ERROR: current transaction is aborted, commands ignored until end of transaction block]<32/20000> Tnx P: 1ms 
<33/20000> Tnx N: 0ms 
Customers with top balances
sql state = [25P02]cause = [org.postgresql.util.PSQLException: ERROR: restart transaction: TransactionRetryWithProtoRefreshError: WriteTooOldError: write at timestamp 1635609403.866677315,23 too old; wrote at 1635609404.317746904,1: "sql txn" meta={id=41a04597 pri=0.01459736 epo=0 ts=1635609404.317746904,1 min=1635609403.866677315,23 seq=0} lock=true stat=PENDING rts=1635609403.866677315,23 wto=false gul=1635609404.366677315,23
  Hint: See: https://www.cockroachlabs.com/docs/v21.1/transaction-retry-error-reference.html]message = [ERROR: current transaction is aborted, commands ignored until end of transaction block]<34/20000> Tnx T: 2ms 
<35/20000> Tnx N: 0ms 
sql state = [25P02]cause = [org.postgresql.util.PSQLException: ERROR: restart transaction: TransactionRetryWithProtoRefreshError: WriteTooOldError: write at timestamp 1635609403.866677315,23 too old; wrote at 1635609404.317746904,1: "sql txn" meta={id=41a04597 pri=0.01459736 epo=0 ts=1635609404.317746904,1 min=1635609403.866677315,23 seq=0} lock=true stat=PENDING rts=1635609403.866677315,23 wto=false gul=1635609404.366677315,23
  Hint: See: https://www.cockroachlabs.com/docs/v21.1/transaction-retry-error-reference.html]message = [ERROR: current transaction is aborted, commands ignored until end of transaction block]<36/20000> Tnx R: 98ms 
sql state = [25P02]cause = [org.postgresql.util.PSQLException: ERROR: restart transaction: TransactionRetryWithProtoRefreshError: WriteTooOldError: write at timestamp 1635609403.866677315,23 too old; wrote at 1635609404.317746904,1: "sql txn" meta={id=41a04597 pri=0.01459736 epo=0 ts=1635609404.317746904,1 min=1635609403.866677315,23 seq=0} lock=true stat=PENDING rts=1635609403.866677315,23 wto=false gul=1635609404.366677315,23
  Hint: See: https://www.cockroachlabs.com/docs/v21.1/transaction-retry-error-reference.html]message = [ERROR: current transaction is aborted, commands ignored until end of transaction block]<37/20000> Tnx P: 1ms 
<38/20000> Tnx S: 0ms 
Delivery wid:1 carrier:6sql state = [25P02]cause = [org.postgresql.util.PSQLException: ERROR: restart transaction: TransactionRetryWithProtoRefreshError: WriteTooOldError: write at timestamp 1635609403.866677315,23 too old; wrote at 1635609404.317746904,1: "sql txn" meta={id=41a04597 pri=0.01459736 epo=0 ts=1635609404.317746904,1 min=1635609403.866677315,23 seq=0} lock=true stat=PENDING rts=1635609403.866677315,23 wto=false gul=1635609404.366677315,23
  Hint: See: https://www.cockroachlabs.com/docs/v21.1/transaction-retry-error-reference.html]message = [ERROR: current transaction is aborted, commands ignored until end of transaction block]<39/20000> Tnx D: 0ms 
Delivery wid:6 carrier:8sql state = [25P02]cause = [org.postgresql.util.PSQLException: ERROR: restart transaction: TransactionRetryWithProtoRefreshError: WriteTooOldError: write at timestamp 1635609403.866677315,23 too old; wrote at 1635609404.317746904,1: "sql txn" meta={id=41a04597 pri=0.01459736 epo=0 ts=1635609404.317746904,1 min=1635609403.866677315,23 seq=0} lock=true stat=PENDING rts=1635609403.866677315,23 wto=false gul=1635609404.366677315,23
  Hint: See: https://www.cockroachlabs.com/docs/v21.1/transaction-retry-error-reference.html]message = [ERROR: current transaction is aborted, commands ignored until end of transaction block]<40/20000> Tnx D: 0ms 
Delivery wid:8 carrier:7sql state = [25P02]cause = [org.postgresql.util.PSQLException: ERROR: restart transaction: TransactionRetryWithProtoRefreshError: WriteTooOldError: write at timestamp 1635609403.866677315,23 too old; wrote at 1635609404.317746904,1: "sql txn" meta={id=41a04597 pri=0.01459736 epo=0 ts=1635609404.317746904,1 min=1635609403.866677315,23 seq=0} lock=true stat=PENDING rts=1635609403.866677315,23 wto=false gul=1635609404.366677315,23
  Hint: See: https://www.cockroachlabs.com/docs/v21.1/transaction-retry-error-reference.html]message = [ERROR: current transaction is aborted, commands ignored until end of transaction block]<41/20000> Tnx D: 1ms 
<42/20000> Tnx N: 0ms 
<43/20000> Tnx S: 0ms 
<44/20000> Tnx N: 0ms 
<45/20000> Tnx N: 0ms 
<46/20000> Tnx N: 1ms 
sql state = [25P02]cause = [org.postgresql.util.PSQLException: ERROR: restart transaction: TransactionRetryWithProtoRefreshError: WriteTooOldError: write at timestamp 1635609403.866677315,23 too old; wrote at 1635609404.317746904,1: "sql txn" meta={id=41a04597 pri=0.01459736 epo=0 ts=1635609404.317746904,1 min=1635609403.866677315,23 seq=0} lock=true stat=PENDING rts=1635609403.866677315,23 wto=false gul=1635609404.366677315,23
  Hint: See: https://www.cockroachlabs.com/docs/v21.1/transaction-retry-error-reference.html]message = [ERROR: current transaction is aborted, commands ignored until end of transaction block]<47/20000> Tnx P: 0ms 
Delivery wid:6 carrier:8sql state = [25P02]cause = [org.postgresql.util.PSQLException: ERROR: restart transaction: TransactionRetryWithProtoRefreshError: WriteTooOldError: write at timestamp 1635609403.866677315,23 too old; wrote at 1635609404.317746904,1: "sql txn" meta={id=41a04597 pri=0.01459736 epo=0 ts=1635609404.317746904,1 min=1635609403.866677315,23 seq=0} lock=true stat=PENDING rts=1635609403.866677315,23 wto=false gul=1635609404.366677315,23
  Hint: See: https://www.cockroachlabs.com/docs/v21.1/transaction-retry-error-reference.html]message = [ERROR: current transaction is aborted, commands ignored until end of transaction block]<48/20000> Tnx D: 1ms 
<49/20000> Tnx N: 0ms 
sql state = [25P02]cause = [org.postgresql.util.PSQLException: ERROR: restart transaction: TransactionRetryWithProtoRefreshError: WriteTooOldError: write at timestamp 1635609403.866677315,23 too old; wrote at 1635609404.317746904,1: "sql txn" meta={id=41a04597 pri=0.01459736 epo=0 ts=1635609404.317746904,1 min=1635609403.866677315,23 seq=0} lock=true stat=PENDING rts=1635609403.866677315,23 wto=false gul=1635609404.366677315,23
  Hint: See: https://www.cockroachlabs.com/docs/v21.1/transaction-retry-error-reference.html]message = [ERROR: current transaction is aborted, commands ignored until end of transaction block]<50/20000> Tnx P: 0ms 
Delivery wid:6 carrier:9sql state = [25P02]cause = [org.postgresql.util.PSQLException: ERROR: restart transaction: TransactionRetryWithProtoRefreshError: WriteTooOldError: write at timestamp 1635609403.866677315,23 too old; wrote at 1635609404.317746904,1: "sql txn" meta={id=41a04597 pri=0.01459736 epo=0 ts=1635609404.317746904,1 min=1635609403.866677315,23 seq=0} lock=true stat=PENDING rts=1635609403.866677315,23 wto=false gul=1635609404.366677315,23
  Hint: See: https://www.cockroachlabs.com/docs/v21.1/transaction-retry-error-reference.html]message = [ERROR: current transaction is aborted, commands ignored until end of transaction block]<51/20000> Tnx D: 1ms 
<52/20000> Tnx N: 0ms 
<53/20000> Tnx N: 0ms 
<54/20000> Tnx N: 0ms 
<55/20000> Tnx N: 0ms 
sql state = [25P02]cause = [org.postgresql.util.PSQLException: ERROR: restart transaction: TransactionRetryWithProtoRefreshError: WriteTooOldError: write at timestamp 1635609403.866677315,23 too old; wrote at 1635609404.317746904,1: "sql txn" meta={id=41a04597 pri=0.01459736 epo=0 ts=1635609404.317746904,1 min=1635609403.866677315,23 seq=0} lock=true stat=PENDING rts=1635609403.866677315,23 wto=false gul=1635609404.366677315,23
  Hint: See: https://www.cockroachlabs.com/docs/v21.1/transaction-retry-error-reference.html]message = [ERROR: current transaction is aborted, commands ignored until end of transaction block]<56/20000> Tnx P: 0ms 
<57/20000> Tnx N: 0ms 
sql state = [25P02]cause = [org.postgresql.util.PSQLException: ERROR: restart transaction: TransactionRetryWithProtoRefreshError: WriteTooOldError: write at timestamp 1635609403.866677315,23 too old; wrote at 1635609404.317746904,1: "sql txn" meta={id=41a04597 pri=0.01459736 epo=0 ts=1635609404.317746904,1 min=1635609403.866677315,23 seq=0} lock=true stat=PENDING rts=1635609403.866677315,23 wto=false gul=1635609404.366677315,23
  Hint: See: https://www.cockroachlabs.com/docs/v21.1/transaction-retry-error-reference.html]message = [ERROR: current transaction is aborted, commands ignored until end of transaction block]<58/20000> Tnx O: 1ms 
<59/20000> Tnx N: 1ms 
sql state = [25P02]cause = [org.postgresql.util.PSQLException: ERROR: restart transaction: TransactionRetryWithProtoRefreshError: WriteTooOldError: write at timestamp 1635609403.866677315,23 too old; wrote at 1635609404.317746904,1: "sql txn" meta={id=41a04597 pri=0.01459736 epo=0 ts=1635609404.317746904,1 min=1635609403.866677315,23 seq=0} lock=true stat=PENDING rts=1635609403.866677315,23 wto=false gul=1635609404.366677315,23
  Hint: See: https://www.cockroachlabs.com/docs/v21.1/transaction-retry-error-reference.html]message = [ERROR: current transaction is aborted, commands ignored until end of transaction block]<60/20000> Tnx P: 0ms 
<61/20000> Tnx N: 0ms 
Delivery wid:2 carrier:5sql state = [25P02]cause = [org.postgresql.util.PSQLException: ERROR: restart transaction: TransactionRetryWithProtoRefreshError: WriteTooOldError: write at timestamp 1635609403.866677315,23 too old; wrote at 1635609404.317746904,1: "sql txn" meta={id=41a04597 pri=0.01459736 epo=0 ts=1635609404.317746904,1 min=1635609403.866677315,23 seq=0} lock=true stat=PENDING rts=1635609403.866677315,23 wto=false gul=1635609404.366677315,23
  Hint: See: https://www.cockroachlabs.com/docs/v21.1/transaction-retry-error-reference.html]message = [ERROR: current transaction is aborted, commands ignored until end of transaction block]<62/20000> Tnx D: 1ms 
<63/20000> Tnx N: 0ms 
sql state = [25P02]cause = [org.postgresql.util.PSQLException: ERROR: restart transaction: TransactionRetryWithProtoRefreshError: WriteTooOldError: write at timestamp 1635609403.866677315,23 too old; wrote at 1635609404.317746904,1: "sql txn" meta={id=41a04597 pri=0.01459736 epo=0 ts=1635609404.317746904,1 min=1635609403.866677315,23 seq=0} lock=true stat=PENDING rts=1635609403.866677315,23 wto=false gul=1635609404.366677315,23
  Hint: See: https://www.cockroachlabs.com/docs/v21.1/transaction-retry-error-reference.html]message = [ERROR: current transaction is aborted, commands ignored until end of transaction block]<64/20000> Tnx P: 0ms 
sql state = [25P02]cause = [org.postgresql.util.PSQLException: ERROR: restart transaction: TransactionRetryWithProtoRefreshError: WriteTooOldError: write at timestamp 1635609403.866677315,23 too old; wrote at 1635609404.317746904,1: "sql txn" meta={id=41a04597 pri=0.01459736 epo=0 ts=1635609404.317746904,1 min=1635609403.866677315,23 seq=0} lock=true stat=PENDING rts=1635609403.866677315,23 wto=false gul=1635609404.366677315,23
  Hint: See: https://www.cockroachlabs.com/docs/v21.1/transaction-retry-error-reference.html]message = [ERROR: current transaction is aborted, commands ignored until end of transaction block]<65/20000> Tnx P: 1ms 
Customers with top balances
sql state = [25P02]cause = [org.postgresql.util.PSQLException: ERROR: restart transaction: TransactionRetryWithProtoRefreshError: WriteTooOldError: write at timestamp 1635609403.866677315,23 too old; wrote at 1635609404.317746904,1: "sql txn" meta={id=41a04597 pri=0.01459736 epo=0 ts=1635609404.317746904,1 min=1635609403.866677315,23 seq=0} lock=true stat=PENDING rts=1635609403.866677315,23 wto=false gul=1635609404.366677315,23
  Hint: See: https://www.cockroachlabs.com/docs/v21.1/transaction-retry-error-reference.html]message = [ERROR: current transaction is aborted, commands ignored until end of transaction block]<66/20000> Tnx T: 1ms 
<67/20000> Tnx N: 0ms 
Delivery wid:9 carrier:7sql state = [25P02]cause = [org.postgresql.util.PSQLException: ERROR: restart transaction: TransactionRetryWithProtoRefreshError: WriteTooOldError: write at timestamp 1635609403.866677315,23 too old; wrote at 1635609404.317746904,1: "sql txn" meta={id=41a04597 pri=0.01459736 epo=0 ts=1635609404.317746904,1 min=1635609403.866677315,23 seq=0} lock=true stat=PENDING rts=1635609403.866677315,23 wto=false gul=1635609404.366677315,23
  Hint: See: https://www.cockroachlabs.com/docs/v21.1/transaction-retry-error-reference.html]message = [ERROR: current transaction is aborted, commands ignored until end of transaction block]<68/20000> Tnx D: 1ms 
sql state = [25P02]cause = [org.postgresql.util.PSQLException: ERROR: restart transaction: TransactionRetryWithProtoRefreshError: WriteTooOldError: write at timestamp 1635609403.866677315,23 too old; wrote at 1635609404.317746904,1: "sql txn" meta={id=41a04597 pri=0.01459736 epo=0 ts=1635609404.317746904,1 min=1635609403.866677315,23 seq=0} lock=true stat=PENDING rts=1635609403.866677315,23 wto=false gul=1635609404.366677315,23
  Hint: See: https://www.cockroachlabs.com/docs/v21.1/transaction-retry-error-reference.html]message = [ERROR: current transaction is aborted, commands ignored until end of transaction block]<69/20000> Tnx P: 1ms 
<70/20000> Tnx N: 0ms 
sql state = [25P02]cause = [org.postgresql.util.PSQLException: ERROR: restart transaction: TransactionRetryWithProtoRefreshError: WriteTooOldError: write at timestamp 1635609403.866677315,23 too old; wrote at 1635609404.317746904,1: "sql txn" meta={id=41a04597 pri=0.01459736 epo=0 ts=1635609404.317746904,1 min=1635609403.866677315,23 seq=0} lock=true stat=PENDING rts=1635609403.866677315,23 wto=false gul=1635609404.366677315,23
  Hint: See: https://www.cockroachlabs.com/docs/v21.1/transaction-retry-error-reference.html]message = [ERROR: current transaction is aborted, commands ignored until end of transaction block]<71/20000> Tnx I: 6ms 
<72/20000> Tnx N: 0ms 
<73/20000> Tnx N: 0ms 
Delivery wid:3 carrier:10sql state = [25P02]cause = [org.postgresql.util.PSQLException: ERROR: restart transaction: TransactionRetryWithProtoRefreshError: WriteTooOldError: write at timestamp 1635609403.866677315,23 too old; wrote at 1635609404.317746904,1: "sql txn" meta={id=41a04597 pri=0.01459736 epo=0 ts=1635609404.317746904,1 min=1635609403.866677315,23 seq=0} lock=true stat=PENDING rts=1635609403.866677315,23 wto=false gul=1635609404.366677315,23
  Hint: See: https://www.cockroachlabs.com/docs/v21.1/transaction-retry-error-reference.html]message = [ERROR: current transaction is aborted, commands ignored until end of transaction block]<74/20000> Tnx D: 1ms 
<75/20000> Tnx N: 0ms 
sql state = [25P02]cause = [org.postgresql.util.PSQLException: ERROR: restart transaction: TransactionRetryWithProtoRefreshError: WriteTooOldError: write at timestamp 1635609403.866677315,23 too old; wrote at 1635609404.317746904,1: "sql txn" meta={id=41a04597 pri=0.01459736 epo=0 ts=1635609404.317746904,1 min=1635609403.866677315,23 seq=0} lock=true stat=PENDING rts=1635609403.866677315,23 wto=false gul=1635609404.366677315,23
  Hint: See: https://www.cockroachlabs.com/docs/v21.1/transaction-retry-error-reference.html]message = [ERROR: current transaction is aborted, commands ignored until end of transaction block]<76/20000> Tnx P: 1ms 
sql state = [25P02]cause = [org.postgresql.util.PSQLException: ERROR: restart transaction: TransactionRetryWithProtoRefreshError: WriteTooOldError: write at timestamp 1635609403.866677315,23 too old; wrote at 1635609404.317746904,1: "sql txn" meta={id=41a04597 pri=0.01459736 epo=0 ts=1635609404.317746904,1 min=1635609403.866677315,23 seq=0} lock=true stat=PENDING rts=1635609403.866677315,23 wto=false gul=1635609404.366677315,23
  Hint: See: https://www.cockroachlabs.com/docs/v21.1/transaction-retry-error-reference.html]message = [ERROR: current transaction is aborted, commands ignored until end of transaction block]<77/20000> Tnx P: 1ms 
sql state = [25P02]cause = [org.postgresql.util.PSQLException: ERROR: restart transaction: TransactionRetryWithProtoRefreshError: WriteTooOldError: write at timestamp 1635609403.866677315,23 too old; wrote at 1635609404.317746904,1: "sql txn" meta={id=41a04597 pri=0.01459736 epo=0 ts=1635609404.317746904,1 min=1635609403.866677315,23 seq=0} lock=true stat=PENDING rts=1635609403.866677315,23 wto=false gul=1635609404.366677315,23
  Hint: See: https://www.cockroachlabs.com/docs/v21.1/transaction-retry-error-reference.html]message = [ERROR: current transaction is aborted, commands ignored until end of transaction block]<78/20000> Tnx P: 0ms 
<79/20000> Tnx N: 0ms 
<80/20000> Tnx S: 0ms 
Delivery wid:8 carrier:2sql state = [25P02]cause = [org.postgresql.util.PSQLException: ERROR: restart transaction: TransactionRetryWithProtoRefreshError: WriteTooOldError: write at timestamp 1635609403.866677315,23 too old; wrote at 1635609404.317746904,1: "sql txn" meta={id=41a04597 pri=0.01459736 epo=0 ts=1635609404.317746904,1 min=1635609403.866677315,23 seq=0} lock=true stat=PENDING rts=1635609403.866677315,23 wto=false gul=1635609404.366677315,23
  Hint: See: https://www.cockroachlabs.com/docs/v21.1/transaction-retry-error-reference.html]message = [ERROR: current transaction is aborted, commands ignored until end of transaction block]<81/20000> Tnx D: 0ms 
<82/20000> Tnx N: 1ms 
sql state = [25P02]cause = [org.postgresql.util.PSQLException: ERROR: restart transaction: TransactionRetryWithProtoRefreshError: WriteTooOldError: write at timestamp 1635609403.866677315,23 too old; wrote at 1635609404.317746904,1: "sql txn" meta={id=41a04597 pri=0.01459736 epo=0 ts=1635609404.317746904,1 min=1635609403.866677315,23 seq=0} lock=true stat=PENDING rts=1635609403.866677315,23 wto=false gul=1635609404.366677315,23
  Hint: See: https://www.cockroachlabs.com/docs/v21.1/transaction-retry-error-reference.html]message = [ERROR: current transaction is aborted, commands ignored until end of transaction block]<83/20000> Tnx P: 0ms 
Delivery wid:5 carrier:8sql state = [25P02]cause = [org.postgresql.util.PSQLException: ERROR: restart transaction: TransactionRetryWithProtoRefreshError: WriteTooOldError: write at timestamp 1635609403.866677315,23 too old; wrote at 1635609404.317746904,1: "sql txn" meta={id=41a04597 pri=0.01459736 epo=0 ts=1635609404.317746904,1 min=1635609403.866677315,23 seq=0} lock=true stat=PENDING rts=1635609403.866677315,23 wto=false gul=1635609404.366677315,23
  Hint: See: https://www.cockroachlabs.com/docs/v21.1/transaction-retry-error-reference.html]message = [ERROR: current transaction is aborted, commands ignored until end of transaction block]<84/20000> Tnx D: 1ms 
Delivery wid:2 carrier:6sql state = [25P02]cause = [org.postgresql.util.PSQLException: ERROR: restart transaction: TransactionRetryWithProtoRefreshError: WriteTooOldError: write at timestamp 1635609403.866677315,23 too old; wrote at 1635609404.317746904,1: "sql txn" meta={id=41a04597 pri=0.01459736 epo=0 ts=1635609404.317746904,1 min=1635609403.866677315,23 seq=0} lock=true stat=PENDING rts=1635609403.866677315,23 wto=false gul=1635609404.366677315,23
  Hint: See: https://www.cockroachlabs.com/docs/v21.1/transaction-retry-error-reference.html]message = [ERROR: current transaction is aborted, commands ignored until end of transaction block]<85/20000> Tnx D: 1ms 
Customers with top balances
sql state = [25P02]cause = [org.postgresql.util.PSQLException: ERROR: restart transaction: TransactionRetryWithProtoRefreshError: WriteTooOldError: write at timestamp 1635609403.866677315,23 too old; wrote at 1635609404.317746904,1: "sql txn" meta={id=41a04597 pri=0.01459736 epo=0 ts=1635609404.317746904,1 min=1635609403.866677315,23 seq=0} lock=true stat=PENDING rts=1635609403.866677315,23 wto=false gul=1635609404.366677315,23
  Hint: See: https://www.cockroachlabs.com/docs/v21.1/transaction-retry-error-reference.html]message = [ERROR: current transaction is aborted, commands ignored until end of transaction block]<86/20000> Tnx T: 1ms 
Delivery wid:6 carrier:2sql state = [25P02]cause = [org.postgresql.util.PSQLException: ERROR: restart transaction: TransactionRetryWithProtoRefreshError: WriteTooOldError: write at timestamp 1635609403.866677315,23 too old; wrote at 1635609404.317746904,1: "sql txn" meta={id=41a04597 pri=0.01459736 epo=0 ts=1635609404.317746904,1 min=1635609403.866677315,23 seq=0} lock=true stat=PENDING rts=1635609403.866677315,23 wto=false gul=1635609404.366677315,23
  Hint: See: https://www.cockroachlabs.com/docs/v21.1/transaction-retry-error-reference.html]message = [ERROR: current transaction is aborted, commands ignored until end of transaction block]<87/20000> Tnx D: 0ms 
<88/20000> Tnx N: 0ms 
<89/20000> Tnx N: 0ms 
sql state = [25P02]cause = [org.postgresql.util.PSQLException: ERROR: restart transaction: TransactionRetryWithProtoRefreshError: WriteTooOldError: write at timestamp 1635609403.866677315,23 too old; wrote at 1635609404.317746904,1: "sql txn" meta={id=41a04597 pri=0.01459736 epo=0 ts=1635609404.317746904,1 min=1635609403.866677315,23 seq=0} lock=true stat=PENDING rts=1635609403.866677315,23 wto=false gul=1635609404.366677315,23
  Hint: See: https://www.cockroachlabs.com/docs/v21.1/transaction-retry-error-reference.html]message = [ERROR: current transaction is aborted, commands ignored until end of transaction block]<90/20000> Tnx I: 5ms 
sql state = [25P02]cause = [org.postgresql.util.PSQLException: ERROR: restart transaction: TransactionRetryWithProtoRefreshError: WriteTooOldError: write at timestamp 1635609403.866677315,23 too old; wrote at 1635609404.317746904,1: "sql txn" meta={id=41a04597 pri=0.01459736 epo=0 ts=1635609404.317746904,1 min=1635609403.866677315,23 seq=0} lock=true stat=PENDING rts=1635609403.866677315,23 wto=false gul=1635609404.366677315,23
  Hint: See: https://www.cockroachlabs.com/docs/v21.1/transaction-retry-error-reference.html]message = [ERROR: current transaction is aborted, commands ignored until end of transaction block]<91/20000> Tnx P: 1ms 
<92/20000> Tnx N: 0ms 
<93/20000> Tnx N: 0ms 
<94/20000> Tnx N: 0ms 
sql state = [25P02]cause = [org.postgresql.util.PSQLException: ERROR: restart transaction: TransactionRetryWithProtoRefreshError: WriteTooOldError: write at timestamp 1635609403.866677315,23 too old; wrote at 1635609404.317746904,1: "sql txn" meta={id=41a04597 pri=0.01459736 epo=0 ts=1635609404.317746904,1 min=1635609403.866677315,23 seq=0} lock=true stat=PENDING rts=1635609403.866677315,23 wto=false gul=1635609404.366677315,23
  Hint: See: https://www.cockroachlabs.com/docs/v21.1/transaction-retry-error-reference.html]message = [ERROR: current transaction is aborted, commands ignored until end of transaction block]<95/20000> Tnx P: 1ms 
sql state = [25P02]cause = [org.postgresql.util.PSQLException: ERROR: restart transaction: TransactionRetryWithProtoRefreshError: WriteTooOldError: write at timestamp 1635609403.866677315,23 too old; wrote at 1635609404.317746904,1: "sql txn" meta={id=41a04597 pri=0.01459736 epo=0 ts=1635609404.317746904,1 min=1635609403.866677315,23 seq=0} lock=true stat=PENDING rts=1635609403.866677315,23 wto=false gul=1635609404.366677315,23
  Hint: See: https://www.cockroachlabs.com/docs/v21.1/transaction-retry-error-reference.html]message = [ERROR: current transaction is aborted, commands ignored until end of transaction block]<96/20000> Tnx P: 0ms 
<97/20000> Tnx N: 0ms 
<98/20000> Tnx N: 0ms 
Delivery wid:2 carrier:10sql state = [25P02]cause = [org.postgresql.util.PSQLException: ERROR: restart transaction: TransactionRetryWithProtoRefreshError: WriteTooOldError: write at timestamp 1635609403.866677315,23 too old; wrote at 1635609404.317746904,1: "sql txn" meta={id=41a04597 pri=0.01459736 epo=0 ts=1635609404.317746904,1 min=1635609403.866677315,23 seq=0} lock=true stat=PENDING rts=1635609403.866677315,23 wto=false gul=1635609404.366677315,23
  Hint: See: https://www.cockroachlabs.com/docs/v21.1/transaction-retry-error-reference.html]message = [ERROR: current transaction is aborted, commands ignored until end of transaction block]<99/20000> Tnx D: 1ms 
Delivery wid:6 carrier:3sql state = [25P02]cause = [org.postgresql.util.PSQLException: ERROR: restart transaction: TransactionRetryWithProtoRefreshError: WriteTooOldError: write at timestamp 1635609403.866677315,23 too old; wrote at 1635609404.317746904,1: "sql txn" meta={id=41a04597 pri=0.01459736 epo=0 ts=1635609404.317746904,1 min=1635609403.866677315,23 seq=0} lock=true stat=PENDING rts=1635609403.866677315,23 wto=false gul=1635609404.366677315,23
  Hint: See: https://www.cockroachlabs.com/docs/v21.1/transaction-retry-error-reference.html]message = [ERROR: current transaction is aborted, commands ignored until end of transaction block]<100/20000> Tnx D: 0ms 
sql state = [25P02]cause = [org.postgresql.util.PSQLException: ERROR: restart transaction: TransactionRetryWithProtoRefreshError: WriteTooOldError: write at timestamp 1635609403.866677315,23 too old; wrote at 1635609404.317746904,1: "sql txn" meta={id=41a04597 pri=0.01459736 epo=0 ts=1635609404.317746904,1 min=1635609403.866677315,23 seq=0} lock=true stat=PENDING rts=1635609403.866677315,23 wto=false gul=1635609404.366677315,23
  Hint: See: https://www.cockroachlabs.com/docs/v21.1/transaction-retry-error-reference.html]message = [ERROR: current transaction is aborted, commands ignored until end of transaction block]<101/20000> Tnx P: 1ms 
<102/20000> Tnx N: 0ms 
sql state = [25P02]cause = [org.postgresql.util.PSQLException: ERROR: restart transaction: TransactionRetryWithProtoRefreshError: WriteTooOldError: write at timestamp 1635609403.866677315,23 too old; wrote at 1635609404.317746904,1: "sql txn" meta={id=41a04597 pri=0.01459736 epo=0 ts=1635609404.317746904,1 min=1635609403.866677315,23 seq=0} lock=true stat=PENDING rts=1635609403.866677315,23 wto=false gul=1635609404.366677315,23
  Hint: See: https://www.cockroachlabs.com/docs/v21.1/transaction-retry-error-reference.html]message = [ERROR: current transaction is aborted, commands ignored until end of transaction block]<103/20000> Tnx P: 1ms 
<104/20000> Tnx N: 0ms 
<105/20000> Tnx N: 0ms 
sql state = [25P02]cause = [org.postgresql.util.PSQLException: ERROR: restart transaction: TransactionRetryWithProtoRefreshError: WriteTooOldError: write at timestamp 1635609403.866677315,23 too old; wrote at 1635609404.317746904,1: "sql txn" meta={id=41a04597 pri=0.01459736 epo=0 ts=1635609404.317746904,1 min=1635609403.866677315,23 seq=0} lock=true stat=PENDING rts=1635609403.866677315,23 wto=false gul=1635609404.366677315,23
  Hint: See: https://www.cockroachlabs.com/docs/v21.1/transaction-retry-error-reference.html]message = [ERROR: current transaction is aborted, commands ignored until end of transaction block]<106/20000> Tnx P: 1ms 
Delivery wid:9 carrier:3sql state = [25P02]cause = [org.postgresql.util.PSQLException: ERROR: restart transaction: TransactionRetryWithProtoRefreshError: WriteTooOldError: write at timestamp 1635609403.866677315,23 too old; wrote at 1635609404.317746904,1: "sql txn" meta={id=41a04597 pri=0.01459736 epo=0 ts=1635609404.317746904,1 min=1635609403.866677315,23 seq=0} lock=true stat=PENDING rts=1635609403.866677315,23 wto=false gul=1635609404.366677315,23
  Hint: See: https://www.cockroachlabs.com/docs/v21.1/transaction-retry-error-reference.html]message = [ERROR: current transaction is aborted, commands ignored until end of transaction block]<107/20000> Tnx D: 0ms 
<108/20000> Tnx N: 0ms 
<109/20000> Tnx S: 0ms 
sql state = [25P02]cause = [org.postgresql.util.PSQLException: ERROR: restart transaction: TransactionRetryWithProtoRefreshError: WriteTooOldError: write at timestamp 1635609403.866677315,23 too old; wrote at 1635609404.317746904,1: "sql txn" meta={id=41a04597 pri=0.01459736 epo=0 ts=1635609404.317746904,1 min=1635609403.866677315,23 seq=0} lock=true stat=PENDING rts=1635609403.866677315,23 wto=false gul=1635609404.366677315,23
  Hint: See: https://www.cockroachlabs.com/docs/v21.1/transaction-retry-error-reference.html]message = [ERROR: current transaction is aborted, commands ignored until end of transaction block]<110/20000> Tnx P: 0ms 
<111/20000> Tnx N: 1ms 
Delivery wid:9 carrier:6sql state = [25P02]cause = [org.postgresql.util.PSQLException: ERROR: restart transaction: TransactionRetryWithProtoRefreshError: WriteTooOldError: write at timestamp 1635609403.866677315,23 too old; wrote at 1635609404.317746904,1: "sql txn" meta={id=41a04597 pri=0.01459736 epo=0 ts=1635609404.317746904,1 min=1635609403.866677315,23 seq=0} lock=true stat=PENDING rts=1635609403.866677315,23 wto=false gul=1635609404.366677315,23
  Hint: See: https://www.cockroachlabs.com/docs/v21.1/transaction-retry-error-reference.html]message = [ERROR: current transaction is aborted, commands ignored until end of transaction block]<112/20000> Tnx D: 0ms 
<113/20000> Tnx N: 0ms 
Customers with top balances
sql state = [25P02]cause = [org.postgresql.util.PSQLException: ERROR: restart transaction: TransactionRetryWithProtoRefreshError: WriteTooOldError: write at timestamp 1635609403.866677315,23 too old; wrote at 1635609404.317746904,1: "sql txn" meta={id=41a04597 pri=0.01459736 epo=0 ts=1635609404.317746904,1 min=1635609403.866677315,23 seq=0} lock=true stat=PENDING rts=1635609403.866677315,23 wto=false gul=1635609404.366677315,23
  Hint: See: https://www.cockroachlabs.com/docs/v21.1/transaction-retry-error-reference.html]message = [ERROR: current transaction is aborted, commands ignored until end of transaction block]<114/20000> Tnx T: 0ms 
<115/20000> Tnx S: 0ms 
Delivery wid:2 carrier:4sql state = [25P02]cause = [org.postgresql.util.PSQLException: ERROR: restart transaction: TransactionRetryWithProtoRefreshError: WriteTooOldError: write at timestamp 1635609403.866677315,23 too old; wrote at 1635609404.317746904,1: "sql txn" meta={id=41a04597 pri=0.01459736 epo=0 ts=1635609404.317746904,1 min=1635609403.866677315,23 seq=0} lock=true stat=PENDING rts=1635609403.866677315,23 wto=false gul=1635609404.366677315,23
  Hint: See: https://www.cockroachlabs.com/docs/v21.1/transaction-retry-error-reference.html]message = [ERROR: current transaction is aborted, commands ignored until end of transaction block]<116/20000> Tnx D: 0ms 
<117/20000> Tnx N: 0ms 
Delivery wid:10 carrier:4sql state = [25P02]cause = [org.postgresql.util.PSQLException: ERROR: restart transaction: TransactionRetryWithProtoRefreshError: WriteTooOldError: write at timestamp 1635609403.866677315,23 too old; wrote at 1635609404.317746904,1: "sql txn" meta={id=41a04597 pri=0.01459736 epo=0 ts=1635609404.317746904,1 min=1635609403.866677315,23 seq=0} lock=true stat=PENDING rts=1635609403.866677315,23 wto=false gul=1635609404.366677315,23
  Hint: See: https://www.cockroachlabs.com/docs/v21.1/transaction-retry-error-reference.html]message = [ERROR: current transaction is aborted, commands ignored until end of transaction block]<118/20000> Tnx D: 0ms 
<119/20000> Tnx N: 0ms 
sql state = [25P02]cause = [org.postgresql.util.PSQLException: ERROR: restart transaction: TransactionRetryWithProtoRefreshError: WriteTooOldError: write at timestamp 1635609403.866677315,23 too old; wrote at 1635609404.317746904,1: "sql txn" meta={id=41a04597 pri=0.01459736 epo=0 ts=1635609404.317746904,1 min=1635609403.866677315,23 seq=0} lock=true stat=PENDING rts=1635609403.866677315,23 wto=false gul=1635609404.366677315,23
  Hint: See: https://www.cockroachlabs.com/docs/v21.1/transaction-retry-error-reference.html]message = [ERROR: current transaction is aborted, commands ignored until end of transaction block]<120/20000> Tnx P: 0ms 
Delivery wid:2 carrier:1sql state = [25P02]cause = [org.postgresql.util.PSQLException: ERROR: restart transaction: TransactionRetryWithProtoRefreshError: WriteTooOldError: write at timestamp 1635609403.866677315,23 too old; wrote at 1635609404.317746904,1: "sql txn" meta={id=41a04597 pri=0.01459736 epo=0 ts=1635609404.317746904,1 min=1635609403.866677315,23 seq=0} lock=true stat=PENDING rts=1635609403.866677315,23 wto=false gul=1635609404.366677315,23
  Hint: See: https://www.cockroachlabs.com/docs/v21.1/transaction-retry-error-reference.html]message = [ERROR: current transaction is aborted, commands ignored until end of transaction block]<121/20000> Tnx D: 1ms 
<122/20000> Tnx S: 0ms 
sql state = [25P02]cause = [org.postgresql.util.PSQLException: ERROR: restart transaction: TransactionRetryWithProtoRefreshError: WriteTooOldError: write at timestamp 1635609403.866677315,23 too old; wrote at 1635609404.317746904,1: "sql txn" meta={id=41a04597 pri=0.01459736 epo=0 ts=1635609404.317746904,1 min=1635609403.866677315,23 seq=0} lock=true stat=PENDING rts=1635609403.866677315,23 wto=false gul=1635609404.366677315,23
  Hint: See: https://www.cockroachlabs.com/docs/v21.1/transaction-retry-error-reference.html]message = [ERROR: current transaction is aborted, commands ignored until end of transaction block]<123/20000> Tnx P: 0ms 
<124/20000> Tnx N: 0ms 
sql state = [25P02]cause = [org.postgresql.util.PSQLException: ERROR: restart transaction: TransactionRetryWithProtoRefreshError: WriteTooOldError: write at timestamp 1635609403.866677315,23 too old; wrote at 1635609404.317746904,1: "sql txn" meta={id=41a04597 pri=0.01459736 epo=0 ts=1635609404.317746904,1 min=1635609403.866677315,23 seq=0} lock=true stat=PENDING rts=1635609403.866677315,23 wto=false gul=1635609404.366677315,23
  Hint: See: https://www.cockroachlabs.com/docs/v21.1/transaction-retry-error-reference.html]message = [ERROR: current transaction is aborted, commands ignored until end of transaction block]<125/20000> Tnx P: 1ms 
<126/20000> Tnx N: 0ms 
Delivery wid:6 carrier:3sql state = [25P02]cause = [org.postgresql.util.PSQLException: ERROR: restart transaction: TransactionRetryWithProtoRefreshError: WriteTooOldError: write at timestamp 1635609403.866677315,23 too old; wrote at 1635609404.317746904,1: "sql txn" meta={id=41a04597 pri=0.01459736 epo=0 ts=1635609404.317746904,1 min=1635609403.866677315,23 seq=0} lock=true stat=PENDING rts=1635609403.866677315,23 wto=false gul=1635609404.366677315,23
  Hint: See: https://www.cockroachlabs.com/docs/v21.1/transaction-retry-error-reference.html]message = [ERROR: current transaction is aborted, commands ignored until end of transaction block]<127/20000> Tnx D: 1ms 
Delivery wid:2 carrier:1sql state = [25P02]cause = [org.postgresql.util.PSQLException: ERROR: restart transaction: TransactionRetryWithProtoRefreshError: WriteTooOldError: write at timestamp 1635609403.866677315,23 too old; wrote at 1635609404.317746904,1: "sql txn" meta={id=41a04597 pri=0.01459736 epo=0 ts=1635609404.317746904,1 min=1635609403.866677315,23 seq=0} lock=true stat=PENDING rts=1635609403.866677315,23 wto=false gul=1635609404.366677315,23
  Hint: See: https://www.cockroachlabs.com/docs/v21.1/transaction-retry-error-reference.html]message = [ERROR: current transaction is aborted, commands ignored until end of transaction block]<128/20000> Tnx D: 0ms 
sql state = [25P02]cause = [org.postgresql.util.PSQLException: ERROR: restart transaction: TransactionRetryWithProtoRefreshError: WriteTooOldError: write at timestamp 1635609403.866677315,23 too old; wrote at 1635609404.317746904,1: "sql txn" meta={id=41a04597 pri=0.01459736 epo=0 ts=1635609404.317746904,1 min=1635609403.866677315,23 seq=0} lock=true stat=PENDING rts=1635609403.866677315,23 wto=false gul=1635609404.366677315,23
  Hint: See: https://www.cockroachlabs.com/docs/v21.1/transaction-retry-error-reference.html]message = [ERROR: current transaction is aborted, commands ignored until end of transaction block]<129/20000> Tnx P: 1ms 
Delivery wid:3 carrier:4sql state = [25P02]cause = [org.postgresql.util.PSQLException: ERROR: restart transaction: TransactionRetryWithProtoRefreshError: WriteTooOldError: write at timestamp 1635609403.866677315,23 too old; wrote at 1635609404.317746904,1: "sql txn" meta={id=41a04597 pri=0.01459736 epo=0 ts=1635609404.317746904,1 min=1635609403.866677315,23 seq=0} lock=true stat=PENDING rts=1635609403.866677315,23 wto=false gul=1635609404.366677315,23
  Hint: See: https://www.cockroachlabs.com/docs/v21.1/transaction-retry-error-reference.html]message = [ERROR: current transaction is aborted, commands ignored until end of transaction block]<130/20000> Tnx D: 1ms 
<131/20000> Tnx N: 0ms 
<132/20000> Tnx N: 0ms 
Customers with top balances
sql state = [25P02]cause = [org.postgresql.util.PSQLException: ERROR: restart transaction: TransactionRetryWithProtoRefreshError: WriteTooOldError: write at timestamp 1635609403.866677315,23 too old; wrote at 1635609404.317746904,1: "sql txn" meta={id=41a04597 pri=0.01459736 epo=0 ts=1635609404.317746904,1 min=1635609403.866677315,23 seq=0} lock=true stat=PENDING rts=1635609403.866677315,23 wto=false gul=1635609404.366677315,23
  Hint: See: https://www.cockroachlabs.com/docs/v21.1/transaction-retry-error-reference.html]message = [ERROR: current transaction is aborted, commands ignored until end of transaction block]<133/20000> Tnx T: 1ms 
Delivery wid:8 carrier:5sql state = [25P02]cause = [org.postgresql.util.PSQLException: ERROR: restart transaction: TransactionRetryWithProtoRefreshError: WriteTooOldError: write at timestamp 1635609403.866677315,23 too old; wrote at 1635609404.317746904,1: "sql txn" meta={id=41a04597 pri=0.01459736 epo=0 ts=1635609404.317746904,1 min=1635609403.866677315,23 seq=0} lock=true stat=PENDING rts=1635609403.866677315,23 wto=false gul=1635609404.366677315,23
  Hint: See: https://www.cockroachlabs.com/docs/v21.1/transaction-retry-error-reference.html]message = [ERROR: current transaction is aborted, commands ignored until end of transaction block]<134/20000> Tnx D: 1ms 
Delivery wid:4 carrier:5sql state = [25P02]cause = [org.postgresql.util.PSQLException: ERROR: restart transaction: TransactionRetryWithProtoRefreshError: WriteTooOldError: write at timestamp 1635609403.866677315,23 too old; wrote at 1635609404.317746904,1: "sql txn" meta={id=41a04597 pri=0.01459736 epo=0 ts=1635609404.317746904,1 min=1635609403.866677315,23 seq=0} lock=true stat=PENDING rts=1635609403.866677315,23 wto=false gul=1635609404.366677315,23
  Hint: See: https://www.cockroachlabs.com/docs/v21.1/transaction-retry-error-reference.html]message = [ERROR: current transaction is aborted, commands ignored until end of transaction block]<135/20000> Tnx D: 0ms 
sql state = [25P02]cause = [org.postgresql.util.PSQLException: ERROR: restart transaction: TransactionRetryWithProtoRefreshError: WriteTooOldError: write at timestamp 1635609403.866677315,23 too old; wrote at 1635609404.317746904,1: "sql txn" meta={id=41a04597 pri=0.01459736 epo=0 ts=1635609404.317746904,1 min=1635609403.866677315,23 seq=0} lock=true stat=PENDING rts=1635609403.866677315,23 wto=false gul=1635609404.366677315,23
  Hint: See: https://www.cockroachlabs.com/docs/v21.1/transaction-retry-error-reference.html]message = [ERROR: current transaction is aborted, commands ignored until end of transaction block]<136/20000> Tnx P: 1ms 
sql state = [25P02]cause = [org.postgresql.util.PSQLException: ERROR: restart transaction: TransactionRetryWithProtoRefreshError: WriteTooOldError: write at timestamp 1635609403.866677315,23 too old; wrote at 1635609404.317746904,1: "sql txn" meta={id=41a04597 pri=0.01459736 epo=0 ts=1635609404.317746904,1 min=1635609403.866677315,23 seq=0} lock=true stat=PENDING rts=1635609403.866677315,23 wto=false gul=1635609404.366677315,23
  Hint: See: https://www.cockroachlabs.com/docs/v21.1/transaction-retry-error-reference.html]message = [ERROR: current transaction is aborted, commands ignored until end of transaction block]<137/20000> Tnx P: 0ms 
<138/20000> Tnx N: 1ms 
<139/20000> Tnx N: 0ms 
Delivery wid:6 carrier:7sql state = [25P02]cause = [org.postgresql.util.PSQLException: ERROR: restart transaction: TransactionRetryWithProtoRefreshError: WriteTooOldError: write at timestamp 1635609403.866677315,23 too old; wrote at 1635609404.317746904,1: "sql txn" meta={id=41a04597 pri=0.01459736 epo=0 ts=1635609404.317746904,1 min=1635609403.866677315,23 seq=0} lock=true stat=PENDING rts=1635609403.866677315,23 wto=false gul=1635609404.366677315,23
  Hint: See: https://www.cockroachlabs.com/docs/v21.1/transaction-retry-error-reference.html]message = [ERROR: current transaction is aborted, commands ignored until end of transaction block]<140/20000> Tnx D: 0ms 
<141/20000> Tnx N: 1ms 
<142/20000> Tnx S: 0ms 
<143/20000> Tnx S: 0ms 
Customers with top balances
sql state = [25P02]cause = [org.postgresql.util.PSQLException: ERROR: restart transaction: TransactionRetryWithProtoRefreshError: WriteTooOldError: write at timestamp 1635609403.866677315,23 too old; wrote at 1635609404.317746904,1: "sql txn" meta={id=41a04597 pri=0.01459736 epo=0 ts=1635609404.317746904,1 min=1635609403.866677315,23 seq=0} lock=true stat=PENDING rts=1635609403.866677315,23 wto=false gul=1635609404.366677315,23
  Hint: See: https://www.cockroachlabs.com/docs/v21.1/transaction-retry-error-reference.html]message = [ERROR: current transaction is aborted, commands ignored until end of transaction block]<144/20000> Tnx T: 1ms 
Delivery wid:6 carrier:10sql state = [25P02]cause = [org.postgresql.util.PSQLException: ERROR: restart transaction: TransactionRetryWithProtoRefreshError: WriteTooOldError: write at timestamp 1635609403.866677315,23 too old; wrote at 1635609404.317746904,1: "sql txn" meta={id=41a04597 pri=0.01459736 epo=0 ts=1635609404.317746904,1 min=1635609403.866677315,23 seq=0} lock=true stat=PENDING rts=1635609403.866677315,23 wto=false gul=1635609404.366677315,23
  Hint: See: https://www.cockroachlabs.com/docs/v21.1/transaction-retry-error-reference.html]message = [ERROR: current transaction is aborted, commands ignored until end of transaction block]<145/20000> Tnx D: 1ms 
sql state = [25P02]cause = [org.postgresql.util.PSQLException: ERROR: restart transaction: TransactionRetryWithProtoRefreshError: WriteTooOldError: write at timestamp 1635609403.866677315,23 too old; wrote at 1635609404.317746904,1: "sql txn" meta={id=41a04597 pri=0.01459736 epo=0 ts=1635609404.317746904,1 min=1635609403.866677315,23 seq=0} lock=true stat=PENDING rts=1635609403.866677315,23 wto=false gul=1635609404.366677315,23
  Hint: See: https://www.cockroachlabs.com/docs/v21.1/transaction-retry-error-reference.html]message = [ERROR: current transaction is aborted, commands ignored until end of transaction block]<146/20000> Tnx R: 87ms 
Delivery wid:6 carrier:4sql state = [25P02]cause = [org.postgresql.util.PSQLException: ERROR: restart transaction: TransactionRetryWithProtoRefreshError: WriteTooOldError: write at timestamp 1635609403.866677315,23 too old; wrote at 1635609404.317746904,1: "sql txn" meta={id=41a04597 pri=0.01459736 epo=0 ts=1635609404.317746904,1 min=1635609403.866677315,23 seq=0} lock=true stat=PENDING rts=1635609403.866677315,23 wto=false gul=1635609404.366677315,23
  Hint: See: https://www.cockroachlabs.com/docs/v21.1/transaction-retry-error-reference.html]message = [ERROR: current transaction is aborted, commands ignored until end of transaction block]<147/20000> Tnx D: 1ms 
sql state = [25P02]cause = [org.postgresql.util.PSQLException: ERROR: restart transaction: TransactionRetryWithProtoRefreshError: WriteTooOldError: write at timestamp 1635609403.866677315,23 too old; wrote at 1635609404.317746904,1: "sql txn" meta={id=41a04597 pri=0.01459736 epo=0 ts=1635609404.317746904,1 min=1635609403.866677315,23 seq=0} lock=true stat=PENDING rts=1635609403.866677315,23 wto=false gul=1635609404.366677315,23
  Hint: See: https://www.cockroachlabs.com/docs/v21.1/transaction-retry-error-reference.html]message = [ERROR: current transaction is aborted, commands ignored until end of transaction block]<148/20000> Tnx O: 1ms 
<149/20000> Tnx N: 0ms 
Delivery wid:4 carrier:5sql state = [25P02]cause = [org.postgresql.util.PSQLException: ERROR: restart transaction: TransactionRetryWithProtoRefreshError: WriteTooOldError: write at timestamp 1635609403.866677315,23 too old; wrote at 1635609404.317746904,1: "sql txn" meta={id=41a04597 pri=0.01459736 epo=0 ts=1635609404.317746904,1 min=1635609403.866677315,23 seq=0} lock=true stat=PENDING rts=1635609403.866677315,23 wto=false gul=1635609404.366677315,23
  Hint: See: https://www.cockroachlabs.com/docs/v21.1/transaction-retry-error-reference.html]message = [ERROR: current transaction is aborted, commands ignored until end of transaction block]<150/20000> Tnx D: 1ms 
Delivery wid:9 carrier:3sql state = [25P02]cause = [org.postgresql.util.PSQLException: ERROR: restart transaction: TransactionRetryWithProtoRefreshError: WriteTooOldError: write at timestamp 1635609403.866677315,23 too old; wrote at 1635609404.317746904,1: "sql txn" meta={id=41a04597 pri=0.01459736 epo=0 ts=1635609404.317746904,1 min=1635609403.866677315,23 seq=0} lock=true stat=PENDING rts=1635609403.866677315,23 wto=false gul=1635609404.366677315,23
  Hint: See: https://www.cockroachlabs.com/docs/v21.1/transaction-retry-error-reference.html]message = [ERROR: current transaction is aborted, commands ignored until end of transaction block]<151/20000> Tnx D: 0ms 
<152/20000> Tnx N: 1ms 
<153/20000> Tnx N: 0ms 
sql state = [25P02]cause = [org.postgresql.util.PSQLException: ERROR: restart transaction: TransactionRetryWithProtoRefreshError: WriteTooOldError: write at timestamp 1635609403.866677315,23 too old; wrote at 1635609404.317746904,1: "sql txn" meta={id=41a04597 pri=0.01459736 epo=0 ts=1635609404.317746904,1 min=1635609403.866677315,23 seq=0} lock=true stat=PENDING rts=1635609403.866677315,23 wto=false gul=1635609404.366677315,23
  Hint: See: https://www.cockroachlabs.com/docs/v21.1/transaction-retry-error-reference.html]message = [ERROR: current transaction is aborted, commands ignored until end of transaction block]<154/20000> Tnx P: 0ms 
sql state = [25P02]cause = [org.postgresql.util.PSQLException: ERROR: restart transaction: TransactionRetryWithProtoRefreshError: WriteTooOldError: write at timestamp 1635609403.866677315,23 too old; wrote at 1635609404.317746904,1: "sql txn" meta={id=41a04597 pri=0.01459736 epo=0 ts=1635609404.317746904,1 min=1635609403.866677315,23 seq=0} lock=true stat=PENDING rts=1635609403.866677315,23 wto=false gul=1635609404.366677315,23
  Hint: See: https://www.cockroachlabs.com/docs/v21.1/transaction-retry-error-reference.html]message = [ERROR: current transaction is aborted, commands ignored until end of transaction block]<155/20000> Tnx P: 1ms 
<156/20000> Tnx N: 0ms 
sql state = [25P02]cause = [org.postgresql.util.PSQLException: ERROR: restart transaction: TransactionRetryWithProtoRefreshError: WriteTooOldError: write at timestamp 1635609403.866677315,23 too old; wrote at 1635609404.317746904,1: "sql txn" meta={id=41a04597 pri=0.01459736 epo=0 ts=1635609404.317746904,1 min=1635609403.866677315,23 seq=0} lock=true stat=PENDING rts=1635609403.866677315,23 wto=false gul=1635609404.366677315,23
  Hint: See: https://www.cockroachlabs.com/docs/v21.1/transaction-retry-error-reference.html]message = [ERROR: current transaction is aborted, commands ignored until end of transaction block]<157/20000> Tnx O: 1ms 
<158/20000> Tnx N: 0ms 
<159/20000> Tnx N: 0ms 
sql state = [25P02]cause = [org.postgresql.util.PSQLException: ERROR: restart transaction: TransactionRetryWithProtoRefreshError: WriteTooOldError: write at timestamp 1635609403.866677315,23 too old; wrote at 1635609404.317746904,1: "sql txn" meta={id=41a04597 pri=0.01459736 epo=0 ts=1635609404.317746904,1 min=1635609403.866677315,23 seq=0} lock=true stat=PENDING rts=1635609403.866677315,23 wto=false gul=1635609404.366677315,23
  Hint: See: https://www.cockroachlabs.com/docs/v21.1/transaction-retry-error-reference.html]message = [ERROR: current transaction is aborted, commands ignored until end of transaction block]<160/20000> Tnx P: 0ms 
<161/20000> Tnx N: 0ms 
sql state = [25P02]cause = [org.postgresql.util.PSQLException: ERROR: restart transaction: TransactionRetryWithProtoRefreshError: WriteTooOldError: write at timestamp 1635609403.866677315,23 too old; wrote at 1635609404.317746904,1: "sql txn" meta={id=41a04597 pri=0.01459736 epo=0 ts=1635609404.317746904,1 min=1635609403.866677315,23 seq=0} lock=true stat=PENDING rts=1635609403.866677315,23 wto=false gul=1635609404.366677315,23
  Hint: See: https://www.cockroachlabs.com/docs/v21.1/transaction-retry-error-reference.html]message = [ERROR: current transaction is aborted, commands ignored until end of transaction block]<162/20000> Tnx P: 1ms 
sql state = [25P02]cause = [org.postgresql.util.PSQLException: ERROR: restart transaction: TransactionRetryWithProtoRefreshError: WriteTooOldError: write at timestamp 1635609403.866677315,23 too old; wrote at 1635609404.317746904,1: "sql txn" meta={id=41a04597 pri=0.01459736 epo=0 ts=1635609404.317746904,1 min=1635609403.866677315,23 seq=0} lock=true stat=PENDING rts=1635609403.866677315,23 wto=false gul=1635609404.366677315,23
  Hint: See: https://www.cockroachlabs.com/docs/v21.1/transaction-retry-error-reference.html]message = [ERROR: current transaction is aborted, commands ignored until end of transaction block]<163/20000> Tnx P: 0ms 
Customers with top balances
sql state = [25P02]cause = [org.postgresql.util.PSQLException: ERROR: restart transaction: TransactionRetryWithProtoRefreshError: WriteTooOldError: write at timestamp 1635609403.866677315,23 too old; wrote at 1635609404.317746904,1: "sql txn" meta={id=41a04597 pri=0.01459736 epo=0 ts=1635609404.317746904,1 min=1635609403.866677315,23 seq=0} lock=true stat=PENDING rts=1635609403.866677315,23 wto=false gul=1635609404.366677315,23
  Hint: See: https://www.cockroachlabs.com/docs/v21.1/transaction-retry-error-reference.html]message = [ERROR: current transaction is aborted, commands ignored until end of transaction block]<164/20000> Tnx T: 1ms 
Delivery wid:9 carrier:6sql state = [25P02]cause = [org.postgresql.util.PSQLException: ERROR: restart transaction: TransactionRetryWithProtoRefreshError: WriteTooOldError: write at timestamp 1635609403.866677315,23 too old; wrote at 1635609404.317746904,1: "sql txn" meta={id=41a04597 pri=0.01459736 epo=0 ts=1635609404.317746904,1 min=1635609403.866677315,23 seq=0} lock=true stat=PENDING rts=1635609403.866677315,23 wto=false gul=1635609404.366677315,23
  Hint: See: https://www.cockroachlabs.com/docs/v21.1/transaction-retry-error-reference.html]message = [ERROR: current transaction is aborted, commands ignored until end of transaction block]<165/20000> Tnx D: 1ms 
<166/20000> Tnx N: 0ms 
sql state = [25P02]cause = [org.postgresql.util.PSQLException: ERROR: restart transaction: TransactionRetryWithProtoRefreshError: WriteTooOldError: write at timestamp 1635609403.866677315,23 too old; wrote at 1635609404.317746904,1: "sql txn" meta={id=41a04597 pri=0.01459736 epo=0 ts=1635609404.317746904,1 min=1635609403.866677315,23 seq=0} lock=true stat=PENDING rts=1635609403.866677315,23 wto=false gul=1635609404.366677315,23
  Hint: See: https://www.cockroachlabs.com/docs/v21.1/transaction-retry-error-reference.html]message = [ERROR: current transaction is aborted, commands ignored until end of transaction block]<167/20000> Tnx P: 0ms 
<168/20000> Tnx N: 1ms 
<169/20000> Tnx N: 0ms 
<170/20000> Tnx N: 0ms 
sql state = [25P02]cause = [org.postgresql.util.PSQLException: ERROR: restart transaction: TransactionRetryWithProtoRefreshError: WriteTooOldError: write at timestamp 1635609403.866677315,23 too old; wrote at 1635609404.317746904,1: "sql txn" meta={id=41a04597 pri=0.01459736 epo=0 ts=1635609404.317746904,1 min=1635609403.866677315,23 seq=0} lock=true stat=PENDING rts=1635609403.866677315,23 wto=false gul=1635609404.366677315,23
  Hint: See: https://www.cockroachlabs.com/docs/v21.1/transaction-retry-error-reference.html]message = [ERROR: current transaction is aborted, commands ignored until end of transaction block]<171/20000> Tnx O: 1ms 
<172/20000> Tnx S: 0ms 
<173/20000> Tnx N: 0ms 
Delivery wid:7 carrier:7sql state = [25P02]cause = [org.postgresql.util.PSQLException: ERROR: restart transaction: TransactionRetryWithProtoRefreshError: WriteTooOldError: write at timestamp 1635609403.866677315,23 too old; wrote at 1635609404.317746904,1: "sql txn" meta={id=41a04597 pri=0.01459736 epo=0 ts=1635609404.317746904,1 min=1635609403.866677315,23 seq=0} lock=true stat=PENDING rts=1635609403.866677315,23 wto=false gul=1635609404.366677315,23
  Hint: See: https://www.cockroachlabs.com/docs/v21.1/transaction-retry-error-reference.html]message = [ERROR: current transaction is aborted, commands ignored until end of transaction block]<174/20000> Tnx D: 1ms 
<175/20000> Tnx N: 0ms 
sql state = [25P02]cause = [org.postgresql.util.PSQLException: ERROR: restart transaction: TransactionRetryWithProtoRefreshError: WriteTooOldError: write at timestamp 1635609403.866677315,23 too old; wrote at 1635609404.317746904,1: "sql txn" meta={id=41a04597 pri=0.01459736 epo=0 ts=1635609404.317746904,1 min=1635609403.866677315,23 seq=0} lock=true stat=PENDING rts=1635609403.866677315,23 wto=false gul=1635609404.366677315,23
  Hint: See: https://www.cockroachlabs.com/docs/v21.1/transaction-retry-error-reference.html]message = [ERROR: current transaction is aborted, commands ignored until end of transaction block]<176/20000> Tnx P: 0ms 
Customers with top balances
sql state = [25P02]cause = [org.postgresql.util.PSQLException: ERROR: restart transaction: TransactionRetryWithProtoRefreshError: WriteTooOldError: write at timestamp 1635609403.866677315,23 too old; wrote at 1635609404.317746904,1: "sql txn" meta={id=41a04597 pri=0.01459736 epo=0 ts=1635609404.317746904,1 min=1635609403.866677315,23 seq=0} lock=true stat=PENDING rts=1635609403.866677315,23 wto=false gul=1635609404.366677315,23
  Hint: See: https://www.cockroachlabs.com/docs/v21.1/transaction-retry-error-reference.html]message = [ERROR: current transaction is aborted, commands ignored until end of transaction block]<177/20000> Tnx T: 1ms 
<178/20000> Tnx N: 0ms 
<179/20000> Tnx N: 0ms 
Delivery wid:9 carrier:1sql state = [25P02]cause = [org.postgresql.util.PSQLException: ERROR: restart transaction: TransactionRetryWithProtoRefreshError: WriteTooOldError: write at timestamp 1635609403.866677315,23 too old; wrote at 1635609404.317746904,1: "sql txn" meta={id=41a04597 pri=0.01459736 epo=0 ts=1635609404.317746904,1 min=1635609403.866677315,23 seq=0} lock=true stat=PENDING rts=1635609403.866677315,23 wto=false gul=1635609404.366677315,23
  Hint: See: https://www.cockroachlabs.com/docs/v21.1/transaction-retry-error-reference.html]message = [ERROR: current transaction is aborted, commands ignored until end of transaction block]<180/20000> Tnx D: 0ms 
<181/20000> Tnx N: 0ms 
Customers with top balances
sql state = [25P02]cause = [org.postgresql.util.PSQLException: ERROR: restart transaction: TransactionRetryWithProtoRefreshError: WriteTooOldError: write at timestamp 1635609403.866677315,23 too old; wrote at 1635609404.317746904,1: "sql txn" meta={id=41a04597 pri=0.01459736 epo=0 ts=1635609404.317746904,1 min=1635609403.866677315,23 seq=0} lock=true stat=PENDING rts=1635609403.866677315,23 wto=false gul=1635609404.366677315,23
  Hint: See: https://www.cockroachlabs.com/docs/v21.1/transaction-retry-error-reference.html]message = [ERROR: current transaction is aborted, commands ignored until end of transaction block]<182/20000> Tnx T: 1ms 
<183/20000> Tnx N: 0ms 
<184/20000> Tnx N: 0ms 
sql state = [25P02]cause = [org.postgresql.util.PSQLException: ERROR: restart transaction: TransactionRetryWithProtoRefreshError: WriteTooOldError: write at timestamp 1635609403.866677315,23 too old; wrote at 1635609404.317746904,1: "sql txn" meta={id=41a04597 pri=0.01459736 epo=0 ts=1635609404.317746904,1 min=1635609403.866677315,23 seq=0} lock=true stat=PENDING rts=1635609403.866677315,23 wto=false gul=1635609404.366677315,23
  Hint: See: https://www.cockroachlabs.com/docs/v21.1/transaction-retry-error-reference.html]message = [ERROR: current transaction is aborted, commands ignored until end of transaction block]<185/20000> Tnx P: 0ms 
<186/20000> Tnx N: 0ms 
<187/20000> Tnx N: 0ms 
Delivery wid:1 carrier:6sql state = [25P02]cause = [org.postgresql.util.PSQLException: ERROR: restart transaction: TransactionRetryWithProtoRefreshError: WriteTooOldError: write at timestamp 1635609403.866677315,23 too old; wrote at 1635609404.317746904,1: "sql txn" meta={id=41a04597 pri=0.01459736 epo=0 ts=1635609404.317746904,1 min=1635609403.866677315,23 seq=0} lock=true stat=PENDING rts=1635609403.866677315,23 wto=false gul=1635609404.366677315,23
  Hint: See: https://www.cockroachlabs.com/docs/v21.1/transaction-retry-error-reference.html]message = [ERROR: current transaction is aborted, commands ignored until end of transaction block]<188/20000> Tnx D: 1ms 
<189/20000> Tnx N: 0ms 
<190/20000> Tnx N: 0ms 
<191/20000> Tnx N: 0ms 
<192/20000> Tnx N: 0ms 
sql state = [25P02]cause = [org.postgresql.util.PSQLException: ERROR: restart transaction: TransactionRetryWithProtoRefreshError: WriteTooOldError: write at timestamp 1635609403.866677315,23 too old; wrote at 1635609404.317746904,1: "sql txn" meta={id=41a04597 pri=0.01459736 epo=0 ts=1635609404.317746904,1 min=1635609403.866677315,23 seq=0} lock=true stat=PENDING rts=1635609403.866677315,23 wto=false gul=1635609404.366677315,23
  Hint: See: https://www.cockroachlabs.com/docs/v21.1/transaction-retry-error-reference.html]message = [ERROR: current transaction is aborted, commands ignored until end of transaction block]<193/20000> Tnx P: 1ms 
<194/20000> Tnx N: 0ms 
Delivery wid:10 carrier:5sql state = [25P02]cause = [org.postgresql.util.PSQLException: ERROR: restart transaction: TransactionRetryWithProtoRefreshError: WriteTooOldError: write at timestamp 1635609403.866677315,23 too old; wrote at 1635609404.317746904,1: "sql txn" meta={id=41a04597 pri=0.01459736 epo=0 ts=1635609404.317746904,1 min=1635609403.866677315,23 seq=0} lock=true stat=PENDING rts=1635609403.866677315,23 wto=false gul=1635609404.366677315,23
  Hint: See: https://www.cockroachlabs.com/docs/v21.1/transaction-retry-error-reference.html]message = [ERROR: current transaction is aborted, commands ignored until end of transaction block]<195/20000> Tnx D: 0ms 
<196/20000> Tnx N: 0ms 
sql state = [25P02]cause = [org.postgresql.util.PSQLException: ERROR: restart transaction: TransactionRetryWithProtoRefreshError: WriteTooOldError: write at timestamp 1635609403.866677315,23 too old; wrote at 1635609404.317746904,1: "sql txn" meta={id=41a04597 pri=0.01459736 epo=0 ts=1635609404.317746904,1 min=1635609403.866677315,23 seq=0} lock=true stat=PENDING rts=1635609403.866677315,23 wto=false gul=1635609404.366677315,23
  Hint: See: https://www.cockroachlabs.com/docs/v21.1/transaction-retry-error-reference.html]message = [ERROR: current transaction is aborted, commands ignored until end of transaction block]<197/20000> Tnx I: 5ms 
<198/20000> Tnx N: 0ms 
<199/20000> Tnx N: 1ms 
<200/20000> Tnx N: 0ms 
============Statistics============
Total 200 transactions, avg latency 25.090000ms 
Txn P: avg latency 69ms 
Txn R: avg latency 716ms 
Txn S: avg latency 0ms 
Txn T: avg latency 1ms 
Txn D: avg latency 0ms 
Txn I: avg latency 5ms 
Txn N: avg latency 0ms 
Txn O: avg latency 1ms 

