_______________________________Important_Message________________________________

CRYPTOCURRENCY MINING, PASSWORD CRACKING, NETWORK SCANNING prohibited.

NO BACKUP for homedirs. Please do OWN BACKUP. User homedir quota 500G.

LIST of hardware <https://dochub.comp.nus.edu.sg/cf/guides/compute-cluster/hardware>

USE /temp local-to-node storage for faster computation! Remember to SAVE your results!

Reserved till 10 Nov 2021 : xcnd26-29 (CS4225/CS5425)

Reserved 4 Oct - 12 Nov 2021 : xgpf0-9 (CS3244)

Reserved 27 Aug - 19 Nov 2021 : xgpg0-2 (CS4248)

Reserved till 20 Nov 2021 : xcne5-7 (CS2106)

Reserved till 20 Nov 2021 : xcne3-4 (CS3210)

Reserved 20 Sep -  20 Nov 2021 : xgpc0-7, xgpd0-7 (CS3210)

Reserved till 1 Dec 2021 : xcnc1-10,12-17 (TIC4005)

Reserved 23 Aug - 5 Dec 2021 : xcnc20-49, xcnd30-59 (CS4224/CS5424)

Reserved till 5 Dec 2021 : xcnb14 (FYP)

Reserved till 20 Dec 2021 : xgpe2-11 (CS4246/CS5446)

Reserved till 30 Apr 2022 : xgpb1 (FYP)

Reserved till 30 Apr 2022 : xcne0 (CS3213)

Reserved till 4 Dec 2021 : xgpc8 (CS1010S)

Reserved till 26 Nov 2021 : xcne1-2 (CS3103)

Reserved till 30 Nov 2021 : cpga0-2

Reserved till 7 Nov 2021 : xgpg3

Reserved till 30 Nov 2021 : xgpe1, xgpd9

Reserved till 30 Nov 2021 : xgpg7, xgpg8

************************************************************


xgpc and xgpd nodes are now running Ubuntu 20.04 (with CUDA 11.2)
************************************************************

Offline: xcna15, xcnb15, xcnd9, xcnd11, xgpb2, xcne0

--------------------------------------------------------------------------------

/home/stuproj/cs4224c/cs5424-distributed-database-project
Running on host: xcnd30.comp.nus.edu.sg:26267
Ready to read Xact file project_files/xact_files_A/4.txt
<1/20000> Tnx N: 1ms 
<2/20000> Tnx N: 1ms 
<3/20000> Tnx N: 1ms 
<4/20000> Tnx N: 1ms 
Delivery wid:1 carrier:1oid:2105 cid:1480
oid:2105 cid:1406
oid:2105 cid:776
oid:2105 cid:1303
oid:2105 cid:869
oid:2105 cid:2131
oid:2105 cid:2472
oid:2105 cid:2307
oid:2105 cid:660
oid:2105 cid:2633
<5/20000> Tnx D: 226ms 
<6/20000> Tnx N: 1ms 
Customers with top balances
Customer Name: kohyfbjdrxmq OE OUGHTCALLYABLE      	Balance: 131331.34   	Warehouse Name: bwaxabqr  	District Name: ucjqympbt 
Customer Name: vsvrxfawnpmjiae OE OUGHTATIONBAR    	Balance: 121412.55   	Warehouse Name: skktees   	District Name: mzzfwqbe  
Customer Name: ehmumjzgzv OE BARANTIBAR            	Balance: 120876.27   	Warehouse Name: cfljbep   	District Name: xpuvppg   
Customer Name: sgjmrjukgehmyi OE ABLEOUGHTATION    	Balance: 119979.91   	Warehouse Name: skktees   	District Name: xnroyngk  
Customer Name: zybnbeq OE ESEPRESATION             	Balance: 119829.71   	Warehouse Name: qccrxfrr  	District Name: uvtdnx    
Customer Name: rxnoxdb OE ESEANTIPRES              	Balance: 119468.89   	Warehouse Name: amzkoudtw 	District Name: soclwubn  
Customer Name: wcmfgfqa OE BARESEOUGHT             	Balance: 117798.13   	Warehouse Name: qccrxfrr  	District Name: rmmxgdts  
Customer Name: brcferpbcjvaptd OE PRESBARPRES      	Balance: 116537.44   	Warehouse Name: wdjmcbosy 	District Name: dxuadjtoa 
Customer Name: lixhmswlef OE ANTIPRESPRI           	Balance: 116170.37   	Warehouse Name: cfljbep   	District Name: bnsvx     
Customer Name: vcjdrza OE PRESPRESEING             	Balance: 114683.74   	Warehouse Name: amzkoudtw 	District Name: jfxyx     
<7/20000> Tnx T: 442ms 
<8/20000> Tnx N: 0ms 
<9/20000> Tnx N: 0ms 
<10/20000> Tnx N: 1ms 
sql state = [40001]cause = [null]message = [ERROR: restart transaction: TransactionRetryWithProtoRefreshError: WriteTooOldError: write at timestamp 1635609399.070084832,0 too old; wrote at 1635609399.307050966,1: "sql txn" meta={id=295a8eb1 pri=0.05970579 epo=0 ts=1635609399.307050966,1 min=1635609399.070084832,0 seq=0} lock=true stat=PENDING rts=1635609399.070084832,0 wto=false gul=1635609399.570084832,0
  Hint: See: https://www.cockroachlabs.com/docs/v21.1/transaction-retry-error-reference.html]<11/20000> Tnx P: 125ms 
<12/20000> Tnx N: 0ms 
sql state = [25P02]cause = [org.postgresql.util.PSQLException: ERROR: restart transaction: TransactionRetryWithProtoRefreshError: WriteTooOldError: write at timestamp 1635609399.070084832,0 too old; wrote at 1635609399.307050966,1: "sql txn" meta={id=295a8eb1 pri=0.05970579 epo=0 ts=1635609399.307050966,1 min=1635609399.070084832,0 seq=0} lock=true stat=PENDING rts=1635609399.070084832,0 wto=false gul=1635609399.570084832,0
  Hint: See: https://www.cockroachlabs.com/docs/v21.1/transaction-retry-error-reference.html]message = [ERROR: current transaction is aborted, commands ignored until end of transaction block]<13/20000> Tnx P: 1ms 
sql state = [25P02]cause = [org.postgresql.util.PSQLException: ERROR: restart transaction: TransactionRetryWithProtoRefreshError: WriteTooOldError: write at timestamp 1635609399.070084832,0 too old; wrote at 1635609399.307050966,1: "sql txn" meta={id=295a8eb1 pri=0.05970579 epo=0 ts=1635609399.307050966,1 min=1635609399.070084832,0 seq=0} lock=true stat=PENDING rts=1635609399.070084832,0 wto=false gul=1635609399.570084832,0
  Hint: See: https://www.cockroachlabs.com/docs/v21.1/transaction-retry-error-reference.html]message = [ERROR: current transaction is aborted, commands ignored until end of transaction block]<14/20000> Tnx P: 1ms 
sql state = [25P02]cause = [org.postgresql.util.PSQLException: ERROR: restart transaction: TransactionRetryWithProtoRefreshError: WriteTooOldError: write at timestamp 1635609399.070084832,0 too old; wrote at 1635609399.307050966,1: "sql txn" meta={id=295a8eb1 pri=0.05970579 epo=0 ts=1635609399.307050966,1 min=1635609399.070084832,0 seq=0} lock=true stat=PENDING rts=1635609399.070084832,0 wto=false gul=1635609399.570084832,0
  Hint: See: https://www.cockroachlabs.com/docs/v21.1/transaction-retry-error-reference.html]message = [ERROR: current transaction is aborted, commands ignored until end of transaction block]<15/20000> Tnx R: 107ms 
<16/20000> Tnx N: 1ms 
Delivery wid:8 carrier:4sql state = [25P02]cause = [org.postgresql.util.PSQLException: ERROR: restart transaction: TransactionRetryWithProtoRefreshError: WriteTooOldError: write at timestamp 1635609399.070084832,0 too old; wrote at 1635609399.307050966,1: "sql txn" meta={id=295a8eb1 pri=0.05970579 epo=0 ts=1635609399.307050966,1 min=1635609399.070084832,0 seq=0} lock=true stat=PENDING rts=1635609399.070084832,0 wto=false gul=1635609399.570084832,0
  Hint: See: https://www.cockroachlabs.com/docs/v21.1/transaction-retry-error-reference.html]message = [ERROR: current transaction is aborted, commands ignored until end of transaction block]<17/20000> Tnx D: 1ms 
<18/20000> Tnx N: 1ms 
<19/20000> Tnx N: 0ms 
Delivery wid:1 carrier:10sql state = [25P02]cause = [org.postgresql.util.PSQLException: ERROR: restart transaction: TransactionRetryWithProtoRefreshError: WriteTooOldError: write at timestamp 1635609399.070084832,0 too old; wrote at 1635609399.307050966,1: "sql txn" meta={id=295a8eb1 pri=0.05970579 epo=0 ts=1635609399.307050966,1 min=1635609399.070084832,0 seq=0} lock=true stat=PENDING rts=1635609399.070084832,0 wto=false gul=1635609399.570084832,0
  Hint: See: https://www.cockroachlabs.com/docs/v21.1/transaction-retry-error-reference.html]message = [ERROR: current transaction is aborted, commands ignored until end of transaction block]<20/20000> Tnx D: 1ms 
<21/20000> Tnx N: 1ms 
<22/20000> Tnx N: 0ms 
<23/20000> Tnx N: 0ms 
sql state = [25P02]cause = [org.postgresql.util.PSQLException: ERROR: restart transaction: TransactionRetryWithProtoRefreshError: WriteTooOldError: write at timestamp 1635609399.070084832,0 too old; wrote at 1635609399.307050966,1: "sql txn" meta={id=295a8eb1 pri=0.05970579 epo=0 ts=1635609399.307050966,1 min=1635609399.070084832,0 seq=0} lock=true stat=PENDING rts=1635609399.070084832,0 wto=false gul=1635609399.570084832,0
  Hint: See: https://www.cockroachlabs.com/docs/v21.1/transaction-retry-error-reference.html]message = [ERROR: current transaction is aborted, commands ignored until end of transaction block]<24/20000> Tnx I: 7ms 
Delivery wid:10 carrier:1sql state = [25P02]cause = [org.postgresql.util.PSQLException: ERROR: restart transaction: TransactionRetryWithProtoRefreshError: WriteTooOldError: write at timestamp 1635609399.070084832,0 too old; wrote at 1635609399.307050966,1: "sql txn" meta={id=295a8eb1 pri=0.05970579 epo=0 ts=1635609399.307050966,1 min=1635609399.070084832,0 seq=0} lock=true stat=PENDING rts=1635609399.070084832,0 wto=false gul=1635609399.570084832,0
  Hint: See: https://www.cockroachlabs.com/docs/v21.1/transaction-retry-error-reference.html]message = [ERROR: current transaction is aborted, commands ignored until end of transaction block]<25/20000> Tnx D: 0ms 
sql state = [25P02]cause = [org.postgresql.util.PSQLException: ERROR: restart transaction: TransactionRetryWithProtoRefreshError: WriteTooOldError: write at timestamp 1635609399.070084832,0 too old; wrote at 1635609399.307050966,1: "sql txn" meta={id=295a8eb1 pri=0.05970579 epo=0 ts=1635609399.307050966,1 min=1635609399.070084832,0 seq=0} lock=true stat=PENDING rts=1635609399.070084832,0 wto=false gul=1635609399.570084832,0
  Hint: See: https://www.cockroachlabs.com/docs/v21.1/transaction-retry-error-reference.html]message = [ERROR: current transaction is aborted, commands ignored until end of transaction block]<26/20000> Tnx O: 2ms 
<27/20000> Tnx N: 1ms 
<28/20000> Tnx S: 0ms 
<29/20000> Tnx N: 0ms 
<30/20000> Tnx N: 0ms 
<31/20000> Tnx N: 1ms 
<32/20000> Tnx N: 1ms 
sql state = [25P02]cause = [org.postgresql.util.PSQLException: ERROR: restart transaction: TransactionRetryWithProtoRefreshError: WriteTooOldError: write at timestamp 1635609399.070084832,0 too old; wrote at 1635609399.307050966,1: "sql txn" meta={id=295a8eb1 pri=0.05970579 epo=0 ts=1635609399.307050966,1 min=1635609399.070084832,0 seq=0} lock=true stat=PENDING rts=1635609399.070084832,0 wto=false gul=1635609399.570084832,0
  Hint: See: https://www.cockroachlabs.com/docs/v21.1/transaction-retry-error-reference.html]message = [ERROR: current transaction is aborted, commands ignored until end of transaction block]<33/20000> Tnx I: 7ms 
sql state = [25P02]cause = [org.postgresql.util.PSQLException: ERROR: restart transaction: TransactionRetryWithProtoRefreshError: WriteTooOldError: write at timestamp 1635609399.070084832,0 too old; wrote at 1635609399.307050966,1: "sql txn" meta={id=295a8eb1 pri=0.05970579 epo=0 ts=1635609399.307050966,1 min=1635609399.070084832,0 seq=0} lock=true stat=PENDING rts=1635609399.070084832,0 wto=false gul=1635609399.570084832,0
  Hint: See: https://www.cockroachlabs.com/docs/v21.1/transaction-retry-error-reference.html]message = [ERROR: current transaction is aborted, commands ignored until end of transaction block]<34/20000> Tnx P: 1ms 
Delivery wid:4 carrier:2sql state = [25P02]cause = [org.postgresql.util.PSQLException: ERROR: restart transaction: TransactionRetryWithProtoRefreshError: WriteTooOldError: write at timestamp 1635609399.070084832,0 too old; wrote at 1635609399.307050966,1: "sql txn" meta={id=295a8eb1 pri=0.05970579 epo=0 ts=1635609399.307050966,1 min=1635609399.070084832,0 seq=0} lock=true stat=PENDING rts=1635609399.070084832,0 wto=false gul=1635609399.570084832,0
  Hint: See: https://www.cockroachlabs.com/docs/v21.1/transaction-retry-error-reference.html]message = [ERROR: current transaction is aborted, commands ignored until end of transaction block]<35/20000> Tnx D: 1ms 
Delivery wid:2 carrier:9sql state = [25P02]cause = [org.postgresql.util.PSQLException: ERROR: restart transaction: TransactionRetryWithProtoRefreshError: WriteTooOldError: write at timestamp 1635609399.070084832,0 too old; wrote at 1635609399.307050966,1: "sql txn" meta={id=295a8eb1 pri=0.05970579 epo=0 ts=1635609399.307050966,1 min=1635609399.070084832,0 seq=0} lock=true stat=PENDING rts=1635609399.070084832,0 wto=false gul=1635609399.570084832,0
  Hint: See: https://www.cockroachlabs.com/docs/v21.1/transaction-retry-error-reference.html]message = [ERROR: current transaction is aborted, commands ignored until end of transaction block]<36/20000> Tnx D: 1ms 
<37/20000> Tnx N: 0ms 
<38/20000> Tnx S: 0ms 
sql state = [25P02]cause = [org.postgresql.util.PSQLException: ERROR: restart transaction: TransactionRetryWithProtoRefreshError: WriteTooOldError: write at timestamp 1635609399.070084832,0 too old; wrote at 1635609399.307050966,1: "sql txn" meta={id=295a8eb1 pri=0.05970579 epo=0 ts=1635609399.307050966,1 min=1635609399.070084832,0 seq=0} lock=true stat=PENDING rts=1635609399.070084832,0 wto=false gul=1635609399.570084832,0
  Hint: See: https://www.cockroachlabs.com/docs/v21.1/transaction-retry-error-reference.html]message = [ERROR: current transaction is aborted, commands ignored until end of transaction block]<39/20000> Tnx P: 0ms 
<40/20000> Tnx N: 1ms 
<41/20000> Tnx S: 0ms 
Delivery wid:3 carrier:7sql state = [25P02]cause = [org.postgresql.util.PSQLException: ERROR: restart transaction: TransactionRetryWithProtoRefreshError: WriteTooOldError: write at timestamp 1635609399.070084832,0 too old; wrote at 1635609399.307050966,1: "sql txn" meta={id=295a8eb1 pri=0.05970579 epo=0 ts=1635609399.307050966,1 min=1635609399.070084832,0 seq=0} lock=true stat=PENDING rts=1635609399.070084832,0 wto=false gul=1635609399.570084832,0
  Hint: See: https://www.cockroachlabs.com/docs/v21.1/transaction-retry-error-reference.html]message = [ERROR: current transaction is aborted, commands ignored until end of transaction block]<42/20000> Tnx D: 1ms 
Delivery wid:9 carrier:6sql state = [25P02]cause = [org.postgresql.util.PSQLException: ERROR: restart transaction: TransactionRetryWithProtoRefreshError: WriteTooOldError: write at timestamp 1635609399.070084832,0 too old; wrote at 1635609399.307050966,1: "sql txn" meta={id=295a8eb1 pri=0.05970579 epo=0 ts=1635609399.307050966,1 min=1635609399.070084832,0 seq=0} lock=true stat=PENDING rts=1635609399.070084832,0 wto=false gul=1635609399.570084832,0
  Hint: See: https://www.cockroachlabs.com/docs/v21.1/transaction-retry-error-reference.html]message = [ERROR: current transaction is aborted, commands ignored until end of transaction block]<43/20000> Tnx D: 1ms 
Delivery wid:9 carrier:4sql state = [25P02]cause = [org.postgresql.util.PSQLException: ERROR: restart transaction: TransactionRetryWithProtoRefreshError: WriteTooOldError: write at timestamp 1635609399.070084832,0 too old; wrote at 1635609399.307050966,1: "sql txn" meta={id=295a8eb1 pri=0.05970579 epo=0 ts=1635609399.307050966,1 min=1635609399.070084832,0 seq=0} lock=true stat=PENDING rts=1635609399.070084832,0 wto=false gul=1635609399.570084832,0
  Hint: See: https://www.cockroachlabs.com/docs/v21.1/transaction-retry-error-reference.html]message = [ERROR: current transaction is aborted, commands ignored until end of transaction block]<44/20000> Tnx D: 1ms 
sql state = [25P02]cause = [org.postgresql.util.PSQLException: ERROR: restart transaction: TransactionRetryWithProtoRefreshError: WriteTooOldError: write at timestamp 1635609399.070084832,0 too old; wrote at 1635609399.307050966,1: "sql txn" meta={id=295a8eb1 pri=0.05970579 epo=0 ts=1635609399.307050966,1 min=1635609399.070084832,0 seq=0} lock=true stat=PENDING rts=1635609399.070084832,0 wto=false gul=1635609399.570084832,0
  Hint: See: https://www.cockroachlabs.com/docs/v21.1/transaction-retry-error-reference.html]message = [ERROR: current transaction is aborted, commands ignored until end of transaction block]<45/20000> Tnx P: 1ms 
sql state = [25P02]cause = [org.postgresql.util.PSQLException: ERROR: restart transaction: TransactionRetryWithProtoRefreshError: WriteTooOldError: write at timestamp 1635609399.070084832,0 too old; wrote at 1635609399.307050966,1: "sql txn" meta={id=295a8eb1 pri=0.05970579 epo=0 ts=1635609399.307050966,1 min=1635609399.070084832,0 seq=0} lock=true stat=PENDING rts=1635609399.070084832,0 wto=false gul=1635609399.570084832,0
  Hint: See: https://www.cockroachlabs.com/docs/v21.1/transaction-retry-error-reference.html]message = [ERROR: current transaction is aborted, commands ignored until end of transaction block]<46/20000> Tnx P: 1ms 
Customers with top balances
sql state = [25P02]cause = [org.postgresql.util.PSQLException: ERROR: restart transaction: TransactionRetryWithProtoRefreshError: WriteTooOldError: write at timestamp 1635609399.070084832,0 too old; wrote at 1635609399.307050966,1: "sql txn" meta={id=295a8eb1 pri=0.05970579 epo=0 ts=1635609399.307050966,1 min=1635609399.070084832,0 seq=0} lock=true stat=PENDING rts=1635609399.070084832,0 wto=false gul=1635609399.570084832,0
  Hint: See: https://www.cockroachlabs.com/docs/v21.1/transaction-retry-error-reference.html]message = [ERROR: current transaction is aborted, commands ignored until end of transaction block]<47/20000> Tnx T: 1ms 
<48/20000> Tnx S: 0ms 
Delivery wid:2 carrier:4sql state = [25P02]cause = [org.postgresql.util.PSQLException: ERROR: restart transaction: TransactionRetryWithProtoRefreshError: WriteTooOldError: write at timestamp 1635609399.070084832,0 too old; wrote at 1635609399.307050966,1: "sql txn" meta={id=295a8eb1 pri=0.05970579 epo=0 ts=1635609399.307050966,1 min=1635609399.070084832,0 seq=0} lock=true stat=PENDING rts=1635609399.070084832,0 wto=false gul=1635609399.570084832,0
  Hint: See: https://www.cockroachlabs.com/docs/v21.1/transaction-retry-error-reference.html]message = [ERROR: current transaction is aborted, commands ignored until end of transaction block]<49/20000> Tnx D: 1ms 
Customers with top balances
sql state = [25P02]cause = [org.postgresql.util.PSQLException: ERROR: restart transaction: TransactionRetryWithProtoRefreshError: WriteTooOldError: write at timestamp 1635609399.070084832,0 too old; wrote at 1635609399.307050966,1: "sql txn" meta={id=295a8eb1 pri=0.05970579 epo=0 ts=1635609399.307050966,1 min=1635609399.070084832,0 seq=0} lock=true stat=PENDING rts=1635609399.070084832,0 wto=false gul=1635609399.570084832,0
  Hint: See: https://www.cockroachlabs.com/docs/v21.1/transaction-retry-error-reference.html]message = [ERROR: current transaction is aborted, commands ignored until end of transaction block]<50/20000> Tnx T: 1ms 
<51/20000> Tnx N: 1ms 
<52/20000> Tnx N: 0ms 
Delivery wid:3 carrier:10sql state = [25P02]cause = [org.postgresql.util.PSQLException: ERROR: restart transaction: TransactionRetryWithProtoRefreshError: WriteTooOldError: write at timestamp 1635609399.070084832,0 too old; wrote at 1635609399.307050966,1: "sql txn" meta={id=295a8eb1 pri=0.05970579 epo=0 ts=1635609399.307050966,1 min=1635609399.070084832,0 seq=0} lock=true stat=PENDING rts=1635609399.070084832,0 wto=false gul=1635609399.570084832,0
  Hint: See: https://www.cockroachlabs.com/docs/v21.1/transaction-retry-error-reference.html]message = [ERROR: current transaction is aborted, commands ignored until end of transaction block]<53/20000> Tnx D: 1ms 
sql state = [25P02]cause = [org.postgresql.util.PSQLException: ERROR: restart transaction: TransactionRetryWithProtoRefreshError: WriteTooOldError: write at timestamp 1635609399.070084832,0 too old; wrote at 1635609399.307050966,1: "sql txn" meta={id=295a8eb1 pri=0.05970579 epo=0 ts=1635609399.307050966,1 min=1635609399.070084832,0 seq=0} lock=true stat=PENDING rts=1635609399.070084832,0 wto=false gul=1635609399.570084832,0
  Hint: See: https://www.cockroachlabs.com/docs/v21.1/transaction-retry-error-reference.html]message = [ERROR: current transaction is aborted, commands ignored until end of transaction block]<54/20000> Tnx P: 0ms 
sql state = [25P02]cause = [org.postgresql.util.PSQLException: ERROR: restart transaction: TransactionRetryWithProtoRefreshError: WriteTooOldError: write at timestamp 1635609399.070084832,0 too old; wrote at 1635609399.307050966,1: "sql txn" meta={id=295a8eb1 pri=0.05970579 epo=0 ts=1635609399.307050966,1 min=1635609399.070084832,0 seq=0} lock=true stat=PENDING rts=1635609399.070084832,0 wto=false gul=1635609399.570084832,0
  Hint: See: https://www.cockroachlabs.com/docs/v21.1/transaction-retry-error-reference.html]message = [ERROR: current transaction is aborted, commands ignored until end of transaction block]<55/20000> Tnx P: 0ms 
<56/20000> Tnx N: 0ms 
<57/20000> Tnx S: 0ms 
sql state = [25P02]cause = [org.postgresql.util.PSQLException: ERROR: restart transaction: TransactionRetryWithProtoRefreshError: WriteTooOldError: write at timestamp 1635609399.070084832,0 too old; wrote at 1635609399.307050966,1: "sql txn" meta={id=295a8eb1 pri=0.05970579 epo=0 ts=1635609399.307050966,1 min=1635609399.070084832,0 seq=0} lock=true stat=PENDING rts=1635609399.070084832,0 wto=false gul=1635609399.570084832,0
  Hint: See: https://www.cockroachlabs.com/docs/v21.1/transaction-retry-error-reference.html]message = [ERROR: current transaction is aborted, commands ignored until end of transaction block]<58/20000> Tnx P: 0ms 
<59/20000> Tnx N: 1ms 
<60/20000> Tnx N: 0ms 
<61/20000> Tnx N: 0ms 
sql state = [25P02]cause = [org.postgresql.util.PSQLException: ERROR: restart transaction: TransactionRetryWithProtoRefreshError: WriteTooOldError: write at timestamp 1635609399.070084832,0 too old; wrote at 1635609399.307050966,1: "sql txn" meta={id=295a8eb1 pri=0.05970579 epo=0 ts=1635609399.307050966,1 min=1635609399.070084832,0 seq=0} lock=true stat=PENDING rts=1635609399.070084832,0 wto=false gul=1635609399.570084832,0
  Hint: See: https://www.cockroachlabs.com/docs/v21.1/transaction-retry-error-reference.html]message = [ERROR: current transaction is aborted, commands ignored until end of transaction block]<62/20000> Tnx P: 0ms 
Delivery wid:9 carrier:3sql state = [25P02]cause = [org.postgresql.util.PSQLException: ERROR: restart transaction: TransactionRetryWithProtoRefreshError: WriteTooOldError: write at timestamp 1635609399.070084832,0 too old; wrote at 1635609399.307050966,1: "sql txn" meta={id=295a8eb1 pri=0.05970579 epo=0 ts=1635609399.307050966,1 min=1635609399.070084832,0 seq=0} lock=true stat=PENDING rts=1635609399.070084832,0 wto=false gul=1635609399.570084832,0
  Hint: See: https://www.cockroachlabs.com/docs/v21.1/transaction-retry-error-reference.html]message = [ERROR: current transaction is aborted, commands ignored until end of transaction block]<63/20000> Tnx D: 1ms 
sql state = [25P02]cause = [org.postgresql.util.PSQLException: ERROR: restart transaction: TransactionRetryWithProtoRefreshError: WriteTooOldError: write at timestamp 1635609399.070084832,0 too old; wrote at 1635609399.307050966,1: "sql txn" meta={id=295a8eb1 pri=0.05970579 epo=0 ts=1635609399.307050966,1 min=1635609399.070084832,0 seq=0} lock=true stat=PENDING rts=1635609399.070084832,0 wto=false gul=1635609399.570084832,0
  Hint: See: https://www.cockroachlabs.com/docs/v21.1/transaction-retry-error-reference.html]message = [ERROR: current transaction is aborted, commands ignored until end of transaction block]<64/20000> Tnx P: 1ms 
Customers with top balances
sql state = [25P02]cause = [org.postgresql.util.PSQLException: ERROR: restart transaction: TransactionRetryWithProtoRefreshError: WriteTooOldError: write at timestamp 1635609399.070084832,0 too old; wrote at 1635609399.307050966,1: "sql txn" meta={id=295a8eb1 pri=0.05970579 epo=0 ts=1635609399.307050966,1 min=1635609399.070084832,0 seq=0} lock=true stat=PENDING rts=1635609399.070084832,0 wto=false gul=1635609399.570084832,0
  Hint: See: https://www.cockroachlabs.com/docs/v21.1/transaction-retry-error-reference.html]message = [ERROR: current transaction is aborted, commands ignored until end of transaction block]<65/20000> Tnx T: 1ms 
<66/20000> Tnx N: 0ms 
sql state = [25P02]cause = [org.postgresql.util.PSQLException: ERROR: restart transaction: TransactionRetryWithProtoRefreshError: WriteTooOldError: write at timestamp 1635609399.070084832,0 too old; wrote at 1635609399.307050966,1: "sql txn" meta={id=295a8eb1 pri=0.05970579 epo=0 ts=1635609399.307050966,1 min=1635609399.070084832,0 seq=0} lock=true stat=PENDING rts=1635609399.070084832,0 wto=false gul=1635609399.570084832,0
  Hint: See: https://www.cockroachlabs.com/docs/v21.1/transaction-retry-error-reference.html]message = [ERROR: current transaction is aborted, commands ignored until end of transaction block]<67/20000> Tnx O: 2ms 
<68/20000> Tnx N: 0ms 
sql state = [25P02]cause = [org.postgresql.util.PSQLException: ERROR: restart transaction: TransactionRetryWithProtoRefreshError: WriteTooOldError: write at timestamp 1635609399.070084832,0 too old; wrote at 1635609399.307050966,1: "sql txn" meta={id=295a8eb1 pri=0.05970579 epo=0 ts=1635609399.307050966,1 min=1635609399.070084832,0 seq=0} lock=true stat=PENDING rts=1635609399.070084832,0 wto=false gul=1635609399.570084832,0
  Hint: See: https://www.cockroachlabs.com/docs/v21.1/transaction-retry-error-reference.html]message = [ERROR: current transaction is aborted, commands ignored until end of transaction block]<69/20000> Tnx I: 7ms 
Delivery wid:2 carrier:2sql state = [25P02]cause = [org.postgresql.util.PSQLException: ERROR: restart transaction: TransactionRetryWithProtoRefreshError: WriteTooOldError: write at timestamp 1635609399.070084832,0 too old; wrote at 1635609399.307050966,1: "sql txn" meta={id=295a8eb1 pri=0.05970579 epo=0 ts=1635609399.307050966,1 min=1635609399.070084832,0 seq=0} lock=true stat=PENDING rts=1635609399.070084832,0 wto=false gul=1635609399.570084832,0
  Hint: See: https://www.cockroachlabs.com/docs/v21.1/transaction-retry-error-reference.html]message = [ERROR: current transaction is aborted, commands ignored until end of transaction block]<70/20000> Tnx D: 1ms 
sql state = [25P02]cause = [org.postgresql.util.PSQLException: ERROR: restart transaction: TransactionRetryWithProtoRefreshError: WriteTooOldError: write at timestamp 1635609399.070084832,0 too old; wrote at 1635609399.307050966,1: "sql txn" meta={id=295a8eb1 pri=0.05970579 epo=0 ts=1635609399.307050966,1 min=1635609399.070084832,0 seq=0} lock=true stat=PENDING rts=1635609399.070084832,0 wto=false gul=1635609399.570084832,0
  Hint: See: https://www.cockroachlabs.com/docs/v21.1/transaction-retry-error-reference.html]message = [ERROR: current transaction is aborted, commands ignored until end of transaction block]<71/20000> Tnx R: 98ms 
Delivery wid:6 carrier:4sql state = [25P02]cause = [org.postgresql.util.PSQLException: ERROR: restart transaction: TransactionRetryWithProtoRefreshError: WriteTooOldError: write at timestamp 1635609399.070084832,0 too old; wrote at 1635609399.307050966,1: "sql txn" meta={id=295a8eb1 pri=0.05970579 epo=0 ts=1635609399.307050966,1 min=1635609399.070084832,0 seq=0} lock=true stat=PENDING rts=1635609399.070084832,0 wto=false gul=1635609399.570084832,0
  Hint: See: https://www.cockroachlabs.com/docs/v21.1/transaction-retry-error-reference.html]message = [ERROR: current transaction is aborted, commands ignored until end of transaction block]<72/20000> Tnx D: 1ms 
<73/20000> Tnx N: 0ms 
<74/20000> Tnx N: 0ms 
sql state = [25P02]cause = [org.postgresql.util.PSQLException: ERROR: restart transaction: TransactionRetryWithProtoRefreshError: WriteTooOldError: write at timestamp 1635609399.070084832,0 too old; wrote at 1635609399.307050966,1: "sql txn" meta={id=295a8eb1 pri=0.05970579 epo=0 ts=1635609399.307050966,1 min=1635609399.070084832,0 seq=0} lock=true stat=PENDING rts=1635609399.070084832,0 wto=false gul=1635609399.570084832,0
  Hint: See: https://www.cockroachlabs.com/docs/v21.1/transaction-retry-error-reference.html]message = [ERROR: current transaction is aborted, commands ignored until end of transaction block]<75/20000> Tnx P: 1ms 
Customers with top balances
sql state = [25P02]cause = [org.postgresql.util.PSQLException: ERROR: restart transaction: TransactionRetryWithProtoRefreshError: WriteTooOldError: write at timestamp 1635609399.070084832,0 too old; wrote at 1635609399.307050966,1: "sql txn" meta={id=295a8eb1 pri=0.05970579 epo=0 ts=1635609399.307050966,1 min=1635609399.070084832,0 seq=0} lock=true stat=PENDING rts=1635609399.070084832,0 wto=false gul=1635609399.570084832,0
  Hint: See: https://www.cockroachlabs.com/docs/v21.1/transaction-retry-error-reference.html]message = [ERROR: current transaction is aborted, commands ignored until end of transaction block]<76/20000> Tnx T: 1ms 
sql state = [25P02]cause = [org.postgresql.util.PSQLException: ERROR: restart transaction: TransactionRetryWithProtoRefreshError: WriteTooOldError: write at timestamp 1635609399.070084832,0 too old; wrote at 1635609399.307050966,1: "sql txn" meta={id=295a8eb1 pri=0.05970579 epo=0 ts=1635609399.307050966,1 min=1635609399.070084832,0 seq=0} lock=true stat=PENDING rts=1635609399.070084832,0 wto=false gul=1635609399.570084832,0
  Hint: See: https://www.cockroachlabs.com/docs/v21.1/transaction-retry-error-reference.html]message = [ERROR: current transaction is aborted, commands ignored until end of transaction block]<77/20000> Tnx P: 0ms 
<78/20000> Tnx N: 0ms 
sql state = [25P02]cause = [org.postgresql.util.PSQLException: ERROR: restart transaction: TransactionRetryWithProtoRefreshError: WriteTooOldError: write at timestamp 1635609399.070084832,0 too old; wrote at 1635609399.307050966,1: "sql txn" meta={id=295a8eb1 pri=0.05970579 epo=0 ts=1635609399.307050966,1 min=1635609399.070084832,0 seq=0} lock=true stat=PENDING rts=1635609399.070084832,0 wto=false gul=1635609399.570084832,0
  Hint: See: https://www.cockroachlabs.com/docs/v21.1/transaction-retry-error-reference.html]message = [ERROR: current transaction is aborted, commands ignored until end of transaction block]<79/20000> Tnx P: 1ms 
Delivery wid:6 carrier:2sql state = [25P02]cause = [org.postgresql.util.PSQLException: ERROR: restart transaction: TransactionRetryWithProtoRefreshError: WriteTooOldError: write at timestamp 1635609399.070084832,0 too old; wrote at 1635609399.307050966,1: "sql txn" meta={id=295a8eb1 pri=0.05970579 epo=0 ts=1635609399.307050966,1 min=1635609399.070084832,0 seq=0} lock=true stat=PENDING rts=1635609399.070084832,0 wto=false gul=1635609399.570084832,0
  Hint: See: https://www.cockroachlabs.com/docs/v21.1/transaction-retry-error-reference.html]message = [ERROR: current transaction is aborted, commands ignored until end of transaction block]<80/20000> Tnx D: 0ms 
sql state = [25P02]cause = [org.postgresql.util.PSQLException: ERROR: restart transaction: TransactionRetryWithProtoRefreshError: WriteTooOldError: write at timestamp 1635609399.070084832,0 too old; wrote at 1635609399.307050966,1: "sql txn" meta={id=295a8eb1 pri=0.05970579 epo=0 ts=1635609399.307050966,1 min=1635609399.070084832,0 seq=0} lock=true stat=PENDING rts=1635609399.070084832,0 wto=false gul=1635609399.570084832,0
  Hint: See: https://www.cockroachlabs.com/docs/v21.1/transaction-retry-error-reference.html]message = [ERROR: current transaction is aborted, commands ignored until end of transaction block]<81/20000> Tnx P: 1ms 
sql state = [25P02]cause = [org.postgresql.util.PSQLException: ERROR: restart transaction: TransactionRetryWithProtoRefreshError: WriteTooOldError: write at timestamp 1635609399.070084832,0 too old; wrote at 1635609399.307050966,1: "sql txn" meta={id=295a8eb1 pri=0.05970579 epo=0 ts=1635609399.307050966,1 min=1635609399.070084832,0 seq=0} lock=true stat=PENDING rts=1635609399.070084832,0 wto=false gul=1635609399.570084832,0
  Hint: See: https://www.cockroachlabs.com/docs/v21.1/transaction-retry-error-reference.html]message = [ERROR: current transaction is aborted, commands ignored until end of transaction block]<82/20000> Tnx I: 6ms 
sql state = [25P02]cause = [org.postgresql.util.PSQLException: ERROR: restart transaction: TransactionRetryWithProtoRefreshError: WriteTooOldError: write at timestamp 1635609399.070084832,0 too old; wrote at 1635609399.307050966,1: "sql txn" meta={id=295a8eb1 pri=0.05970579 epo=0 ts=1635609399.307050966,1 min=1635609399.070084832,0 seq=0} lock=true stat=PENDING rts=1635609399.070084832,0 wto=false gul=1635609399.570084832,0
  Hint: See: https://www.cockroachlabs.com/docs/v21.1/transaction-retry-error-reference.html]message = [ERROR: current transaction is aborted, commands ignored until end of transaction block]<83/20000> Tnx P: 0ms 
Delivery wid:2 carrier:9sql state = [25P02]cause = [org.postgresql.util.PSQLException: ERROR: restart transaction: TransactionRetryWithProtoRefreshError: WriteTooOldError: write at timestamp 1635609399.070084832,0 too old; wrote at 1635609399.307050966,1: "sql txn" meta={id=295a8eb1 pri=0.05970579 epo=0 ts=1635609399.307050966,1 min=1635609399.070084832,0 seq=0} lock=true stat=PENDING rts=1635609399.070084832,0 wto=false gul=1635609399.570084832,0
  Hint: See: https://www.cockroachlabs.com/docs/v21.1/transaction-retry-error-reference.html]message = [ERROR: current transaction is aborted, commands ignored until end of transaction block]<84/20000> Tnx D: 1ms 
<85/20000> Tnx N: 0ms 
sql state = [25P02]cause = [org.postgresql.util.PSQLException: ERROR: restart transaction: TransactionRetryWithProtoRefreshError: WriteTooOldError: write at timestamp 1635609399.070084832,0 too old; wrote at 1635609399.307050966,1: "sql txn" meta={id=295a8eb1 pri=0.05970579 epo=0 ts=1635609399.307050966,1 min=1635609399.070084832,0 seq=0} lock=true stat=PENDING rts=1635609399.070084832,0 wto=false gul=1635609399.570084832,0
  Hint: See: https://www.cockroachlabs.com/docs/v21.1/transaction-retry-error-reference.html]message = [ERROR: current transaction is aborted, commands ignored until end of transaction block]<86/20000> Tnx I: 5ms 
Delivery wid:10 carrier:6sql state = [25P02]cause = [org.postgresql.util.PSQLException: ERROR: restart transaction: TransactionRetryWithProtoRefreshError: WriteTooOldError: write at timestamp 1635609399.070084832,0 too old; wrote at 1635609399.307050966,1: "sql txn" meta={id=295a8eb1 pri=0.05970579 epo=0 ts=1635609399.307050966,1 min=1635609399.070084832,0 seq=0} lock=true stat=PENDING rts=1635609399.070084832,0 wto=false gul=1635609399.570084832,0
  Hint: See: https://www.cockroachlabs.com/docs/v21.1/transaction-retry-error-reference.html]message = [ERROR: current transaction is aborted, commands ignored until end of transaction block]<87/20000> Tnx D: 0ms 
<88/20000> Tnx N: 1ms 
Customers with top balances
sql state = [25P02]cause = [org.postgresql.util.PSQLException: ERROR: restart transaction: TransactionRetryWithProtoRefreshError: WriteTooOldError: write at timestamp 1635609399.070084832,0 too old; wrote at 1635609399.307050966,1: "sql txn" meta={id=295a8eb1 pri=0.05970579 epo=0 ts=1635609399.307050966,1 min=1635609399.070084832,0 seq=0} lock=true stat=PENDING rts=1635609399.070084832,0 wto=false gul=1635609399.570084832,0
  Hint: See: https://www.cockroachlabs.com/docs/v21.1/transaction-retry-error-reference.html]message = [ERROR: current transaction is aborted, commands ignored until end of transaction block]<89/20000> Tnx T: 1ms 
sql state = [25P02]cause = [org.postgresql.util.PSQLException: ERROR: restart transaction: TransactionRetryWithProtoRefreshError: WriteTooOldError: write at timestamp 1635609399.070084832,0 too old; wrote at 1635609399.307050966,1: "sql txn" meta={id=295a8eb1 pri=0.05970579 epo=0 ts=1635609399.307050966,1 min=1635609399.070084832,0 seq=0} lock=true stat=PENDING rts=1635609399.070084832,0 wto=false gul=1635609399.570084832,0
  Hint: See: https://www.cockroachlabs.com/docs/v21.1/transaction-retry-error-reference.html]message = [ERROR: current transaction is aborted, commands ignored until end of transaction block]<90/20000> Tnx P: 0ms 
sql state = [25P02]cause = [org.postgresql.util.PSQLException: ERROR: restart transaction: TransactionRetryWithProtoRefreshError: WriteTooOldError: write at timestamp 1635609399.070084832,0 too old; wrote at 1635609399.307050966,1: "sql txn" meta={id=295a8eb1 pri=0.05970579 epo=0 ts=1635609399.307050966,1 min=1635609399.070084832,0 seq=0} lock=true stat=PENDING rts=1635609399.070084832,0 wto=false gul=1635609399.570084832,0
  Hint: See: https://www.cockroachlabs.com/docs/v21.1/transaction-retry-error-reference.html]message = [ERROR: current transaction is aborted, commands ignored until end of transaction block]<91/20000> Tnx P: 1ms 
<92/20000> Tnx N: 0ms 
<93/20000> Tnx N: 0ms 
<94/20000> Tnx N: 0ms 
Delivery wid:6 carrier:10sql state = [25P02]cause = [org.postgresql.util.PSQLException: ERROR: restart transaction: TransactionRetryWithProtoRefreshError: WriteTooOldError: write at timestamp 1635609399.070084832,0 too old; wrote at 1635609399.307050966,1: "sql txn" meta={id=295a8eb1 pri=0.05970579 epo=0 ts=1635609399.307050966,1 min=1635609399.070084832,0 seq=0} lock=true stat=PENDING rts=1635609399.070084832,0 wto=false gul=1635609399.570084832,0
  Hint: See: https://www.cockroachlabs.com/docs/v21.1/transaction-retry-error-reference.html]message = [ERROR: current transaction is aborted, commands ignored until end of transaction block]<95/20000> Tnx D: 1ms 
sql state = [25P02]cause = [org.postgresql.util.PSQLException: ERROR: restart transaction: TransactionRetryWithProtoRefreshError: WriteTooOldError: write at timestamp 1635609399.070084832,0 too old; wrote at 1635609399.307050966,1: "sql txn" meta={id=295a8eb1 pri=0.05970579 epo=0 ts=1635609399.307050966,1 min=1635609399.070084832,0 seq=0} lock=true stat=PENDING rts=1635609399.070084832,0 wto=false gul=1635609399.570084832,0
  Hint: See: https://www.cockroachlabs.com/docs/v21.1/transaction-retry-error-reference.html]message = [ERROR: current transaction is aborted, commands ignored until end of transaction block]<96/20000> Tnx R: 99ms 
sql state = [25P02]cause = [org.postgresql.util.PSQLException: ERROR: restart transaction: TransactionRetryWithProtoRefreshError: WriteTooOldError: write at timestamp 1635609399.070084832,0 too old; wrote at 1635609399.307050966,1: "sql txn" meta={id=295a8eb1 pri=0.05970579 epo=0 ts=1635609399.307050966,1 min=1635609399.070084832,0 seq=0} lock=true stat=PENDING rts=1635609399.070084832,0 wto=false gul=1635609399.570084832,0
  Hint: See: https://www.cockroachlabs.com/docs/v21.1/transaction-retry-error-reference.html]message = [ERROR: current transaction is aborted, commands ignored until end of transaction block]<97/20000> Tnx O: 2ms 
sql state = [25P02]cause = [org.postgresql.util.PSQLException: ERROR: restart transaction: TransactionRetryWithProtoRefreshError: WriteTooOldError: write at timestamp 1635609399.070084832,0 too old; wrote at 1635609399.307050966,1: "sql txn" meta={id=295a8eb1 pri=0.05970579 epo=0 ts=1635609399.307050966,1 min=1635609399.070084832,0 seq=0} lock=true stat=PENDING rts=1635609399.070084832,0 wto=false gul=1635609399.570084832,0
  Hint: See: https://www.cockroachlabs.com/docs/v21.1/transaction-retry-error-reference.html]message = [ERROR: current transaction is aborted, commands ignored until end of transaction block]<98/20000> Tnx R: 97ms 
<99/20000> Tnx N: 0ms 
sql state = [25P02]cause = [org.postgresql.util.PSQLException: ERROR: restart transaction: TransactionRetryWithProtoRefreshError: WriteTooOldError: write at timestamp 1635609399.070084832,0 too old; wrote at 1635609399.307050966,1: "sql txn" meta={id=295a8eb1 pri=0.05970579 epo=0 ts=1635609399.307050966,1 min=1635609399.070084832,0 seq=0} lock=true stat=PENDING rts=1635609399.070084832,0 wto=false gul=1635609399.570084832,0
  Hint: See: https://www.cockroachlabs.com/docs/v21.1/transaction-retry-error-reference.html]message = [ERROR: current transaction is aborted, commands ignored until end of transaction block]<100/20000> Tnx P: 1ms 
Delivery wid:7 carrier:7sql state = [25P02]cause = [org.postgresql.util.PSQLException: ERROR: restart transaction: TransactionRetryWithProtoRefreshError: WriteTooOldError: write at timestamp 1635609399.070084832,0 too old; wrote at 1635609399.307050966,1: "sql txn" meta={id=295a8eb1 pri=0.05970579 epo=0 ts=1635609399.307050966,1 min=1635609399.070084832,0 seq=0} lock=true stat=PENDING rts=1635609399.070084832,0 wto=false gul=1635609399.570084832,0
  Hint: See: https://www.cockroachlabs.com/docs/v21.1/transaction-retry-error-reference.html]message = [ERROR: current transaction is aborted, commands ignored until end of transaction block]<101/20000> Tnx D: 1ms 
<102/20000> Tnx N: 0ms 
Delivery wid:1 carrier:3sql state = [25P02]cause = [org.postgresql.util.PSQLException: ERROR: restart transaction: TransactionRetryWithProtoRefreshError: WriteTooOldError: write at timestamp 1635609399.070084832,0 too old; wrote at 1635609399.307050966,1: "sql txn" meta={id=295a8eb1 pri=0.05970579 epo=0 ts=1635609399.307050966,1 min=1635609399.070084832,0 seq=0} lock=true stat=PENDING rts=1635609399.070084832,0 wto=false gul=1635609399.570084832,0
  Hint: See: https://www.cockroachlabs.com/docs/v21.1/transaction-retry-error-reference.html]message = [ERROR: current transaction is aborted, commands ignored until end of transaction block]<103/20000> Tnx D: 0ms 
sql state = [25P02]cause = [org.postgresql.util.PSQLException: ERROR: restart transaction: TransactionRetryWithProtoRefreshError: WriteTooOldError: write at timestamp 1635609399.070084832,0 too old; wrote at 1635609399.307050966,1: "sql txn" meta={id=295a8eb1 pri=0.05970579 epo=0 ts=1635609399.307050966,1 min=1635609399.070084832,0 seq=0} lock=true stat=PENDING rts=1635609399.070084832,0 wto=false gul=1635609399.570084832,0
  Hint: See: https://www.cockroachlabs.com/docs/v21.1/transaction-retry-error-reference.html]message = [ERROR: current transaction is aborted, commands ignored until end of transaction block]<104/20000> Tnx O: 2ms 
Customers with top balances
sql state = [25P02]cause = [org.postgresql.util.PSQLException: ERROR: restart transaction: TransactionRetryWithProtoRefreshError: WriteTooOldError: write at timestamp 1635609399.070084832,0 too old; wrote at 1635609399.307050966,1: "sql txn" meta={id=295a8eb1 pri=0.05970579 epo=0 ts=1635609399.307050966,1 min=1635609399.070084832,0 seq=0} lock=true stat=PENDING rts=1635609399.070084832,0 wto=false gul=1635609399.570084832,0
  Hint: See: https://www.cockroachlabs.com/docs/v21.1/transaction-retry-error-reference.html]message = [ERROR: current transaction is aborted, commands ignored until end of transaction block]<105/20000> Tnx T: 0ms 
sql state = [25P02]cause = [org.postgresql.util.PSQLException: ERROR: restart transaction: TransactionRetryWithProtoRefreshError: WriteTooOldError: write at timestamp 1635609399.070084832,0 too old; wrote at 1635609399.307050966,1: "sql txn" meta={id=295a8eb1 pri=0.05970579 epo=0 ts=1635609399.307050966,1 min=1635609399.070084832,0 seq=0} lock=true stat=PENDING rts=1635609399.070084832,0 wto=false gul=1635609399.570084832,0
  Hint: See: https://www.cockroachlabs.com/docs/v21.1/transaction-retry-error-reference.html]message = [ERROR: current transaction is aborted, commands ignored until end of transaction block]<106/20000> Tnx O: 1ms 
sql state = [25P02]cause = [org.postgresql.util.PSQLException: ERROR: restart transaction: TransactionRetryWithProtoRefreshError: WriteTooOldError: write at timestamp 1635609399.070084832,0 too old; wrote at 1635609399.307050966,1: "sql txn" meta={id=295a8eb1 pri=0.05970579 epo=0 ts=1635609399.307050966,1 min=1635609399.070084832,0 seq=0} lock=true stat=PENDING rts=1635609399.070084832,0 wto=false gul=1635609399.570084832,0
  Hint: See: https://www.cockroachlabs.com/docs/v21.1/transaction-retry-error-reference.html]message = [ERROR: current transaction is aborted, commands ignored until end of transaction block]<107/20000> Tnx P: 0ms 
<108/20000> Tnx N: 1ms 
<109/20000> Tnx N: 0ms 
<110/20000> Tnx N: 0ms 
<111/20000> Tnx N: 0ms 
<112/20000> Tnx N: 0ms 
sql state = [25P02]cause = [org.postgresql.util.PSQLException: ERROR: restart transaction: TransactionRetryWithProtoRefreshError: WriteTooOldError: write at timestamp 1635609399.070084832,0 too old; wrote at 1635609399.307050966,1: "sql txn" meta={id=295a8eb1 pri=0.05970579 epo=0 ts=1635609399.307050966,1 min=1635609399.070084832,0 seq=0} lock=true stat=PENDING rts=1635609399.070084832,0 wto=false gul=1635609399.570084832,0
  Hint: See: https://www.cockroachlabs.com/docs/v21.1/transaction-retry-error-reference.html]message = [ERROR: current transaction is aborted, commands ignored until end of transaction block]<113/20000> Tnx P: 1ms 
Delivery wid:6 carrier:10sql state = [25P02]cause = [org.postgresql.util.PSQLException: ERROR: restart transaction: TransactionRetryWithProtoRefreshError: WriteTooOldError: write at timestamp 1635609399.070084832,0 too old; wrote at 1635609399.307050966,1: "sql txn" meta={id=295a8eb1 pri=0.05970579 epo=0 ts=1635609399.307050966,1 min=1635609399.070084832,0 seq=0} lock=true stat=PENDING rts=1635609399.070084832,0 wto=false gul=1635609399.570084832,0
  Hint: See: https://www.cockroachlabs.com/docs/v21.1/transaction-retry-error-reference.html]message = [ERROR: current transaction is aborted, commands ignored until end of transaction block]<114/20000> Tnx D: 0ms 
<115/20000> Tnx N: 1ms 
<116/20000> Tnx N: 0ms 
sql state = [25P02]cause = [org.postgresql.util.PSQLException: ERROR: restart transaction: TransactionRetryWithProtoRefreshError: WriteTooOldError: write at timestamp 1635609399.070084832,0 too old; wrote at 1635609399.307050966,1: "sql txn" meta={id=295a8eb1 pri=0.05970579 epo=0 ts=1635609399.307050966,1 min=1635609399.070084832,0 seq=0} lock=true stat=PENDING rts=1635609399.070084832,0 wto=false gul=1635609399.570084832,0
  Hint: See: https://www.cockroachlabs.com/docs/v21.1/transaction-retry-error-reference.html]message = [ERROR: current transaction is aborted, commands ignored until end of transaction block]<117/20000> Tnx P: 0ms 
<118/20000> Tnx N: 0ms 
<119/20000> Tnx N: 0ms 
<120/20000> Tnx N: 0ms 
<121/20000> Tnx N: 0ms 
<122/20000> Tnx N: 0ms 
sql state = [25P02]cause = [org.postgresql.util.PSQLException: ERROR: restart transaction: TransactionRetryWithProtoRefreshError: WriteTooOldError: write at timestamp 1635609399.070084832,0 too old; wrote at 1635609399.307050966,1: "sql txn" meta={id=295a8eb1 pri=0.05970579 epo=0 ts=1635609399.307050966,1 min=1635609399.070084832,0 seq=0} lock=true stat=PENDING rts=1635609399.070084832,0 wto=false gul=1635609399.570084832,0
  Hint: See: https://www.cockroachlabs.com/docs/v21.1/transaction-retry-error-reference.html]message = [ERROR: current transaction is aborted, commands ignored until end of transaction block]<123/20000> Tnx P: 1ms 
<124/20000> Tnx N: 0ms 
<125/20000> Tnx S: 0ms 
<126/20000> Tnx N: 0ms 
Delivery wid:8 carrier:8sql state = [25P02]cause = [org.postgresql.util.PSQLException: ERROR: restart transaction: TransactionRetryWithProtoRefreshError: WriteTooOldError: write at timestamp 1635609399.070084832,0 too old; wrote at 1635609399.307050966,1: "sql txn" meta={id=295a8eb1 pri=0.05970579 epo=0 ts=1635609399.307050966,1 min=1635609399.070084832,0 seq=0} lock=true stat=PENDING rts=1635609399.070084832,0 wto=false gul=1635609399.570084832,0
  Hint: See: https://www.cockroachlabs.com/docs/v21.1/transaction-retry-error-reference.html]message = [ERROR: current transaction is aborted, commands ignored until end of transaction block]<127/20000> Tnx D: 1ms 
Customers with top balances
sql state = [25P02]cause = [org.postgresql.util.PSQLException: ERROR: restart transaction: TransactionRetryWithProtoRefreshError: WriteTooOldError: write at timestamp 1635609399.070084832,0 too old; wrote at 1635609399.307050966,1: "sql txn" meta={id=295a8eb1 pri=0.05970579 epo=0 ts=1635609399.307050966,1 min=1635609399.070084832,0 seq=0} lock=true stat=PENDING rts=1635609399.070084832,0 wto=false gul=1635609399.570084832,0
  Hint: See: https://www.cockroachlabs.com/docs/v21.1/transaction-retry-error-reference.html]message = [ERROR: current transaction is aborted, commands ignored until end of transaction block]<128/20000> Tnx T: 1ms 
<129/20000> Tnx N: 0ms 
sql state = [25P02]cause = [org.postgresql.util.PSQLException: ERROR: restart transaction: TransactionRetryWithProtoRefreshError: WriteTooOldError: write at timestamp 1635609399.070084832,0 too old; wrote at 1635609399.307050966,1: "sql txn" meta={id=295a8eb1 pri=0.05970579 epo=0 ts=1635609399.307050966,1 min=1635609399.070084832,0 seq=0} lock=true stat=PENDING rts=1635609399.070084832,0 wto=false gul=1635609399.570084832,0
  Hint: See: https://www.cockroachlabs.com/docs/v21.1/transaction-retry-error-reference.html]message = [ERROR: current transaction is aborted, commands ignored until end of transaction block]<130/20000> Tnx I: 6ms 
<131/20000> Tnx N: 0ms 
<132/20000> Tnx N: 0ms 
sql state = [25P02]cause = [org.postgresql.util.PSQLException: ERROR: restart transaction: TransactionRetryWithProtoRefreshError: WriteTooOldError: write at timestamp 1635609399.070084832,0 too old; wrote at 1635609399.307050966,1: "sql txn" meta={id=295a8eb1 pri=0.05970579 epo=0 ts=1635609399.307050966,1 min=1635609399.070084832,0 seq=0} lock=true stat=PENDING rts=1635609399.070084832,0 wto=false gul=1635609399.570084832,0
  Hint: See: https://www.cockroachlabs.com/docs/v21.1/transaction-retry-error-reference.html]message = [ERROR: current transaction is aborted, commands ignored until end of transaction block]<133/20000> Tnx P: 1ms 
Delivery wid:3 carrier:3sql state = [25P02]cause = [org.postgresql.util.PSQLException: ERROR: restart transaction: TransactionRetryWithProtoRefreshError: WriteTooOldError: write at timestamp 1635609399.070084832,0 too old; wrote at 1635609399.307050966,1: "sql txn" meta={id=295a8eb1 pri=0.05970579 epo=0 ts=1635609399.307050966,1 min=1635609399.070084832,0 seq=0} lock=true stat=PENDING rts=1635609399.070084832,0 wto=false gul=1635609399.570084832,0
  Hint: See: https://www.cockroachlabs.com/docs/v21.1/transaction-retry-error-reference.html]message = [ERROR: current transaction is aborted, commands ignored until end of transaction block]<134/20000> Tnx D: 0ms 
<135/20000> Tnx N: 0ms 
Delivery wid:10 carrier:4sql state = [25P02]cause = [org.postgresql.util.PSQLException: ERROR: restart transaction: TransactionRetryWithProtoRefreshError: WriteTooOldError: write at timestamp 1635609399.070084832,0 too old; wrote at 1635609399.307050966,1: "sql txn" meta={id=295a8eb1 pri=0.05970579 epo=0 ts=1635609399.307050966,1 min=1635609399.070084832,0 seq=0} lock=true stat=PENDING rts=1635609399.070084832,0 wto=false gul=1635609399.570084832,0
  Hint: See: https://www.cockroachlabs.com/docs/v21.1/transaction-retry-error-reference.html]message = [ERROR: current transaction is aborted, commands ignored until end of transaction block]<136/20000> Tnx D: 1ms 
sql state = [25P02]cause = [org.postgresql.util.PSQLException: ERROR: restart transaction: TransactionRetryWithProtoRefreshError: WriteTooOldError: write at timestamp 1635609399.070084832,0 too old; wrote at 1635609399.307050966,1: "sql txn" meta={id=295a8eb1 pri=0.05970579 epo=0 ts=1635609399.307050966,1 min=1635609399.070084832,0 seq=0} lock=true stat=PENDING rts=1635609399.070084832,0 wto=false gul=1635609399.570084832,0
  Hint: See: https://www.cockroachlabs.com/docs/v21.1/transaction-retry-error-reference.html]message = [ERROR: current transaction is aborted, commands ignored until end of transaction block]<137/20000> Tnx I: 6ms 
sql state = [25P02]cause = [org.postgresql.util.PSQLException: ERROR: restart transaction: TransactionRetryWithProtoRefreshError: WriteTooOldError: write at timestamp 1635609399.070084832,0 too old; wrote at 1635609399.307050966,1: "sql txn" meta={id=295a8eb1 pri=0.05970579 epo=0 ts=1635609399.307050966,1 min=1635609399.070084832,0 seq=0} lock=true stat=PENDING rts=1635609399.070084832,0 wto=false gul=1635609399.570084832,0
  Hint: See: https://www.cockroachlabs.com/docs/v21.1/transaction-retry-error-reference.html]message = [ERROR: current transaction is aborted, commands ignored until end of transaction block]<138/20000> Tnx P: 0ms 
<139/20000> Tnx N: 0ms 
<140/20000> Tnx N: 1ms 
<141/20000> Tnx N: 0ms 
sql state = [25P02]cause = [org.postgresql.util.PSQLException: ERROR: restart transaction: TransactionRetryWithProtoRefreshError: WriteTooOldError: write at timestamp 1635609399.070084832,0 too old; wrote at 1635609399.307050966,1: "sql txn" meta={id=295a8eb1 pri=0.05970579 epo=0 ts=1635609399.307050966,1 min=1635609399.070084832,0 seq=0} lock=true stat=PENDING rts=1635609399.070084832,0 wto=false gul=1635609399.570084832,0
  Hint: See: https://www.cockroachlabs.com/docs/v21.1/transaction-retry-error-reference.html]message = [ERROR: current transaction is aborted, commands ignored until end of transaction block]<142/20000> Tnx P: 0ms 
<143/20000> Tnx N: 1ms 
<144/20000> Tnx N: 0ms 
<145/20000> Tnx N: 0ms 
Delivery wid:3 carrier:6sql state = [25P02]cause = [org.postgresql.util.PSQLException: ERROR: restart transaction: TransactionRetryWithProtoRefreshError: WriteTooOldError: write at timestamp 1635609399.070084832,0 too old; wrote at 1635609399.307050966,1: "sql txn" meta={id=295a8eb1 pri=0.05970579 epo=0 ts=1635609399.307050966,1 min=1635609399.070084832,0 seq=0} lock=true stat=PENDING rts=1635609399.070084832,0 wto=false gul=1635609399.570084832,0
  Hint: See: https://www.cockroachlabs.com/docs/v21.1/transaction-retry-error-reference.html]message = [ERROR: current transaction is aborted, commands ignored until end of transaction block]<146/20000> Tnx D: 0ms 
Delivery wid:2 carrier:5sql state = [25P02]cause = [org.postgresql.util.PSQLException: ERROR: restart transaction: TransactionRetryWithProtoRefreshError: WriteTooOldError: write at timestamp 1635609399.070084832,0 too old; wrote at 1635609399.307050966,1: "sql txn" meta={id=295a8eb1 pri=0.05970579 epo=0 ts=1635609399.307050966,1 min=1635609399.070084832,0 seq=0} lock=true stat=PENDING rts=1635609399.070084832,0 wto=false gul=1635609399.570084832,0
  Hint: See: https://www.cockroachlabs.com/docs/v21.1/transaction-retry-error-reference.html]message = [ERROR: current transaction is aborted, commands ignored until end of transaction block]<147/20000> Tnx D: 1ms 
<148/20000> Tnx N: 0ms 
Customers with top balances
sql state = [25P02]cause = [org.postgresql.util.PSQLException: ERROR: restart transaction: TransactionRetryWithProtoRefreshError: WriteTooOldError: write at timestamp 1635609399.070084832,0 too old; wrote at 1635609399.307050966,1: "sql txn" meta={id=295a8eb1 pri=0.05970579 epo=0 ts=1635609399.307050966,1 min=1635609399.070084832,0 seq=0} lock=true stat=PENDING rts=1635609399.070084832,0 wto=false gul=1635609399.570084832,0
  Hint: See: https://www.cockroachlabs.com/docs/v21.1/transaction-retry-error-reference.html]message = [ERROR: current transaction is aborted, commands ignored until end of transaction block]<149/20000> Tnx T: 1ms 
sql state = [25P02]cause = [org.postgresql.util.PSQLException: ERROR: restart transaction: TransactionRetryWithProtoRefreshError: WriteTooOldError: write at timestamp 1635609399.070084832,0 too old; wrote at 1635609399.307050966,1: "sql txn" meta={id=295a8eb1 pri=0.05970579 epo=0 ts=1635609399.307050966,1 min=1635609399.070084832,0 seq=0} lock=true stat=PENDING rts=1635609399.070084832,0 wto=false gul=1635609399.570084832,0
  Hint: See: https://www.cockroachlabs.com/docs/v21.1/transaction-retry-error-reference.html]message = [ERROR: current transaction is aborted, commands ignored until end of transaction block]<150/20000> Tnx P: 0ms 
Delivery wid:10 carrier:9sql state = [25P02]cause = [org.postgresql.util.PSQLException: ERROR: restart transaction: TransactionRetryWithProtoRefreshError: WriteTooOldError: write at timestamp 1635609399.070084832,0 too old; wrote at 1635609399.307050966,1: "sql txn" meta={id=295a8eb1 pri=0.05970579 epo=0 ts=1635609399.307050966,1 min=1635609399.070084832,0 seq=0} lock=true stat=PENDING rts=1635609399.070084832,0 wto=false gul=1635609399.570084832,0
  Hint: See: https://www.cockroachlabs.com/docs/v21.1/transaction-retry-error-reference.html]message = [ERROR: current transaction is aborted, commands ignored until end of transaction block]<151/20000> Tnx D: 3ms 
sql state = [25P02]cause = [org.postgresql.util.PSQLException: ERROR: restart transaction: TransactionRetryWithProtoRefreshError: WriteTooOldError: write at timestamp 1635609399.070084832,0 too old; wrote at 1635609399.307050966,1: "sql txn" meta={id=295a8eb1 pri=0.05970579 epo=0 ts=1635609399.307050966,1 min=1635609399.070084832,0 seq=0} lock=true stat=PENDING rts=1635609399.070084832,0 wto=false gul=1635609399.570084832,0
  Hint: See: https://www.cockroachlabs.com/docs/v21.1/transaction-retry-error-reference.html]message = [ERROR: current transaction is aborted, commands ignored until end of transaction block]<152/20000> Tnx P: 3ms 
<153/20000> Tnx S: 0ms 
Delivery wid:10 carrier:7sql state = [25P02]cause = [org.postgresql.util.PSQLException: ERROR: restart transaction: TransactionRetryWithProtoRefreshError: WriteTooOldError: write at timestamp 1635609399.070084832,0 too old; wrote at 1635609399.307050966,1: "sql txn" meta={id=295a8eb1 pri=0.05970579 epo=0 ts=1635609399.307050966,1 min=1635609399.070084832,0 seq=0} lock=true stat=PENDING rts=1635609399.070084832,0 wto=false gul=1635609399.570084832,0
  Hint: See: https://www.cockroachlabs.com/docs/v21.1/transaction-retry-error-reference.html]message = [ERROR: current transaction is aborted, commands ignored until end of transaction block]<154/20000> Tnx D: 1ms 
sql state = [25P02]cause = [org.postgresql.util.PSQLException: ERROR: restart transaction: TransactionRetryWithProtoRefreshError: WriteTooOldError: write at timestamp 1635609399.070084832,0 too old; wrote at 1635609399.307050966,1: "sql txn" meta={id=295a8eb1 pri=0.05970579 epo=0 ts=1635609399.307050966,1 min=1635609399.070084832,0 seq=0} lock=true stat=PENDING rts=1635609399.070084832,0 wto=false gul=1635609399.570084832,0
  Hint: See: https://www.cockroachlabs.com/docs/v21.1/transaction-retry-error-reference.html]message = [ERROR: current transaction is aborted, commands ignored until end of transaction block]<155/20000> Tnx P: 1ms 
Delivery wid:8 carrier:8sql state = [25P02]cause = [org.postgresql.util.PSQLException: ERROR: restart transaction: TransactionRetryWithProtoRefreshError: WriteTooOldError: write at timestamp 1635609399.070084832,0 too old; wrote at 1635609399.307050966,1: "sql txn" meta={id=295a8eb1 pri=0.05970579 epo=0 ts=1635609399.307050966,1 min=1635609399.070084832,0 seq=0} lock=true stat=PENDING rts=1635609399.070084832,0 wto=false gul=1635609399.570084832,0
  Hint: See: https://www.cockroachlabs.com/docs/v21.1/transaction-retry-error-reference.html]message = [ERROR: current transaction is aborted, commands ignored until end of transaction block]<156/20000> Tnx D: 1ms 
<157/20000> Tnx S: 0ms 
Customers with top balances
sql state = [25P02]cause = [org.postgresql.util.PSQLException: ERROR: restart transaction: TransactionRetryWithProtoRefreshError: WriteTooOldError: write at timestamp 1635609399.070084832,0 too old; wrote at 1635609399.307050966,1: "sql txn" meta={id=295a8eb1 pri=0.05970579 epo=0 ts=1635609399.307050966,1 min=1635609399.070084832,0 seq=0} lock=true stat=PENDING rts=1635609399.070084832,0 wto=false gul=1635609399.570084832,0
  Hint: See: https://www.cockroachlabs.com/docs/v21.1/transaction-retry-error-reference.html]message = [ERROR: current transaction is aborted, commands ignored until end of transaction block]<158/20000> Tnx T: 1ms 
sql state = [25P02]cause = [org.postgresql.util.PSQLException: ERROR: restart transaction: TransactionRetryWithProtoRefreshError: WriteTooOldError: write at timestamp 1635609399.070084832,0 too old; wrote at 1635609399.307050966,1: "sql txn" meta={id=295a8eb1 pri=0.05970579 epo=0 ts=1635609399.307050966,1 min=1635609399.070084832,0 seq=0} lock=true stat=PENDING rts=1635609399.070084832,0 wto=false gul=1635609399.570084832,0
  Hint: See: https://www.cockroachlabs.com/docs/v21.1/transaction-retry-error-reference.html]message = [ERROR: current transaction is aborted, commands ignored until end of transaction block]<159/20000> Tnx I: 6ms 
sql state = [25P02]cause = [org.postgresql.util.PSQLException: ERROR: restart transaction: TransactionRetryWithProtoRefreshError: WriteTooOldError: write at timestamp 1635609399.070084832,0 too old; wrote at 1635609399.307050966,1: "sql txn" meta={id=295a8eb1 pri=0.05970579 epo=0 ts=1635609399.307050966,1 min=1635609399.070084832,0 seq=0} lock=true stat=PENDING rts=1635609399.070084832,0 wto=false gul=1635609399.570084832,0
  Hint: See: https://www.cockroachlabs.com/docs/v21.1/transaction-retry-error-reference.html]message = [ERROR: current transaction is aborted, commands ignored until end of transaction block]<160/20000> Tnx O: 1ms 
sql state = [25P02]cause = [org.postgresql.util.PSQLException: ERROR: restart transaction: TransactionRetryWithProtoRefreshError: WriteTooOldError: write at timestamp 1635609399.070084832,0 too old; wrote at 1635609399.307050966,1: "sql txn" meta={id=295a8eb1 pri=0.05970579 epo=0 ts=1635609399.307050966,1 min=1635609399.070084832,0 seq=0} lock=true stat=PENDING rts=1635609399.070084832,0 wto=false gul=1635609399.570084832,0
  Hint: See: https://www.cockroachlabs.com/docs/v21.1/transaction-retry-error-reference.html]message = [ERROR: current transaction is aborted, commands ignored until end of transaction block]<161/20000> Tnx O: 1ms 
sql state = [25P02]cause = [org.postgresql.util.PSQLException: ERROR: restart transaction: TransactionRetryWithProtoRefreshError: WriteTooOldError: write at timestamp 1635609399.070084832,0 too old; wrote at 1635609399.307050966,1: "sql txn" meta={id=295a8eb1 pri=0.05970579 epo=0 ts=1635609399.307050966,1 min=1635609399.070084832,0 seq=0} lock=true stat=PENDING rts=1635609399.070084832,0 wto=false gul=1635609399.570084832,0
  Hint: See: https://www.cockroachlabs.com/docs/v21.1/transaction-retry-error-reference.html]message = [ERROR: current transaction is aborted, commands ignored until end of transaction block]<162/20000> Tnx P: 1ms 
Delivery wid:5 carrier:4sql state = [25P02]cause = [org.postgresql.util.PSQLException: ERROR: restart transaction: TransactionRetryWithProtoRefreshError: WriteTooOldError: write at timestamp 1635609399.070084832,0 too old; wrote at 1635609399.307050966,1: "sql txn" meta={id=295a8eb1 pri=0.05970579 epo=0 ts=1635609399.307050966,1 min=1635609399.070084832,0 seq=0} lock=true stat=PENDING rts=1635609399.070084832,0 wto=false gul=1635609399.570084832,0
  Hint: See: https://www.cockroachlabs.com/docs/v21.1/transaction-retry-error-reference.html]message = [ERROR: current transaction is aborted, commands ignored until end of transaction block]<163/20000> Tnx D: 0ms 
Delivery wid:9 carrier:5sql state = [25P02]cause = [org.postgresql.util.PSQLException: ERROR: restart transaction: TransactionRetryWithProtoRefreshError: WriteTooOldError: write at timestamp 1635609399.070084832,0 too old; wrote at 1635609399.307050966,1: "sql txn" meta={id=295a8eb1 pri=0.05970579 epo=0 ts=1635609399.307050966,1 min=1635609399.070084832,0 seq=0} lock=true stat=PENDING rts=1635609399.070084832,0 wto=false gul=1635609399.570084832,0
  Hint: See: https://www.cockroachlabs.com/docs/v21.1/transaction-retry-error-reference.html]message = [ERROR: current transaction is aborted, commands ignored until end of transaction block]<164/20000> Tnx D: 1ms 
<165/20000> Tnx S: 0ms 
sql state = [25P02]cause = [org.postgresql.util.PSQLException: ERROR: restart transaction: TransactionRetryWithProtoRefreshError: WriteTooOldError: write at timestamp 1635609399.070084832,0 too old; wrote at 1635609399.307050966,1: "sql txn" meta={id=295a8eb1 pri=0.05970579 epo=0 ts=1635609399.307050966,1 min=1635609399.070084832,0 seq=0} lock=true stat=PENDING rts=1635609399.070084832,0 wto=false gul=1635609399.570084832,0
  Hint: See: https://www.cockroachlabs.com/docs/v21.1/transaction-retry-error-reference.html]message = [ERROR: current transaction is aborted, commands ignored until end of transaction block]<166/20000> Tnx R: 97ms 
<167/20000> Tnx N: 0ms 
<168/20000> Tnx N: 0ms 
sql state = [25P02]cause = [org.postgresql.util.PSQLException: ERROR: restart transaction: TransactionRetryWithProtoRefreshError: WriteTooOldError: write at timestamp 1635609399.070084832,0 too old; wrote at 1635609399.307050966,1: "sql txn" meta={id=295a8eb1 pri=0.05970579 epo=0 ts=1635609399.307050966,1 min=1635609399.070084832,0 seq=0} lock=true stat=PENDING rts=1635609399.070084832,0 wto=false gul=1635609399.570084832,0
  Hint: See: https://www.cockroachlabs.com/docs/v21.1/transaction-retry-error-reference.html]message = [ERROR: current transaction is aborted, commands ignored until end of transaction block]<169/20000> Tnx P: 0ms 
sql state = [25P02]cause = [org.postgresql.util.PSQLException: ERROR: restart transaction: TransactionRetryWithProtoRefreshError: WriteTooOldError: write at timestamp 1635609399.070084832,0 too old; wrote at 1635609399.307050966,1: "sql txn" meta={id=295a8eb1 pri=0.05970579 epo=0 ts=1635609399.307050966,1 min=1635609399.070084832,0 seq=0} lock=true stat=PENDING rts=1635609399.070084832,0 wto=false gul=1635609399.570084832,0
  Hint: See: https://www.cockroachlabs.com/docs/v21.1/transaction-retry-error-reference.html]message = [ERROR: current transaction is aborted, commands ignored until end of transaction block]<170/20000> Tnx O: 1ms 
Delivery wid:1 carrier:10sql state = [25P02]cause = [org.postgresql.util.PSQLException: ERROR: restart transaction: TransactionRetryWithProtoRefreshError: WriteTooOldError: write at timestamp 1635609399.070084832,0 too old; wrote at 1635609399.307050966,1: "sql txn" meta={id=295a8eb1 pri=0.05970579 epo=0 ts=1635609399.307050966,1 min=1635609399.070084832,0 seq=0} lock=true stat=PENDING rts=1635609399.070084832,0 wto=false gul=1635609399.570084832,0
  Hint: See: https://www.cockroachlabs.com/docs/v21.1/transaction-retry-error-reference.html]message = [ERROR: current transaction is aborted, commands ignored until end of transaction block]<171/20000> Tnx D: 0ms 
<172/20000> Tnx S: 0ms 
Delivery wid:2 carrier:10sql state = [25P02]cause = [org.postgresql.util.PSQLException: ERROR: restart transaction: TransactionRetryWithProtoRefreshError: WriteTooOldError: write at timestamp 1635609399.070084832,0 too old; wrote at 1635609399.307050966,1: "sql txn" meta={id=295a8eb1 pri=0.05970579 epo=0 ts=1635609399.307050966,1 min=1635609399.070084832,0 seq=0} lock=true stat=PENDING rts=1635609399.070084832,0 wto=false gul=1635609399.570084832,0
  Hint: See: https://www.cockroachlabs.com/docs/v21.1/transaction-retry-error-reference.html]message = [ERROR: current transaction is aborted, commands ignored until end of transaction block]<173/20000> Tnx D: 1ms 
Delivery wid:4 carrier:6sql state = [25P02]cause = [org.postgresql.util.PSQLException: ERROR: restart transaction: TransactionRetryWithProtoRefreshError: WriteTooOldError: write at timestamp 1635609399.070084832,0 too old; wrote at 1635609399.307050966,1: "sql txn" meta={id=295a8eb1 pri=0.05970579 epo=0 ts=1635609399.307050966,1 min=1635609399.070084832,0 seq=0} lock=true stat=PENDING rts=1635609399.070084832,0 wto=false gul=1635609399.570084832,0
  Hint: See: https://www.cockroachlabs.com/docs/v21.1/transaction-retry-error-reference.html]message = [ERROR: current transaction is aborted, commands ignored until end of transaction block]<174/20000> Tnx D: 0ms 
<175/20000> Tnx N: 0ms 
<176/20000> Tnx N: 1ms 
<177/20000> Tnx N: 0ms 
Delivery wid:8 carrier:2sql state = [25P02]cause = [org.postgresql.util.PSQLException: ERROR: restart transaction: TransactionRetryWithProtoRefreshError: WriteTooOldError: write at timestamp 1635609399.070084832,0 too old; wrote at 1635609399.307050966,1: "sql txn" meta={id=295a8eb1 pri=0.05970579 epo=0 ts=1635609399.307050966,1 min=1635609399.070084832,0 seq=0} lock=true stat=PENDING rts=1635609399.070084832,0 wto=false gul=1635609399.570084832,0
  Hint: See: https://www.cockroachlabs.com/docs/v21.1/transaction-retry-error-reference.html]message = [ERROR: current transaction is aborted, commands ignored until end of transaction block]<178/20000> Tnx D: 0ms 
<179/20000> Tnx N: 0ms 
sql state = [25P02]cause = [org.postgresql.util.PSQLException: ERROR: restart transaction: TransactionRetryWithProtoRefreshError: WriteTooOldError: write at timestamp 1635609399.070084832,0 too old; wrote at 1635609399.307050966,1: "sql txn" meta={id=295a8eb1 pri=0.05970579 epo=0 ts=1635609399.307050966,1 min=1635609399.070084832,0 seq=0} lock=true stat=PENDING rts=1635609399.070084832,0 wto=false gul=1635609399.570084832,0
  Hint: See: https://www.cockroachlabs.com/docs/v21.1/transaction-retry-error-reference.html]message = [ERROR: current transaction is aborted, commands ignored until end of transaction block]<180/20000> Tnx P: 1ms 
sql state = [25P02]cause = [org.postgresql.util.PSQLException: ERROR: restart transaction: TransactionRetryWithProtoRefreshError: WriteTooOldError: write at timestamp 1635609399.070084832,0 too old; wrote at 1635609399.307050966,1: "sql txn" meta={id=295a8eb1 pri=0.05970579 epo=0 ts=1635609399.307050966,1 min=1635609399.070084832,0 seq=0} lock=true stat=PENDING rts=1635609399.070084832,0 wto=false gul=1635609399.570084832,0
  Hint: See: https://www.cockroachlabs.com/docs/v21.1/transaction-retry-error-reference.html]message = [ERROR: current transaction is aborted, commands ignored until end of transaction block]<181/20000> Tnx P: 0ms 
sql state = [25P02]cause = [org.postgresql.util.PSQLException: ERROR: restart transaction: TransactionRetryWithProtoRefreshError: WriteTooOldError: write at timestamp 1635609399.070084832,0 too old; wrote at 1635609399.307050966,1: "sql txn" meta={id=295a8eb1 pri=0.05970579 epo=0 ts=1635609399.307050966,1 min=1635609399.070084832,0 seq=0} lock=true stat=PENDING rts=1635609399.070084832,0 wto=false gul=1635609399.570084832,0
  Hint: See: https://www.cockroachlabs.com/docs/v21.1/transaction-retry-error-reference.html]message = [ERROR: current transaction is aborted, commands ignored until end of transaction block]<182/20000> Tnx I: 6ms 
Delivery wid:3 carrier:5sql state = [25P02]cause = [org.postgresql.util.PSQLException: ERROR: restart transaction: TransactionRetryWithProtoRefreshError: WriteTooOldError: write at timestamp 1635609399.070084832,0 too old; wrote at 1635609399.307050966,1: "sql txn" meta={id=295a8eb1 pri=0.05970579 epo=0 ts=1635609399.307050966,1 min=1635609399.070084832,0 seq=0} lock=true stat=PENDING rts=1635609399.070084832,0 wto=false gul=1635609399.570084832,0
  Hint: See: https://www.cockroachlabs.com/docs/v21.1/transaction-retry-error-reference.html]message = [ERROR: current transaction is aborted, commands ignored until end of transaction block]<183/20000> Tnx D: 0ms 
Delivery wid:4 carrier:4sql state = [25P02]cause = [org.postgresql.util.PSQLException: ERROR: restart transaction: TransactionRetryWithProtoRefreshError: WriteTooOldError: write at timestamp 1635609399.070084832,0 too old; wrote at 1635609399.307050966,1: "sql txn" meta={id=295a8eb1 pri=0.05970579 epo=0 ts=1635609399.307050966,1 min=1635609399.070084832,0 seq=0} lock=true stat=PENDING rts=1635609399.070084832,0 wto=false gul=1635609399.570084832,0
  Hint: See: https://www.cockroachlabs.com/docs/v21.1/transaction-retry-error-reference.html]message = [ERROR: current transaction is aborted, commands ignored until end of transaction block]<184/20000> Tnx D: 1ms 
<185/20000> Tnx N: 0ms 
<186/20000> Tnx N: 0ms 
sql state = [25P02]cause = [org.postgresql.util.PSQLException: ERROR: restart transaction: TransactionRetryWithProtoRefreshError: WriteTooOldError: write at timestamp 1635609399.070084832,0 too old; wrote at 1635609399.307050966,1: "sql txn" meta={id=295a8eb1 pri=0.05970579 epo=0 ts=1635609399.307050966,1 min=1635609399.070084832,0 seq=0} lock=true stat=PENDING rts=1635609399.070084832,0 wto=false gul=1635609399.570084832,0
  Hint: See: https://www.cockroachlabs.com/docs/v21.1/transaction-retry-error-reference.html]message = [ERROR: current transaction is aborted, commands ignored until end of transaction block]<187/20000> Tnx P: 0ms 
sql state = [25P02]cause = [org.postgresql.util.PSQLException: ERROR: restart transaction: TransactionRetryWithProtoRefreshError: WriteTooOldError: write at timestamp 1635609399.070084832,0 too old; wrote at 1635609399.307050966,1: "sql txn" meta={id=295a8eb1 pri=0.05970579 epo=0 ts=1635609399.307050966,1 min=1635609399.070084832,0 seq=0} lock=true stat=PENDING rts=1635609399.070084832,0 wto=false gul=1635609399.570084832,0
  Hint: See: https://www.cockroachlabs.com/docs/v21.1/transaction-retry-error-reference.html]message = [ERROR: current transaction is aborted, commands ignored until end of transaction block]<188/20000> Tnx O: 2ms 
<189/20000> Tnx N: 0ms 
<190/20000> Tnx N: 0ms 
sql state = [25P02]cause = [org.postgresql.util.PSQLException: ERROR: restart transaction: TransactionRetryWithProtoRefreshError: WriteTooOldError: write at timestamp 1635609399.070084832,0 too old; wrote at 1635609399.307050966,1: "sql txn" meta={id=295a8eb1 pri=0.05970579 epo=0 ts=1635609399.307050966,1 min=1635609399.070084832,0 seq=0} lock=true stat=PENDING rts=1635609399.070084832,0 wto=false gul=1635609399.570084832,0
  Hint: See: https://www.cockroachlabs.com/docs/v21.1/transaction-retry-error-reference.html]message = [ERROR: current transaction is aborted, commands ignored until end of transaction block]<191/20000> Tnx R: 97ms 
sql state = [25P02]cause = [org.postgresql.util.PSQLException: ERROR: restart transaction: TransactionRetryWithProtoRefreshError: WriteTooOldError: write at timestamp 1635609399.070084832,0 too old; wrote at 1635609399.307050966,1: "sql txn" meta={id=295a8eb1 pri=0.05970579 epo=0 ts=1635609399.307050966,1 min=1635609399.070084832,0 seq=0} lock=true stat=PENDING rts=1635609399.070084832,0 wto=false gul=1635609399.570084832,0
  Hint: See: https://www.cockroachlabs.com/docs/v21.1/transaction-retry-error-reference.html]message = [ERROR: current transaction is aborted, commands ignored until end of transaction block]<192/20000> Tnx P: 1ms 
<193/20000> Tnx N: 0ms 
<194/20000> Tnx N: 0ms 
Delivery wid:4 carrier:10sql state = [25P02]cause = [org.postgresql.util.PSQLException: ERROR: restart transaction: TransactionRetryWithProtoRefreshError: WriteTooOldError: write at timestamp 1635609399.070084832,0 too old; wrote at 1635609399.307050966,1: "sql txn" meta={id=295a8eb1 pri=0.05970579 epo=0 ts=1635609399.307050966,1 min=1635609399.070084832,0 seq=0} lock=true stat=PENDING rts=1635609399.070084832,0 wto=false gul=1635609399.570084832,0
  Hint: See: https://www.cockroachlabs.com/docs/v21.1/transaction-retry-error-reference.html]message = [ERROR: current transaction is aborted, commands ignored until end of transaction block]<195/20000> Tnx D: 1ms 
<196/20000> Tnx N: 0ms 
sql state = [25P02]cause = [org.postgresql.util.PSQLException: ERROR: restart transaction: TransactionRetryWithProtoRefreshError: WriteTooOldError: write at timestamp 1635609399.070084832,0 too old; wrote at 1635609399.307050966,1: "sql txn" meta={id=295a8eb1 pri=0.05970579 epo=0 ts=1635609399.307050966,1 min=1635609399.070084832,0 seq=0} lock=true stat=PENDING rts=1635609399.070084832,0 wto=false gul=1635609399.570084832,0
  Hint: See: https://www.cockroachlabs.com/docs/v21.1/transaction-retry-error-reference.html]message = [ERROR: current transaction is aborted, commands ignored until end of transaction block]<197/20000> Tnx P: 1ms 
<198/20000> Tnx N: 0ms 
sql state = [25P02]cause = [org.postgresql.util.PSQLException: ERROR: restart transaction: TransactionRetryWithProtoRefreshError: WriteTooOldError: write at timestamp 1635609399.070084832,0 too old; wrote at 1635609399.307050966,1: "sql txn" meta={id=295a8eb1 pri=0.05970579 epo=0 ts=1635609399.307050966,1 min=1635609399.070084832,0 seq=0} lock=true stat=PENDING rts=1635609399.070084832,0 wto=false gul=1635609399.570084832,0
  Hint: See: https://www.cockroachlabs.com/docs/v21.1/transaction-retry-error-reference.html]message = [ERROR: current transaction is aborted, commands ignored until end of transaction block]<199/20000> Tnx I: 6ms 
Delivery wid:4 carrier:3sql state = [25P02]cause = [org.postgresql.util.PSQLException: ERROR: restart transaction: TransactionRetryWithProtoRefreshError: WriteTooOldError: write at timestamp 1635609399.070084832,0 too old; wrote at 1635609399.307050966,1: "sql txn" meta={id=295a8eb1 pri=0.05970579 epo=0 ts=1635609399.307050966,1 min=1635609399.070084832,0 seq=0} lock=true stat=PENDING rts=1635609399.070084832,0 wto=false gul=1635609399.570084832,0
  Hint: See: https://www.cockroachlabs.com/docs/v21.1/transaction-retry-error-reference.html]message = [ERROR: current transaction is aborted, commands ignored until end of transaction block]<200/20000> Tnx D: 0ms 
============Statistics============
Total 200 transactions, avg latency 7.710000ms 
Txn P: avg latency 3ms 
Txn R: avg latency 99ms 
Txn S: avg latency 0ms 
Txn D: avg latency 6ms 
Txn T: avg latency 45ms 
Txn I: avg latency 6ms 
Txn N: avg latency 0ms 
Txn O: avg latency 1ms 

