_______________________________Important_Message________________________________

CRYPTOCURRENCY MINING, PASSWORD CRACKING, NETWORK SCANNING prohibited.

NO BACKUP for homedirs. Please do OWN BACKUP. User homedir quota 500G.

LIST of hardware <https://dochub.comp.nus.edu.sg/cf/guides/compute-cluster/hardware>

USE /temp local-to-node storage for faster computation! Remember to SAVE your results!

Reserved till 10 Nov 2021 : xcnd26-29 (CS4225/CS5425)

Reserved 4 Oct - 12 Nov 2021 : xgpf0-9 (CS3244)

Reserved 27 Aug - 19 Nov 2021 : xgpg0-2 (CS4248)

Reserved till 20 Nov 2021 : xcne5-7 (CS2106)

Reserved till 20 Nov 2021 : xcne3-4 (CS3210)

Reserved 20 Sep -  20 Nov 2021 : xgpc0-7, xgpd0-7 (CS3210)

Reserved till 1 Dec 2021 : xcnc1-10,12-17 (TIC4005)

Reserved 23 Aug - 5 Dec 2021 : xcnc20-49, xcnd30-59 (CS4224/CS5424)

Reserved till 5 Dec 2021 : xcnb14 (FYP)

Reserved till 20 Dec 2021 : xgpe2-11 (CS4246/CS5446)

Reserved till 30 Apr 2022 : xgpb1 (FYP)

Reserved till 30 Apr 2022 : xcne0 (CS3213)

Reserved till 4 Dec 2021 : xgpc8 (CS1010S)

Reserved till 26 Nov 2021 : xcne1-2 (CS3103)

Reserved till 30 Nov 2021 : cpga0-2

Reserved till 7 Nov 2021 : xgpg3

Reserved till 30 Nov 2021 : xgpe1, xgpd9

Reserved till 30 Nov 2021 : xgpg7, xgpg8

************************************************************


xgpc and xgpd nodes are now running Ubuntu 20.04 (with CUDA 11.2)
************************************************************

Offline: xcna15, xcnb15, xcnd9, xcnd11, xgpb2, xcne0

--------------------------------------------------------------------------------

/home/stuproj/cs4224c/cs5424-distributed-database-project
Running on host: xcnd34.comp.nus.edu.sg:26267
Ready to read Xact file project_files/xact_files_A/37.txt
Delivery wid:10 carrier:4oid:2113 cid:174
sql state = [40001]cause = [null]message = [ERROR: restart transaction: TransactionRetryWithProtoRefreshError: TransactionRetryError: retry txn (RETRY_WRITE_TOO_OLD - WriteTooOld flag converted to WriteTooOldError): "sql txn" meta={id=2ac5eeab key=/Table/56/1/10/1/174/0 pri=0.03477498 epo=0 ts=1635609434.226257691,3 min=1635609431.927706416,0 seq=1} lock=true stat=PENDING rts=1635609431.927706416,0 wto=false gul=1635609432.427706416,0
  Hint: See: https://www.cockroachlabs.com/docs/v21.1/transaction-retry-error-reference.html#retry_write_too_old]<1/20000> Tnx D: 3489ms 
sql state = [25P02]cause = [org.postgresql.util.PSQLException: ERROR: restart transaction: TransactionRetryWithProtoRefreshError: TransactionRetryError: retry txn (RETRY_WRITE_TOO_OLD - WriteTooOld flag converted to WriteTooOldError): "sql txn" meta={id=2ac5eeab key=/Table/56/1/10/1/174/0 pri=0.03477498 epo=0 ts=1635609434.226257691,3 min=1635609431.927706416,0 seq=1} lock=true stat=PENDING rts=1635609431.927706416,0 wto=false gul=1635609432.427706416,0
  Hint: See: https://www.cockroachlabs.com/docs/v21.1/transaction-retry-error-reference.html#retry_write_too_old]message = [ERROR: current transaction is aborted, commands ignored until end of transaction block]<2/20000> Tnx P: 3ms 
Delivery wid:5 carrier:9sql state = [25P02]cause = [org.postgresql.util.PSQLException: ERROR: restart transaction: TransactionRetryWithProtoRefreshError: TransactionRetryError: retry txn (RETRY_WRITE_TOO_OLD - WriteTooOld flag converted to WriteTooOldError): "sql txn" meta={id=2ac5eeab key=/Table/56/1/10/1/174/0 pri=0.03477498 epo=0 ts=1635609434.226257691,3 min=1635609431.927706416,0 seq=1} lock=true stat=PENDING rts=1635609431.927706416,0 wto=false gul=1635609432.427706416,0
  Hint: See: https://www.cockroachlabs.com/docs/v21.1/transaction-retry-error-reference.html#retry_write_too_old]message = [ERROR: current transaction is aborted, commands ignored until end of transaction block]<3/20000> Tnx D: 2ms 
<4/20000> Tnx N: 2ms 
<5/20000> Tnx S: 0ms 
sql state = [25P02]cause = [org.postgresql.util.PSQLException: ERROR: restart transaction: TransactionRetryWithProtoRefreshError: TransactionRetryError: retry txn (RETRY_WRITE_TOO_OLD - WriteTooOld flag converted to WriteTooOldError): "sql txn" meta={id=2ac5eeab key=/Table/56/1/10/1/174/0 pri=0.03477498 epo=0 ts=1635609434.226257691,3 min=1635609431.927706416,0 seq=1} lock=true stat=PENDING rts=1635609431.927706416,0 wto=false gul=1635609432.427706416,0
  Hint: See: https://www.cockroachlabs.com/docs/v21.1/transaction-retry-error-reference.html#retry_write_too_old]message = [ERROR: current transaction is aborted, commands ignored until end of transaction block]<6/20000> Tnx R: 124ms 
Delivery wid:9 carrier:1sql state = [25P02]cause = [org.postgresql.util.PSQLException: ERROR: restart transaction: TransactionRetryWithProtoRefreshError: TransactionRetryError: retry txn (RETRY_WRITE_TOO_OLD - WriteTooOld flag converted to WriteTooOldError): "sql txn" meta={id=2ac5eeab key=/Table/56/1/10/1/174/0 pri=0.03477498 epo=0 ts=1635609434.226257691,3 min=1635609431.927706416,0 seq=1} lock=true stat=PENDING rts=1635609431.927706416,0 wto=false gul=1635609432.427706416,0
  Hint: See: https://www.cockroachlabs.com/docs/v21.1/transaction-retry-error-reference.html#retry_write_too_old]message = [ERROR: current transaction is aborted, commands ignored until end of transaction block]<7/20000> Tnx D: 2ms 
<8/20000> Tnx N: 1ms 
sql state = [25P02]cause = [org.postgresql.util.PSQLException: ERROR: restart transaction: TransactionRetryWithProtoRefreshError: TransactionRetryError: retry txn (RETRY_WRITE_TOO_OLD - WriteTooOld flag converted to WriteTooOldError): "sql txn" meta={id=2ac5eeab key=/Table/56/1/10/1/174/0 pri=0.03477498 epo=0 ts=1635609434.226257691,3 min=1635609431.927706416,0 seq=1} lock=true stat=PENDING rts=1635609431.927706416,0 wto=false gul=1635609432.427706416,0
  Hint: See: https://www.cockroachlabs.com/docs/v21.1/transaction-retry-error-reference.html#retry_write_too_old]message = [ERROR: current transaction is aborted, commands ignored until end of transaction block]<9/20000> Tnx I: 9ms 
<10/20000> Tnx N: 0ms 
<11/20000> Tnx N: 1ms 
Customers with top balances
sql state = [25P02]cause = [org.postgresql.util.PSQLException: ERROR: restart transaction: TransactionRetryWithProtoRefreshError: TransactionRetryError: retry txn (RETRY_WRITE_TOO_OLD - WriteTooOld flag converted to WriteTooOldError): "sql txn" meta={id=2ac5eeab key=/Table/56/1/10/1/174/0 pri=0.03477498 epo=0 ts=1635609434.226257691,3 min=1635609431.927706416,0 seq=1} lock=true stat=PENDING rts=1635609431.927706416,0 wto=false gul=1635609432.427706416,0
  Hint: See: https://www.cockroachlabs.com/docs/v21.1/transaction-retry-error-reference.html#retry_write_too_old]message = [ERROR: current transaction is aborted, commands ignored until end of transaction block]<12/20000> Tnx T: 3ms 
<13/20000> Tnx N: 0ms 
sql state = [25P02]cause = [org.postgresql.util.PSQLException: ERROR: restart transaction: TransactionRetryWithProtoRefreshError: TransactionRetryError: retry txn (RETRY_WRITE_TOO_OLD - WriteTooOld flag converted to WriteTooOldError): "sql txn" meta={id=2ac5eeab key=/Table/56/1/10/1/174/0 pri=0.03477498 epo=0 ts=1635609434.226257691,3 min=1635609431.927706416,0 seq=1} lock=true stat=PENDING rts=1635609431.927706416,0 wto=false gul=1635609432.427706416,0
  Hint: See: https://www.cockroachlabs.com/docs/v21.1/transaction-retry-error-reference.html#retry_write_too_old]message = [ERROR: current transaction is aborted, commands ignored until end of transaction block]<14/20000> Tnx P: 1ms 
Delivery wid:7 carrier:4sql state = [25P02]cause = [org.postgresql.util.PSQLException: ERROR: restart transaction: TransactionRetryWithProtoRefreshError: TransactionRetryError: retry txn (RETRY_WRITE_TOO_OLD - WriteTooOld flag converted to WriteTooOldError): "sql txn" meta={id=2ac5eeab key=/Table/56/1/10/1/174/0 pri=0.03477498 epo=0 ts=1635609434.226257691,3 min=1635609431.927706416,0 seq=1} lock=true stat=PENDING rts=1635609431.927706416,0 wto=false gul=1635609432.427706416,0
  Hint: See: https://www.cockroachlabs.com/docs/v21.1/transaction-retry-error-reference.html#retry_write_too_old]message = [ERROR: current transaction is aborted, commands ignored until end of transaction block]<15/20000> Tnx D: 1ms 
<16/20000> Tnx N: 0ms 
sql state = [25P02]cause = [org.postgresql.util.PSQLException: ERROR: restart transaction: TransactionRetryWithProtoRefreshError: TransactionRetryError: retry txn (RETRY_WRITE_TOO_OLD - WriteTooOld flag converted to WriteTooOldError): "sql txn" meta={id=2ac5eeab key=/Table/56/1/10/1/174/0 pri=0.03477498 epo=0 ts=1635609434.226257691,3 min=1635609431.927706416,0 seq=1} lock=true stat=PENDING rts=1635609431.927706416,0 wto=false gul=1635609432.427706416,0
  Hint: See: https://www.cockroachlabs.com/docs/v21.1/transaction-retry-error-reference.html#retry_write_too_old]message = [ERROR: current transaction is aborted, commands ignored until end of transaction block]<17/20000> Tnx P: 1ms 
Delivery wid:3 carrier:8sql state = [25P02]cause = [org.postgresql.util.PSQLException: ERROR: restart transaction: TransactionRetryWithProtoRefreshError: TransactionRetryError: retry txn (RETRY_WRITE_TOO_OLD - WriteTooOld flag converted to WriteTooOldError): "sql txn" meta={id=2ac5eeab key=/Table/56/1/10/1/174/0 pri=0.03477498 epo=0 ts=1635609434.226257691,3 min=1635609431.927706416,0 seq=1} lock=true stat=PENDING rts=1635609431.927706416,0 wto=false gul=1635609432.427706416,0
  Hint: See: https://www.cockroachlabs.com/docs/v21.1/transaction-retry-error-reference.html#retry_write_too_old]message = [ERROR: current transaction is aborted, commands ignored until end of transaction block]<18/20000> Tnx D: 1ms 
<19/20000> Tnx N: 1ms 
<20/20000> Tnx N: 1ms 
Delivery wid:8 carrier:10sql state = [25P02]cause = [org.postgresql.util.PSQLException: ERROR: restart transaction: TransactionRetryWithProtoRefreshError: TransactionRetryError: retry txn (RETRY_WRITE_TOO_OLD - WriteTooOld flag converted to WriteTooOldError): "sql txn" meta={id=2ac5eeab key=/Table/56/1/10/1/174/0 pri=0.03477498 epo=0 ts=1635609434.226257691,3 min=1635609431.927706416,0 seq=1} lock=true stat=PENDING rts=1635609431.927706416,0 wto=false gul=1635609432.427706416,0
  Hint: See: https://www.cockroachlabs.com/docs/v21.1/transaction-retry-error-reference.html#retry_write_too_old]message = [ERROR: current transaction is aborted, commands ignored until end of transaction block]<21/20000> Tnx D: 1ms 
Delivery wid:2 carrier:10sql state = [25P02]cause = [org.postgresql.util.PSQLException: ERROR: restart transaction: TransactionRetryWithProtoRefreshError: TransactionRetryError: retry txn (RETRY_WRITE_TOO_OLD - WriteTooOld flag converted to WriteTooOldError): "sql txn" meta={id=2ac5eeab key=/Table/56/1/10/1/174/0 pri=0.03477498 epo=0 ts=1635609434.226257691,3 min=1635609431.927706416,0 seq=1} lock=true stat=PENDING rts=1635609431.927706416,0 wto=false gul=1635609432.427706416,0
  Hint: See: https://www.cockroachlabs.com/docs/v21.1/transaction-retry-error-reference.html#retry_write_too_old]message = [ERROR: current transaction is aborted, commands ignored until end of transaction block]<22/20000> Tnx D: 1ms 
Customers with top balances
sql state = [25P02]cause = [org.postgresql.util.PSQLException: ERROR: restart transaction: TransactionRetryWithProtoRefreshError: TransactionRetryError: retry txn (RETRY_WRITE_TOO_OLD - WriteTooOld flag converted to WriteTooOldError): "sql txn" meta={id=2ac5eeab key=/Table/56/1/10/1/174/0 pri=0.03477498 epo=0 ts=1635609434.226257691,3 min=1635609431.927706416,0 seq=1} lock=true stat=PENDING rts=1635609431.927706416,0 wto=false gul=1635609432.427706416,0
  Hint: See: https://www.cockroachlabs.com/docs/v21.1/transaction-retry-error-reference.html#retry_write_too_old]message = [ERROR: current transaction is aborted, commands ignored until end of transaction block]<23/20000> Tnx T: 2ms 
<24/20000> Tnx N: 1ms 
sql state = [25P02]cause = [org.postgresql.util.PSQLException: ERROR: restart transaction: TransactionRetryWithProtoRefreshError: TransactionRetryError: retry txn (RETRY_WRITE_TOO_OLD - WriteTooOld flag converted to WriteTooOldError): "sql txn" meta={id=2ac5eeab key=/Table/56/1/10/1/174/0 pri=0.03477498 epo=0 ts=1635609434.226257691,3 min=1635609431.927706416,0 seq=1} lock=true stat=PENDING rts=1635609431.927706416,0 wto=false gul=1635609432.427706416,0
  Hint: See: https://www.cockroachlabs.com/docs/v21.1/transaction-retry-error-reference.html#retry_write_too_old]message = [ERROR: current transaction is aborted, commands ignored until end of transaction block]<25/20000> Tnx P: 1ms 
sql state = [25P02]cause = [org.postgresql.util.PSQLException: ERROR: restart transaction: TransactionRetryWithProtoRefreshError: TransactionRetryError: retry txn (RETRY_WRITE_TOO_OLD - WriteTooOld flag converted to WriteTooOldError): "sql txn" meta={id=2ac5eeab key=/Table/56/1/10/1/174/0 pri=0.03477498 epo=0 ts=1635609434.226257691,3 min=1635609431.927706416,0 seq=1} lock=true stat=PENDING rts=1635609431.927706416,0 wto=false gul=1635609432.427706416,0
  Hint: See: https://www.cockroachlabs.com/docs/v21.1/transaction-retry-error-reference.html#retry_write_too_old]message = [ERROR: current transaction is aborted, commands ignored until end of transaction block]<26/20000> Tnx P: 1ms 
<27/20000> Tnx N: 0ms 
<28/20000> Tnx N: 0ms 
<29/20000> Tnx N: 1ms 
sql state = [25P02]cause = [org.postgresql.util.PSQLException: ERROR: restart transaction: TransactionRetryWithProtoRefreshError: TransactionRetryError: retry txn (RETRY_WRITE_TOO_OLD - WriteTooOld flag converted to WriteTooOldError): "sql txn" meta={id=2ac5eeab key=/Table/56/1/10/1/174/0 pri=0.03477498 epo=0 ts=1635609434.226257691,3 min=1635609431.927706416,0 seq=1} lock=true stat=PENDING rts=1635609431.927706416,0 wto=false gul=1635609432.427706416,0
  Hint: See: https://www.cockroachlabs.com/docs/v21.1/transaction-retry-error-reference.html#retry_write_too_old]message = [ERROR: current transaction is aborted, commands ignored until end of transaction block]<30/20000> Tnx O: 2ms 
Customers with top balances
sql state = [25P02]cause = [org.postgresql.util.PSQLException: ERROR: restart transaction: TransactionRetryWithProtoRefreshError: TransactionRetryError: retry txn (RETRY_WRITE_TOO_OLD - WriteTooOld flag converted to WriteTooOldError): "sql txn" meta={id=2ac5eeab key=/Table/56/1/10/1/174/0 pri=0.03477498 epo=0 ts=1635609434.226257691,3 min=1635609431.927706416,0 seq=1} lock=true stat=PENDING rts=1635609431.927706416,0 wto=false gul=1635609432.427706416,0
  Hint: See: https://www.cockroachlabs.com/docs/v21.1/transaction-retry-error-reference.html#retry_write_too_old]message = [ERROR: current transaction is aborted, commands ignored until end of transaction block]<31/20000> Tnx T: 2ms 
sql state = [25P02]cause = [org.postgresql.util.PSQLException: ERROR: restart transaction: TransactionRetryWithProtoRefreshError: TransactionRetryError: retry txn (RETRY_WRITE_TOO_OLD - WriteTooOld flag converted to WriteTooOldError): "sql txn" meta={id=2ac5eeab key=/Table/56/1/10/1/174/0 pri=0.03477498 epo=0 ts=1635609434.226257691,3 min=1635609431.927706416,0 seq=1} lock=true stat=PENDING rts=1635609431.927706416,0 wto=false gul=1635609432.427706416,0
  Hint: See: https://www.cockroachlabs.com/docs/v21.1/transaction-retry-error-reference.html#retry_write_too_old]message = [ERROR: current transaction is aborted, commands ignored until end of transaction block]<32/20000> Tnx P: 1ms 
<33/20000> Tnx N: 0ms 
Delivery wid:8 carrier:10sql state = [25P02]cause = [org.postgresql.util.PSQLException: ERROR: restart transaction: TransactionRetryWithProtoRefreshError: TransactionRetryError: retry txn (RETRY_WRITE_TOO_OLD - WriteTooOld flag converted to WriteTooOldError): "sql txn" meta={id=2ac5eeab key=/Table/56/1/10/1/174/0 pri=0.03477498 epo=0 ts=1635609434.226257691,3 min=1635609431.927706416,0 seq=1} lock=true stat=PENDING rts=1635609431.927706416,0 wto=false gul=1635609432.427706416,0
  Hint: See: https://www.cockroachlabs.com/docs/v21.1/transaction-retry-error-reference.html#retry_write_too_old]message = [ERROR: current transaction is aborted, commands ignored until end of transaction block]<34/20000> Tnx D: 1ms 
Delivery wid:2 carrier:6sql state = [25P02]cause = [org.postgresql.util.PSQLException: ERROR: restart transaction: TransactionRetryWithProtoRefreshError: TransactionRetryError: retry txn (RETRY_WRITE_TOO_OLD - WriteTooOld flag converted to WriteTooOldError): "sql txn" meta={id=2ac5eeab key=/Table/56/1/10/1/174/0 pri=0.03477498 epo=0 ts=1635609434.226257691,3 min=1635609431.927706416,0 seq=1} lock=true stat=PENDING rts=1635609431.927706416,0 wto=false gul=1635609432.427706416,0
  Hint: See: https://www.cockroachlabs.com/docs/v21.1/transaction-retry-error-reference.html#retry_write_too_old]message = [ERROR: current transaction is aborted, commands ignored until end of transaction block]<35/20000> Tnx D: 1ms 
sql state = [25P02]cause = [org.postgresql.util.PSQLException: ERROR: restart transaction: TransactionRetryWithProtoRefreshError: TransactionRetryError: retry txn (RETRY_WRITE_TOO_OLD - WriteTooOld flag converted to WriteTooOldError): "sql txn" meta={id=2ac5eeab key=/Table/56/1/10/1/174/0 pri=0.03477498 epo=0 ts=1635609434.226257691,3 min=1635609431.927706416,0 seq=1} lock=true stat=PENDING rts=1635609431.927706416,0 wto=false gul=1635609432.427706416,0
  Hint: See: https://www.cockroachlabs.com/docs/v21.1/transaction-retry-error-reference.html#retry_write_too_old]message = [ERROR: current transaction is aborted, commands ignored until end of transaction block]<36/20000> Tnx P: 0ms 
Delivery wid:6 carrier:10sql state = [25P02]cause = [org.postgresql.util.PSQLException: ERROR: restart transaction: TransactionRetryWithProtoRefreshError: TransactionRetryError: retry txn (RETRY_WRITE_TOO_OLD - WriteTooOld flag converted to WriteTooOldError): "sql txn" meta={id=2ac5eeab key=/Table/56/1/10/1/174/0 pri=0.03477498 epo=0 ts=1635609434.226257691,3 min=1635609431.927706416,0 seq=1} lock=true stat=PENDING rts=1635609431.927706416,0 wto=false gul=1635609432.427706416,0
  Hint: See: https://www.cockroachlabs.com/docs/v21.1/transaction-retry-error-reference.html#retry_write_too_old]message = [ERROR: current transaction is aborted, commands ignored until end of transaction block]<37/20000> Tnx D: 1ms 
<38/20000> Tnx N: 0ms 
<39/20000> Tnx N: 1ms 
Customers with top balances
sql state = [25P02]cause = [org.postgresql.util.PSQLException: ERROR: restart transaction: TransactionRetryWithProtoRefreshError: TransactionRetryError: retry txn (RETRY_WRITE_TOO_OLD - WriteTooOld flag converted to WriteTooOldError): "sql txn" meta={id=2ac5eeab key=/Table/56/1/10/1/174/0 pri=0.03477498 epo=0 ts=1635609434.226257691,3 min=1635609431.927706416,0 seq=1} lock=true stat=PENDING rts=1635609431.927706416,0 wto=false gul=1635609432.427706416,0
  Hint: See: https://www.cockroachlabs.com/docs/v21.1/transaction-retry-error-reference.html#retry_write_too_old]message = [ERROR: current transaction is aborted, commands ignored until end of transaction block]<40/20000> Tnx T: 1ms 
Customers with top balances
sql state = [25P02]cause = [org.postgresql.util.PSQLException: ERROR: restart transaction: TransactionRetryWithProtoRefreshError: TransactionRetryError: retry txn (RETRY_WRITE_TOO_OLD - WriteTooOld flag converted to WriteTooOldError): "sql txn" meta={id=2ac5eeab key=/Table/56/1/10/1/174/0 pri=0.03477498 epo=0 ts=1635609434.226257691,3 min=1635609431.927706416,0 seq=1} lock=true stat=PENDING rts=1635609431.927706416,0 wto=false gul=1635609432.427706416,0
  Hint: See: https://www.cockroachlabs.com/docs/v21.1/transaction-retry-error-reference.html#retry_write_too_old]message = [ERROR: current transaction is aborted, commands ignored until end of transaction block]<41/20000> Tnx T: 2ms 
Delivery wid:2 carrier:3sql state = [25P02]cause = [org.postgresql.util.PSQLException: ERROR: restart transaction: TransactionRetryWithProtoRefreshError: TransactionRetryError: retry txn (RETRY_WRITE_TOO_OLD - WriteTooOld flag converted to WriteTooOldError): "sql txn" meta={id=2ac5eeab key=/Table/56/1/10/1/174/0 pri=0.03477498 epo=0 ts=1635609434.226257691,3 min=1635609431.927706416,0 seq=1} lock=true stat=PENDING rts=1635609431.927706416,0 wto=false gul=1635609432.427706416,0
  Hint: See: https://www.cockroachlabs.com/docs/v21.1/transaction-retry-error-reference.html#retry_write_too_old]message = [ERROR: current transaction is aborted, commands ignored until end of transaction block]<42/20000> Tnx D: 1ms 
sql state = [25P02]cause = [org.postgresql.util.PSQLException: ERROR: restart transaction: TransactionRetryWithProtoRefreshError: TransactionRetryError: retry txn (RETRY_WRITE_TOO_OLD - WriteTooOld flag converted to WriteTooOldError): "sql txn" meta={id=2ac5eeab key=/Table/56/1/10/1/174/0 pri=0.03477498 epo=0 ts=1635609434.226257691,3 min=1635609431.927706416,0 seq=1} lock=true stat=PENDING rts=1635609431.927706416,0 wto=false gul=1635609432.427706416,0
  Hint: See: https://www.cockroachlabs.com/docs/v21.1/transaction-retry-error-reference.html#retry_write_too_old]message = [ERROR: current transaction is aborted, commands ignored until end of transaction block]<43/20000> Tnx P: 1ms 
Delivery wid:6 carrier:10sql state = [25P02]cause = [org.postgresql.util.PSQLException: ERROR: restart transaction: TransactionRetryWithProtoRefreshError: TransactionRetryError: retry txn (RETRY_WRITE_TOO_OLD - WriteTooOld flag converted to WriteTooOldError): "sql txn" meta={id=2ac5eeab key=/Table/56/1/10/1/174/0 pri=0.03477498 epo=0 ts=1635609434.226257691,3 min=1635609431.927706416,0 seq=1} lock=true stat=PENDING rts=1635609431.927706416,0 wto=false gul=1635609432.427706416,0
  Hint: See: https://www.cockroachlabs.com/docs/v21.1/transaction-retry-error-reference.html#retry_write_too_old]message = [ERROR: current transaction is aborted, commands ignored until end of transaction block]<44/20000> Tnx D: 1ms 
sql state = [25P02]cause = [org.postgresql.util.PSQLException: ERROR: restart transaction: TransactionRetryWithProtoRefreshError: TransactionRetryError: retry txn (RETRY_WRITE_TOO_OLD - WriteTooOld flag converted to WriteTooOldError): "sql txn" meta={id=2ac5eeab key=/Table/56/1/10/1/174/0 pri=0.03477498 epo=0 ts=1635609434.226257691,3 min=1635609431.927706416,0 seq=1} lock=true stat=PENDING rts=1635609431.927706416,0 wto=false gul=1635609432.427706416,0
  Hint: See: https://www.cockroachlabs.com/docs/v21.1/transaction-retry-error-reference.html#retry_write_too_old]message = [ERROR: current transaction is aborted, commands ignored until end of transaction block]<45/20000> Tnx I: 10ms 
sql state = [25P02]cause = [org.postgresql.util.PSQLException: ERROR: restart transaction: TransactionRetryWithProtoRefreshError: TransactionRetryError: retry txn (RETRY_WRITE_TOO_OLD - WriteTooOld flag converted to WriteTooOldError): "sql txn" meta={id=2ac5eeab key=/Table/56/1/10/1/174/0 pri=0.03477498 epo=0 ts=1635609434.226257691,3 min=1635609431.927706416,0 seq=1} lock=true stat=PENDING rts=1635609431.927706416,0 wto=false gul=1635609432.427706416,0
  Hint: See: https://www.cockroachlabs.com/docs/v21.1/transaction-retry-error-reference.html#retry_write_too_old]message = [ERROR: current transaction is aborted, commands ignored until end of transaction block]<46/20000> Tnx O: 3ms 
<47/20000> Tnx N: 0ms 
<48/20000> Tnx S: 0ms 
Delivery wid:8 carrier:6sql state = [25P02]cause = [org.postgresql.util.PSQLException: ERROR: restart transaction: TransactionRetryWithProtoRefreshError: TransactionRetryError: retry txn (RETRY_WRITE_TOO_OLD - WriteTooOld flag converted to WriteTooOldError): "sql txn" meta={id=2ac5eeab key=/Table/56/1/10/1/174/0 pri=0.03477498 epo=0 ts=1635609434.226257691,3 min=1635609431.927706416,0 seq=1} lock=true stat=PENDING rts=1635609431.927706416,0 wto=false gul=1635609432.427706416,0
  Hint: See: https://www.cockroachlabs.com/docs/v21.1/transaction-retry-error-reference.html#retry_write_too_old]message = [ERROR: current transaction is aborted, commands ignored until end of transaction block]<49/20000> Tnx D: 1ms 
<50/20000> Tnx S: 0ms 
<51/20000> Tnx N: 0ms 
<52/20000> Tnx N: 0ms 
<53/20000> Tnx N: 1ms 
<54/20000> Tnx N: 0ms 
Delivery wid:7 carrier:9sql state = [25P02]cause = [org.postgresql.util.PSQLException: ERROR: restart transaction: TransactionRetryWithProtoRefreshError: TransactionRetryError: retry txn (RETRY_WRITE_TOO_OLD - WriteTooOld flag converted to WriteTooOldError): "sql txn" meta={id=2ac5eeab key=/Table/56/1/10/1/174/0 pri=0.03477498 epo=0 ts=1635609434.226257691,3 min=1635609431.927706416,0 seq=1} lock=true stat=PENDING rts=1635609431.927706416,0 wto=false gul=1635609432.427706416,0
  Hint: See: https://www.cockroachlabs.com/docs/v21.1/transaction-retry-error-reference.html#retry_write_too_old]message = [ERROR: current transaction is aborted, commands ignored until end of transaction block]<55/20000> Tnx D: 2ms 
Delivery wid:3 carrier:6sql state = [25P02]cause = [org.postgresql.util.PSQLException: ERROR: restart transaction: TransactionRetryWithProtoRefreshError: TransactionRetryError: retry txn (RETRY_WRITE_TOO_OLD - WriteTooOld flag converted to WriteTooOldError): "sql txn" meta={id=2ac5eeab key=/Table/56/1/10/1/174/0 pri=0.03477498 epo=0 ts=1635609434.226257691,3 min=1635609431.927706416,0 seq=1} lock=true stat=PENDING rts=1635609431.927706416,0 wto=false gul=1635609432.427706416,0
  Hint: See: https://www.cockroachlabs.com/docs/v21.1/transaction-retry-error-reference.html#retry_write_too_old]message = [ERROR: current transaction is aborted, commands ignored until end of transaction block]<56/20000> Tnx D: 2ms 
Customers with top balances
sql state = [25P02]cause = [org.postgresql.util.PSQLException: ERROR: restart transaction: TransactionRetryWithProtoRefreshError: TransactionRetryError: retry txn (RETRY_WRITE_TOO_OLD - WriteTooOld flag converted to WriteTooOldError): "sql txn" meta={id=2ac5eeab key=/Table/56/1/10/1/174/0 pri=0.03477498 epo=0 ts=1635609434.226257691,3 min=1635609431.927706416,0 seq=1} lock=true stat=PENDING rts=1635609431.927706416,0 wto=false gul=1635609432.427706416,0
  Hint: See: https://www.cockroachlabs.com/docs/v21.1/transaction-retry-error-reference.html#retry_write_too_old]message = [ERROR: current transaction is aborted, commands ignored until end of transaction block]<57/20000> Tnx T: 3ms 
sql state = [25P02]cause = [org.postgresql.util.PSQLException: ERROR: restart transaction: TransactionRetryWithProtoRefreshError: TransactionRetryError: retry txn (RETRY_WRITE_TOO_OLD - WriteTooOld flag converted to WriteTooOldError): "sql txn" meta={id=2ac5eeab key=/Table/56/1/10/1/174/0 pri=0.03477498 epo=0 ts=1635609434.226257691,3 min=1635609431.927706416,0 seq=1} lock=true stat=PENDING rts=1635609431.927706416,0 wto=false gul=1635609432.427706416,0
  Hint: See: https://www.cockroachlabs.com/docs/v21.1/transaction-retry-error-reference.html#retry_write_too_old]message = [ERROR: current transaction is aborted, commands ignored until end of transaction block]<58/20000> Tnx P: 2ms 
sql state = [25P02]cause = [org.postgresql.util.PSQLException: ERROR: restart transaction: TransactionRetryWithProtoRefreshError: TransactionRetryError: retry txn (RETRY_WRITE_TOO_OLD - WriteTooOld flag converted to WriteTooOldError): "sql txn" meta={id=2ac5eeab key=/Table/56/1/10/1/174/0 pri=0.03477498 epo=0 ts=1635609434.226257691,3 min=1635609431.927706416,0 seq=1} lock=true stat=PENDING rts=1635609431.927706416,0 wto=false gul=1635609432.427706416,0
  Hint: See: https://www.cockroachlabs.com/docs/v21.1/transaction-retry-error-reference.html#retry_write_too_old]message = [ERROR: current transaction is aborted, commands ignored until end of transaction block]<59/20000> Tnx P: 1ms 
<60/20000> Tnx N: 0ms 
sql state = [25P02]cause = [org.postgresql.util.PSQLException: ERROR: restart transaction: TransactionRetryWithProtoRefreshError: TransactionRetryError: retry txn (RETRY_WRITE_TOO_OLD - WriteTooOld flag converted to WriteTooOldError): "sql txn" meta={id=2ac5eeab key=/Table/56/1/10/1/174/0 pri=0.03477498 epo=0 ts=1635609434.226257691,3 min=1635609431.927706416,0 seq=1} lock=true stat=PENDING rts=1635609431.927706416,0 wto=false gul=1635609432.427706416,0
  Hint: See: https://www.cockroachlabs.com/docs/v21.1/transaction-retry-error-reference.html#retry_write_too_old]message = [ERROR: current transaction is aborted, commands ignored until end of transaction block]<61/20000> Tnx R: 129ms 
<62/20000> Tnx N: 0ms 
<63/20000> Tnx N: 1ms 
sql state = [25P02]cause = [org.postgresql.util.PSQLException: ERROR: restart transaction: TransactionRetryWithProtoRefreshError: TransactionRetryError: retry txn (RETRY_WRITE_TOO_OLD - WriteTooOld flag converted to WriteTooOldError): "sql txn" meta={id=2ac5eeab key=/Table/56/1/10/1/174/0 pri=0.03477498 epo=0 ts=1635609434.226257691,3 min=1635609431.927706416,0 seq=1} lock=true stat=PENDING rts=1635609431.927706416,0 wto=false gul=1635609432.427706416,0
  Hint: See: https://www.cockroachlabs.com/docs/v21.1/transaction-retry-error-reference.html#retry_write_too_old]message = [ERROR: current transaction is aborted, commands ignored until end of transaction block]<64/20000> Tnx P: 1ms 
<65/20000> Tnx N: 1ms 
<66/20000> Tnx N: 0ms 
<67/20000> Tnx N: 0ms 
<68/20000> Tnx N: 1ms 
sql state = [25P02]cause = [org.postgresql.util.PSQLException: ERROR: restart transaction: TransactionRetryWithProtoRefreshError: TransactionRetryError: retry txn (RETRY_WRITE_TOO_OLD - WriteTooOld flag converted to WriteTooOldError): "sql txn" meta={id=2ac5eeab key=/Table/56/1/10/1/174/0 pri=0.03477498 epo=0 ts=1635609434.226257691,3 min=1635609431.927706416,0 seq=1} lock=true stat=PENDING rts=1635609431.927706416,0 wto=false gul=1635609432.427706416,0
  Hint: See: https://www.cockroachlabs.com/docs/v21.1/transaction-retry-error-reference.html#retry_write_too_old]message = [ERROR: current transaction is aborted, commands ignored until end of transaction block]<69/20000> Tnx P: 1ms 
Delivery wid:2 carrier:3sql state = [25P02]cause = [org.postgresql.util.PSQLException: ERROR: restart transaction: TransactionRetryWithProtoRefreshError: TransactionRetryError: retry txn (RETRY_WRITE_TOO_OLD - WriteTooOld flag converted to WriteTooOldError): "sql txn" meta={id=2ac5eeab key=/Table/56/1/10/1/174/0 pri=0.03477498 epo=0 ts=1635609434.226257691,3 min=1635609431.927706416,0 seq=1} lock=true stat=PENDING rts=1635609431.927706416,0 wto=false gul=1635609432.427706416,0
  Hint: See: https://www.cockroachlabs.com/docs/v21.1/transaction-retry-error-reference.html#retry_write_too_old]message = [ERROR: current transaction is aborted, commands ignored until end of transaction block]<70/20000> Tnx D: 1ms 
<71/20000> Tnx N: 0ms 
sql state = [25P02]cause = [org.postgresql.util.PSQLException: ERROR: restart transaction: TransactionRetryWithProtoRefreshError: TransactionRetryError: retry txn (RETRY_WRITE_TOO_OLD - WriteTooOld flag converted to WriteTooOldError): "sql txn" meta={id=2ac5eeab key=/Table/56/1/10/1/174/0 pri=0.03477498 epo=0 ts=1635609434.226257691,3 min=1635609431.927706416,0 seq=1} lock=true stat=PENDING rts=1635609431.927706416,0 wto=false gul=1635609432.427706416,0
  Hint: See: https://www.cockroachlabs.com/docs/v21.1/transaction-retry-error-reference.html#retry_write_too_old]message = [ERROR: current transaction is aborted, commands ignored until end of transaction block]<72/20000> Tnx R: 154ms 
<73/20000> Tnx N: 0ms 
sql state = [25P02]cause = [org.postgresql.util.PSQLException: ERROR: restart transaction: TransactionRetryWithProtoRefreshError: TransactionRetryError: retry txn (RETRY_WRITE_TOO_OLD - WriteTooOld flag converted to WriteTooOldError): "sql txn" meta={id=2ac5eeab key=/Table/56/1/10/1/174/0 pri=0.03477498 epo=0 ts=1635609434.226257691,3 min=1635609431.927706416,0 seq=1} lock=true stat=PENDING rts=1635609431.927706416,0 wto=false gul=1635609432.427706416,0
  Hint: See: https://www.cockroachlabs.com/docs/v21.1/transaction-retry-error-reference.html#retry_write_too_old]message = [ERROR: current transaction is aborted, commands ignored until end of transaction block]<74/20000> Tnx P: 2ms 
<75/20000> Tnx N: 0ms 
sql state = [25P02]cause = [org.postgresql.util.PSQLException: ERROR: restart transaction: TransactionRetryWithProtoRefreshError: TransactionRetryError: retry txn (RETRY_WRITE_TOO_OLD - WriteTooOld flag converted to WriteTooOldError): "sql txn" meta={id=2ac5eeab key=/Table/56/1/10/1/174/0 pri=0.03477498 epo=0 ts=1635609434.226257691,3 min=1635609431.927706416,0 seq=1} lock=true stat=PENDING rts=1635609431.927706416,0 wto=false gul=1635609432.427706416,0
  Hint: See: https://www.cockroachlabs.com/docs/v21.1/transaction-retry-error-reference.html#retry_write_too_old]message = [ERROR: current transaction is aborted, commands ignored until end of transaction block]<76/20000> Tnx P: 1ms 
<77/20000> Tnx N: 1ms 
<78/20000> Tnx N: 0ms 
<79/20000> Tnx N: 0ms 
Delivery wid:1 carrier:6sql state = [25P02]cause = [org.postgresql.util.PSQLException: ERROR: restart transaction: TransactionRetryWithProtoRefreshError: TransactionRetryError: retry txn (RETRY_WRITE_TOO_OLD - WriteTooOld flag converted to WriteTooOldError): "sql txn" meta={id=2ac5eeab key=/Table/56/1/10/1/174/0 pri=0.03477498 epo=0 ts=1635609434.226257691,3 min=1635609431.927706416,0 seq=1} lock=true stat=PENDING rts=1635609431.927706416,0 wto=false gul=1635609432.427706416,0
  Hint: See: https://www.cockroachlabs.com/docs/v21.1/transaction-retry-error-reference.html#retry_write_too_old]message = [ERROR: current transaction is aborted, commands ignored until end of transaction block]<80/20000> Tnx D: 3ms 
<81/20000> Tnx N: 0ms 
Delivery wid:10 carrier:3sql state = [25P02]cause = [org.postgresql.util.PSQLException: ERROR: restart transaction: TransactionRetryWithProtoRefreshError: TransactionRetryError: retry txn (RETRY_WRITE_TOO_OLD - WriteTooOld flag converted to WriteTooOldError): "sql txn" meta={id=2ac5eeab key=/Table/56/1/10/1/174/0 pri=0.03477498 epo=0 ts=1635609434.226257691,3 min=1635609431.927706416,0 seq=1} lock=true stat=PENDING rts=1635609431.927706416,0 wto=false gul=1635609432.427706416,0
  Hint: See: https://www.cockroachlabs.com/docs/v21.1/transaction-retry-error-reference.html#retry_write_too_old]message = [ERROR: current transaction is aborted, commands ignored until end of transaction block]<82/20000> Tnx D: 1ms 
Delivery wid:10 carrier:2sql state = [25P02]cause = [org.postgresql.util.PSQLException: ERROR: restart transaction: TransactionRetryWithProtoRefreshError: TransactionRetryError: retry txn (RETRY_WRITE_TOO_OLD - WriteTooOld flag converted to WriteTooOldError): "sql txn" meta={id=2ac5eeab key=/Table/56/1/10/1/174/0 pri=0.03477498 epo=0 ts=1635609434.226257691,3 min=1635609431.927706416,0 seq=1} lock=true stat=PENDING rts=1635609431.927706416,0 wto=false gul=1635609432.427706416,0
  Hint: See: https://www.cockroachlabs.com/docs/v21.1/transaction-retry-error-reference.html#retry_write_too_old]message = [ERROR: current transaction is aborted, commands ignored until end of transaction block]<83/20000> Tnx D: 1ms 
<84/20000> Tnx N: 0ms 
Delivery wid:4 carrier:5sql state = [25P02]cause = [org.postgresql.util.PSQLException: ERROR: restart transaction: TransactionRetryWithProtoRefreshError: TransactionRetryError: retry txn (RETRY_WRITE_TOO_OLD - WriteTooOld flag converted to WriteTooOldError): "sql txn" meta={id=2ac5eeab key=/Table/56/1/10/1/174/0 pri=0.03477498 epo=0 ts=1635609434.226257691,3 min=1635609431.927706416,0 seq=1} lock=true stat=PENDING rts=1635609431.927706416,0 wto=false gul=1635609432.427706416,0
  Hint: See: https://www.cockroachlabs.com/docs/v21.1/transaction-retry-error-reference.html#retry_write_too_old]message = [ERROR: current transaction is aborted, commands ignored until end of transaction block]<85/20000> Tnx D: 0ms 
<86/20000> Tnx N: 1ms 
<87/20000> Tnx N: 0ms 
<88/20000> Tnx S: 0ms 
Delivery wid:2 carrier:5sql state = [25P02]cause = [org.postgresql.util.PSQLException: ERROR: restart transaction: TransactionRetryWithProtoRefreshError: TransactionRetryError: retry txn (RETRY_WRITE_TOO_OLD - WriteTooOld flag converted to WriteTooOldError): "sql txn" meta={id=2ac5eeab key=/Table/56/1/10/1/174/0 pri=0.03477498 epo=0 ts=1635609434.226257691,3 min=1635609431.927706416,0 seq=1} lock=true stat=PENDING rts=1635609431.927706416,0 wto=false gul=1635609432.427706416,0
  Hint: See: https://www.cockroachlabs.com/docs/v21.1/transaction-retry-error-reference.html#retry_write_too_old]message = [ERROR: current transaction is aborted, commands ignored until end of transaction block]<89/20000> Tnx D: 1ms 
Customers with top balances
sql state = [25P02]cause = [org.postgresql.util.PSQLException: ERROR: restart transaction: TransactionRetryWithProtoRefreshError: TransactionRetryError: retry txn (RETRY_WRITE_TOO_OLD - WriteTooOld flag converted to WriteTooOldError): "sql txn" meta={id=2ac5eeab key=/Table/56/1/10/1/174/0 pri=0.03477498 epo=0 ts=1635609434.226257691,3 min=1635609431.927706416,0 seq=1} lock=true stat=PENDING rts=1635609431.927706416,0 wto=false gul=1635609432.427706416,0
  Hint: See: https://www.cockroachlabs.com/docs/v21.1/transaction-retry-error-reference.html#retry_write_too_old]message = [ERROR: current transaction is aborted, commands ignored until end of transaction block]<90/20000> Tnx T: 1ms 
sql state = [25P02]cause = [org.postgresql.util.PSQLException: ERROR: restart transaction: TransactionRetryWithProtoRefreshError: TransactionRetryError: retry txn (RETRY_WRITE_TOO_OLD - WriteTooOld flag converted to WriteTooOldError): "sql txn" meta={id=2ac5eeab key=/Table/56/1/10/1/174/0 pri=0.03477498 epo=0 ts=1635609434.226257691,3 min=1635609431.927706416,0 seq=1} lock=true stat=PENDING rts=1635609431.927706416,0 wto=false gul=1635609432.427706416,0
  Hint: See: https://www.cockroachlabs.com/docs/v21.1/transaction-retry-error-reference.html#retry_write_too_old]message = [ERROR: current transaction is aborted, commands ignored until end of transaction block]<91/20000> Tnx P: 1ms 
sql state = [25P02]cause = [org.postgresql.util.PSQLException: ERROR: restart transaction: TransactionRetryWithProtoRefreshError: TransactionRetryError: retry txn (RETRY_WRITE_TOO_OLD - WriteTooOld flag converted to WriteTooOldError): "sql txn" meta={id=2ac5eeab key=/Table/56/1/10/1/174/0 pri=0.03477498 epo=0 ts=1635609434.226257691,3 min=1635609431.927706416,0 seq=1} lock=true stat=PENDING rts=1635609431.927706416,0 wto=false gul=1635609432.427706416,0
  Hint: See: https://www.cockroachlabs.com/docs/v21.1/transaction-retry-error-reference.html#retry_write_too_old]message = [ERROR: current transaction is aborted, commands ignored until end of transaction block]<92/20000> Tnx P: 1ms 
<93/20000> Tnx N: 0ms 
<94/20000> Tnx N: 0ms 
<95/20000> Tnx N: 0ms 
<96/20000> Tnx N: 0ms 
sql state = [25P02]cause = [org.postgresql.util.PSQLException: ERROR: restart transaction: TransactionRetryWithProtoRefreshError: TransactionRetryError: retry txn (RETRY_WRITE_TOO_OLD - WriteTooOld flag converted to WriteTooOldError): "sql txn" meta={id=2ac5eeab key=/Table/56/1/10/1/174/0 pri=0.03477498 epo=0 ts=1635609434.226257691,3 min=1635609431.927706416,0 seq=1} lock=true stat=PENDING rts=1635609431.927706416,0 wto=false gul=1635609432.427706416,0
  Hint: See: https://www.cockroachlabs.com/docs/v21.1/transaction-retry-error-reference.html#retry_write_too_old]message = [ERROR: current transaction is aborted, commands ignored until end of transaction block]<97/20000> Tnx I: 7ms 
Customers with top balances
sql state = [25P02]cause = [org.postgresql.util.PSQLException: ERROR: restart transaction: TransactionRetryWithProtoRefreshError: TransactionRetryError: retry txn (RETRY_WRITE_TOO_OLD - WriteTooOld flag converted to WriteTooOldError): "sql txn" meta={id=2ac5eeab key=/Table/56/1/10/1/174/0 pri=0.03477498 epo=0 ts=1635609434.226257691,3 min=1635609431.927706416,0 seq=1} lock=true stat=PENDING rts=1635609431.927706416,0 wto=false gul=1635609432.427706416,0
  Hint: See: https://www.cockroachlabs.com/docs/v21.1/transaction-retry-error-reference.html#retry_write_too_old]message = [ERROR: current transaction is aborted, commands ignored until end of transaction block]<98/20000> Tnx T: 1ms 
<99/20000> Tnx N: 0ms 
sql state = [25P02]cause = [org.postgresql.util.PSQLException: ERROR: restart transaction: TransactionRetryWithProtoRefreshError: TransactionRetryError: retry txn (RETRY_WRITE_TOO_OLD - WriteTooOld flag converted to WriteTooOldError): "sql txn" meta={id=2ac5eeab key=/Table/56/1/10/1/174/0 pri=0.03477498 epo=0 ts=1635609434.226257691,3 min=1635609431.927706416,0 seq=1} lock=true stat=PENDING rts=1635609431.927706416,0 wto=false gul=1635609432.427706416,0
  Hint: See: https://www.cockroachlabs.com/docs/v21.1/transaction-retry-error-reference.html#retry_write_too_old]message = [ERROR: current transaction is aborted, commands ignored until end of transaction block]<100/20000> Tnx P: 1ms 
<101/20000> Tnx N: 0ms 
Customers with top balances
sql state = [25P02]cause = [org.postgresql.util.PSQLException: ERROR: restart transaction: TransactionRetryWithProtoRefreshError: TransactionRetryError: retry txn (RETRY_WRITE_TOO_OLD - WriteTooOld flag converted to WriteTooOldError): "sql txn" meta={id=2ac5eeab key=/Table/56/1/10/1/174/0 pri=0.03477498 epo=0 ts=1635609434.226257691,3 min=1635609431.927706416,0 seq=1} lock=true stat=PENDING rts=1635609431.927706416,0 wto=false gul=1635609432.427706416,0
  Hint: See: https://www.cockroachlabs.com/docs/v21.1/transaction-retry-error-reference.html#retry_write_too_old]message = [ERROR: current transaction is aborted, commands ignored until end of transaction block]<102/20000> Tnx T: 1ms 
sql state = [25P02]cause = [org.postgresql.util.PSQLException: ERROR: restart transaction: TransactionRetryWithProtoRefreshError: TransactionRetryError: retry txn (RETRY_WRITE_TOO_OLD - WriteTooOld flag converted to WriteTooOldError): "sql txn" meta={id=2ac5eeab key=/Table/56/1/10/1/174/0 pri=0.03477498 epo=0 ts=1635609434.226257691,3 min=1635609431.927706416,0 seq=1} lock=true stat=PENDING rts=1635609431.927706416,0 wto=false gul=1635609432.427706416,0
  Hint: See: https://www.cockroachlabs.com/docs/v21.1/transaction-retry-error-reference.html#retry_write_too_old]message = [ERROR: current transaction is aborted, commands ignored until end of transaction block]<103/20000> Tnx P: 1ms 
<104/20000> Tnx N: 0ms 
<105/20000> Tnx N: 0ms 
Delivery wid:5 carrier:1sql state = [25P02]cause = [org.postgresql.util.PSQLException: ERROR: restart transaction: TransactionRetryWithProtoRefreshError: TransactionRetryError: retry txn (RETRY_WRITE_TOO_OLD - WriteTooOld flag converted to WriteTooOldError): "sql txn" meta={id=2ac5eeab key=/Table/56/1/10/1/174/0 pri=0.03477498 epo=0 ts=1635609434.226257691,3 min=1635609431.927706416,0 seq=1} lock=true stat=PENDING rts=1635609431.927706416,0 wto=false gul=1635609432.427706416,0
  Hint: See: https://www.cockroachlabs.com/docs/v21.1/transaction-retry-error-reference.html#retry_write_too_old]message = [ERROR: current transaction is aborted, commands ignored until end of transaction block]<106/20000> Tnx D: 1ms 
sql state = [25P02]cause = [org.postgresql.util.PSQLException: ERROR: restart transaction: TransactionRetryWithProtoRefreshError: TransactionRetryError: retry txn (RETRY_WRITE_TOO_OLD - WriteTooOld flag converted to WriteTooOldError): "sql txn" meta={id=2ac5eeab key=/Table/56/1/10/1/174/0 pri=0.03477498 epo=0 ts=1635609434.226257691,3 min=1635609431.927706416,0 seq=1} lock=true stat=PENDING rts=1635609431.927706416,0 wto=false gul=1635609432.427706416,0
  Hint: See: https://www.cockroachlabs.com/docs/v21.1/transaction-retry-error-reference.html#retry_write_too_old]message = [ERROR: current transaction is aborted, commands ignored until end of transaction block]<107/20000> Tnx R: 157ms 
<108/20000> Tnx N: 1ms 
<109/20000> Tnx N: 0ms 
<110/20000> Tnx N: 0ms 
Delivery wid:4 carrier:6sql state = [25P02]cause = [org.postgresql.util.PSQLException: ERROR: restart transaction: TransactionRetryWithProtoRefreshError: TransactionRetryError: retry txn (RETRY_WRITE_TOO_OLD - WriteTooOld flag converted to WriteTooOldError): "sql txn" meta={id=2ac5eeab key=/Table/56/1/10/1/174/0 pri=0.03477498 epo=0 ts=1635609434.226257691,3 min=1635609431.927706416,0 seq=1} lock=true stat=PENDING rts=1635609431.927706416,0 wto=false gul=1635609432.427706416,0
  Hint: See: https://www.cockroachlabs.com/docs/v21.1/transaction-retry-error-reference.html#retry_write_too_old]message = [ERROR: current transaction is aborted, commands ignored until end of transaction block]<111/20000> Tnx D: 1ms 
sql state = [25P02]cause = [org.postgresql.util.PSQLException: ERROR: restart transaction: TransactionRetryWithProtoRefreshError: TransactionRetryError: retry txn (RETRY_WRITE_TOO_OLD - WriteTooOld flag converted to WriteTooOldError): "sql txn" meta={id=2ac5eeab key=/Table/56/1/10/1/174/0 pri=0.03477498 epo=0 ts=1635609434.226257691,3 min=1635609431.927706416,0 seq=1} lock=true stat=PENDING rts=1635609431.927706416,0 wto=false gul=1635609432.427706416,0
  Hint: See: https://www.cockroachlabs.com/docs/v21.1/transaction-retry-error-reference.html#retry_write_too_old]message = [ERROR: current transaction is aborted, commands ignored until end of transaction block]<112/20000> Tnx I: 10ms 
sql state = [25P02]cause = [org.postgresql.util.PSQLException: ERROR: restart transaction: TransactionRetryWithProtoRefreshError: TransactionRetryError: retry txn (RETRY_WRITE_TOO_OLD - WriteTooOld flag converted to WriteTooOldError): "sql txn" meta={id=2ac5eeab key=/Table/56/1/10/1/174/0 pri=0.03477498 epo=0 ts=1635609434.226257691,3 min=1635609431.927706416,0 seq=1} lock=true stat=PENDING rts=1635609431.927706416,0 wto=false gul=1635609432.427706416,0
  Hint: See: https://www.cockroachlabs.com/docs/v21.1/transaction-retry-error-reference.html#retry_write_too_old]message = [ERROR: current transaction is aborted, commands ignored until end of transaction block]<113/20000> Tnx P: 1ms 
<114/20000> Tnx S: 0ms 
sql state = [25P02]cause = [org.postgresql.util.PSQLException: ERROR: restart transaction: TransactionRetryWithProtoRefreshError: TransactionRetryError: retry txn (RETRY_WRITE_TOO_OLD - WriteTooOld flag converted to WriteTooOldError): "sql txn" meta={id=2ac5eeab key=/Table/56/1/10/1/174/0 pri=0.03477498 epo=0 ts=1635609434.226257691,3 min=1635609431.927706416,0 seq=1} lock=true stat=PENDING rts=1635609431.927706416,0 wto=false gul=1635609432.427706416,0
  Hint: See: https://www.cockroachlabs.com/docs/v21.1/transaction-retry-error-reference.html#retry_write_too_old]message = [ERROR: current transaction is aborted, commands ignored until end of transaction block]<115/20000> Tnx P: 1ms 
sql state = [25P02]cause = [org.postgresql.util.PSQLException: ERROR: restart transaction: TransactionRetryWithProtoRefreshError: TransactionRetryError: retry txn (RETRY_WRITE_TOO_OLD - WriteTooOld flag converted to WriteTooOldError): "sql txn" meta={id=2ac5eeab key=/Table/56/1/10/1/174/0 pri=0.03477498 epo=0 ts=1635609434.226257691,3 min=1635609431.927706416,0 seq=1} lock=true stat=PENDING rts=1635609431.927706416,0 wto=false gul=1635609432.427706416,0
  Hint: See: https://www.cockroachlabs.com/docs/v21.1/transaction-retry-error-reference.html#retry_write_too_old]message = [ERROR: current transaction is aborted, commands ignored until end of transaction block]<116/20000> Tnx P: 1ms 
sql state = [25P02]cause = [org.postgresql.util.PSQLException: ERROR: restart transaction: TransactionRetryWithProtoRefreshError: TransactionRetryError: retry txn (RETRY_WRITE_TOO_OLD - WriteTooOld flag converted to WriteTooOldError): "sql txn" meta={id=2ac5eeab key=/Table/56/1/10/1/174/0 pri=0.03477498 epo=0 ts=1635609434.226257691,3 min=1635609431.927706416,0 seq=1} lock=true stat=PENDING rts=1635609431.927706416,0 wto=false gul=1635609432.427706416,0
  Hint: See: https://www.cockroachlabs.com/docs/v21.1/transaction-retry-error-reference.html#retry_write_too_old]message = [ERROR: current transaction is aborted, commands ignored until end of transaction block]<117/20000> Tnx I: 10ms 
<118/20000> Tnx N: 0ms 
Customers with top balances
sql state = [25P02]cause = [org.postgresql.util.PSQLException: ERROR: restart transaction: TransactionRetryWithProtoRefreshError: TransactionRetryError: retry txn (RETRY_WRITE_TOO_OLD - WriteTooOld flag converted to WriteTooOldError): "sql txn" meta={id=2ac5eeab key=/Table/56/1/10/1/174/0 pri=0.03477498 epo=0 ts=1635609434.226257691,3 min=1635609431.927706416,0 seq=1} lock=true stat=PENDING rts=1635609431.927706416,0 wto=false gul=1635609432.427706416,0
  Hint: See: https://www.cockroachlabs.com/docs/v21.1/transaction-retry-error-reference.html#retry_write_too_old]message = [ERROR: current transaction is aborted, commands ignored until end of transaction block]<119/20000> Tnx T: 1ms 
<120/20000> Tnx N: 0ms 
sql state = [25P02]cause = [org.postgresql.util.PSQLException: ERROR: restart transaction: TransactionRetryWithProtoRefreshError: TransactionRetryError: retry txn (RETRY_WRITE_TOO_OLD - WriteTooOld flag converted to WriteTooOldError): "sql txn" meta={id=2ac5eeab key=/Table/56/1/10/1/174/0 pri=0.03477498 epo=0 ts=1635609434.226257691,3 min=1635609431.927706416,0 seq=1} lock=true stat=PENDING rts=1635609431.927706416,0 wto=false gul=1635609432.427706416,0
  Hint: See: https://www.cockroachlabs.com/docs/v21.1/transaction-retry-error-reference.html#retry_write_too_old]message = [ERROR: current transaction is aborted, commands ignored until end of transaction block]<121/20000> Tnx P: 0ms 
Customers with top balances
sql state = [25P02]cause = [org.postgresql.util.PSQLException: ERROR: restart transaction: TransactionRetryWithProtoRefreshError: TransactionRetryError: retry txn (RETRY_WRITE_TOO_OLD - WriteTooOld flag converted to WriteTooOldError): "sql txn" meta={id=2ac5eeab key=/Table/56/1/10/1/174/0 pri=0.03477498 epo=0 ts=1635609434.226257691,3 min=1635609431.927706416,0 seq=1} lock=true stat=PENDING rts=1635609431.927706416,0 wto=false gul=1635609432.427706416,0
  Hint: See: https://www.cockroachlabs.com/docs/v21.1/transaction-retry-error-reference.html#retry_write_too_old]message = [ERROR: current transaction is aborted, commands ignored until end of transaction block]<122/20000> Tnx T: 1ms 
Customers with top balances
sql state = [25P02]cause = [org.postgresql.util.PSQLException: ERROR: restart transaction: TransactionRetryWithProtoRefreshError: TransactionRetryError: retry txn (RETRY_WRITE_TOO_OLD - WriteTooOld flag converted to WriteTooOldError): "sql txn" meta={id=2ac5eeab key=/Table/56/1/10/1/174/0 pri=0.03477498 epo=0 ts=1635609434.226257691,3 min=1635609431.927706416,0 seq=1} lock=true stat=PENDING rts=1635609431.927706416,0 wto=false gul=1635609432.427706416,0
  Hint: See: https://www.cockroachlabs.com/docs/v21.1/transaction-retry-error-reference.html#retry_write_too_old]message = [ERROR: current transaction is aborted, commands ignored until end of transaction block]<123/20000> Tnx T: 1ms 
<124/20000> Tnx N: 0ms 
sql state = [25P02]cause = [org.postgresql.util.PSQLException: ERROR: restart transaction: TransactionRetryWithProtoRefreshError: TransactionRetryError: retry txn (RETRY_WRITE_TOO_OLD - WriteTooOld flag converted to WriteTooOldError): "sql txn" meta={id=2ac5eeab key=/Table/56/1/10/1/174/0 pri=0.03477498 epo=0 ts=1635609434.226257691,3 min=1635609431.927706416,0 seq=1} lock=true stat=PENDING rts=1635609431.927706416,0 wto=false gul=1635609432.427706416,0
  Hint: See: https://www.cockroachlabs.com/docs/v21.1/transaction-retry-error-reference.html#retry_write_too_old]message = [ERROR: current transaction is aborted, commands ignored until end of transaction block]<125/20000> Tnx P: 0ms 
sql state = [25P02]cause = [org.postgresql.util.PSQLException: ERROR: restart transaction: TransactionRetryWithProtoRefreshError: TransactionRetryError: retry txn (RETRY_WRITE_TOO_OLD - WriteTooOld flag converted to WriteTooOldError): "sql txn" meta={id=2ac5eeab key=/Table/56/1/10/1/174/0 pri=0.03477498 epo=0 ts=1635609434.226257691,3 min=1635609431.927706416,0 seq=1} lock=true stat=PENDING rts=1635609431.927706416,0 wto=false gul=1635609432.427706416,0
  Hint: See: https://www.cockroachlabs.com/docs/v21.1/transaction-retry-error-reference.html#retry_write_too_old]message = [ERROR: current transaction is aborted, commands ignored until end of transaction block]<126/20000> Tnx P: 0ms 
<127/20000> Tnx N: 0ms 
<128/20000> Tnx N: 0ms 
Delivery wid:4 carrier:1sql state = [25P02]cause = [org.postgresql.util.PSQLException: ERROR: restart transaction: TransactionRetryWithProtoRefreshError: TransactionRetryError: retry txn (RETRY_WRITE_TOO_OLD - WriteTooOld flag converted to WriteTooOldError): "sql txn" meta={id=2ac5eeab key=/Table/56/1/10/1/174/0 pri=0.03477498 epo=0 ts=1635609434.226257691,3 min=1635609431.927706416,0 seq=1} lock=true stat=PENDING rts=1635609431.927706416,0 wto=false gul=1635609432.427706416,0
  Hint: See: https://www.cockroachlabs.com/docs/v21.1/transaction-retry-error-reference.html#retry_write_too_old]message = [ERROR: current transaction is aborted, commands ignored until end of transaction block]<129/20000> Tnx D: 0ms 
sql state = [25P02]cause = [org.postgresql.util.PSQLException: ERROR: restart transaction: TransactionRetryWithProtoRefreshError: TransactionRetryError: retry txn (RETRY_WRITE_TOO_OLD - WriteTooOld flag converted to WriteTooOldError): "sql txn" meta={id=2ac5eeab key=/Table/56/1/10/1/174/0 pri=0.03477498 epo=0 ts=1635609434.226257691,3 min=1635609431.927706416,0 seq=1} lock=true stat=PENDING rts=1635609431.927706416,0 wto=false gul=1635609432.427706416,0
  Hint: See: https://www.cockroachlabs.com/docs/v21.1/transaction-retry-error-reference.html#retry_write_too_old]message = [ERROR: current transaction is aborted, commands ignored until end of transaction block]<130/20000> Tnx P: 1ms 
<131/20000> Tnx N: 0ms 
<132/20000> Tnx N: 0ms 
sql state = [25P02]cause = [org.postgresql.util.PSQLException: ERROR: restart transaction: TransactionRetryWithProtoRefreshError: TransactionRetryError: retry txn (RETRY_WRITE_TOO_OLD - WriteTooOld flag converted to WriteTooOldError): "sql txn" meta={id=2ac5eeab key=/Table/56/1/10/1/174/0 pri=0.03477498 epo=0 ts=1635609434.226257691,3 min=1635609431.927706416,0 seq=1} lock=true stat=PENDING rts=1635609431.927706416,0 wto=false gul=1635609432.427706416,0
  Hint: See: https://www.cockroachlabs.com/docs/v21.1/transaction-retry-error-reference.html#retry_write_too_old]message = [ERROR: current transaction is aborted, commands ignored until end of transaction block]<133/20000> Tnx O: 5ms 
<134/20000> Tnx N: 0ms 
<135/20000> Tnx N: 0ms 
sql state = [25P02]cause = [org.postgresql.util.PSQLException: ERROR: restart transaction: TransactionRetryWithProtoRefreshError: TransactionRetryError: retry txn (RETRY_WRITE_TOO_OLD - WriteTooOld flag converted to WriteTooOldError): "sql txn" meta={id=2ac5eeab key=/Table/56/1/10/1/174/0 pri=0.03477498 epo=0 ts=1635609434.226257691,3 min=1635609431.927706416,0 seq=1} lock=true stat=PENDING rts=1635609431.927706416,0 wto=false gul=1635609432.427706416,0
  Hint: See: https://www.cockroachlabs.com/docs/v21.1/transaction-retry-error-reference.html#retry_write_too_old]message = [ERROR: current transaction is aborted, commands ignored until end of transaction block]<136/20000> Tnx I: 10ms 
sql state = [25P02]cause = [org.postgresql.util.PSQLException: ERROR: restart transaction: TransactionRetryWithProtoRefreshError: TransactionRetryError: retry txn (RETRY_WRITE_TOO_OLD - WriteTooOld flag converted to WriteTooOldError): "sql txn" meta={id=2ac5eeab key=/Table/56/1/10/1/174/0 pri=0.03477498 epo=0 ts=1635609434.226257691,3 min=1635609431.927706416,0 seq=1} lock=true stat=PENDING rts=1635609431.927706416,0 wto=false gul=1635609432.427706416,0
  Hint: See: https://www.cockroachlabs.com/docs/v21.1/transaction-retry-error-reference.html#retry_write_too_old]message = [ERROR: current transaction is aborted, commands ignored until end of transaction block]<137/20000> Tnx P: 0ms 
Customers with top balances
sql state = [25P02]cause = [org.postgresql.util.PSQLException: ERROR: restart transaction: TransactionRetryWithProtoRefreshError: TransactionRetryError: retry txn (RETRY_WRITE_TOO_OLD - WriteTooOld flag converted to WriteTooOldError): "sql txn" meta={id=2ac5eeab key=/Table/56/1/10/1/174/0 pri=0.03477498 epo=0 ts=1635609434.226257691,3 min=1635609431.927706416,0 seq=1} lock=true stat=PENDING rts=1635609431.927706416,0 wto=false gul=1635609432.427706416,0
  Hint: See: https://www.cockroachlabs.com/docs/v21.1/transaction-retry-error-reference.html#retry_write_too_old]message = [ERROR: current transaction is aborted, commands ignored until end of transaction block]<138/20000> Tnx T: 1ms 
<139/20000> Tnx N: 0ms 
sql state = [25P02]cause = [org.postgresql.util.PSQLException: ERROR: restart transaction: TransactionRetryWithProtoRefreshError: TransactionRetryError: retry txn (RETRY_WRITE_TOO_OLD - WriteTooOld flag converted to WriteTooOldError): "sql txn" meta={id=2ac5eeab key=/Table/56/1/10/1/174/0 pri=0.03477498 epo=0 ts=1635609434.226257691,3 min=1635609431.927706416,0 seq=1} lock=true stat=PENDING rts=1635609431.927706416,0 wto=false gul=1635609432.427706416,0
  Hint: See: https://www.cockroachlabs.com/docs/v21.1/transaction-retry-error-reference.html#retry_write_too_old]message = [ERROR: current transaction is aborted, commands ignored until end of transaction block]<140/20000> Tnx P: 2ms 
sql state = [25P02]cause = [org.postgresql.util.PSQLException: ERROR: restart transaction: TransactionRetryWithProtoRefreshError: TransactionRetryError: retry txn (RETRY_WRITE_TOO_OLD - WriteTooOld flag converted to WriteTooOldError): "sql txn" meta={id=2ac5eeab key=/Table/56/1/10/1/174/0 pri=0.03477498 epo=0 ts=1635609434.226257691,3 min=1635609431.927706416,0 seq=1} lock=true stat=PENDING rts=1635609431.927706416,0 wto=false gul=1635609432.427706416,0
  Hint: See: https://www.cockroachlabs.com/docs/v21.1/transaction-retry-error-reference.html#retry_write_too_old]message = [ERROR: current transaction is aborted, commands ignored until end of transaction block]<141/20000> Tnx P: 0ms 
<142/20000> Tnx N: 0ms 
Delivery wid:5 carrier:10sql state = [25P02]cause = [org.postgresql.util.PSQLException: ERROR: restart transaction: TransactionRetryWithProtoRefreshError: TransactionRetryError: retry txn (RETRY_WRITE_TOO_OLD - WriteTooOld flag converted to WriteTooOldError): "sql txn" meta={id=2ac5eeab key=/Table/56/1/10/1/174/0 pri=0.03477498 epo=0 ts=1635609434.226257691,3 min=1635609431.927706416,0 seq=1} lock=true stat=PENDING rts=1635609431.927706416,0 wto=false gul=1635609432.427706416,0
  Hint: See: https://www.cockroachlabs.com/docs/v21.1/transaction-retry-error-reference.html#retry_write_too_old]message = [ERROR: current transaction is aborted, commands ignored until end of transaction block]<143/20000> Tnx D: 0ms 
<144/20000> Tnx N: 0ms 
sql state = [25P02]cause = [org.postgresql.util.PSQLException: ERROR: restart transaction: TransactionRetryWithProtoRefreshError: TransactionRetryError: retry txn (RETRY_WRITE_TOO_OLD - WriteTooOld flag converted to WriteTooOldError): "sql txn" meta={id=2ac5eeab key=/Table/56/1/10/1/174/0 pri=0.03477498 epo=0 ts=1635609434.226257691,3 min=1635609431.927706416,0 seq=1} lock=true stat=PENDING rts=1635609431.927706416,0 wto=false gul=1635609432.427706416,0
  Hint: See: https://www.cockroachlabs.com/docs/v21.1/transaction-retry-error-reference.html#retry_write_too_old]message = [ERROR: current transaction is aborted, commands ignored until end of transaction block]<145/20000> Tnx P: 1ms 
<146/20000> Tnx N: 0ms 
sql state = [25P02]cause = [org.postgresql.util.PSQLException: ERROR: restart transaction: TransactionRetryWithProtoRefreshError: TransactionRetryError: retry txn (RETRY_WRITE_TOO_OLD - WriteTooOld flag converted to WriteTooOldError): "sql txn" meta={id=2ac5eeab key=/Table/56/1/10/1/174/0 pri=0.03477498 epo=0 ts=1635609434.226257691,3 min=1635609431.927706416,0 seq=1} lock=true stat=PENDING rts=1635609431.927706416,0 wto=false gul=1635609432.427706416,0
  Hint: See: https://www.cockroachlabs.com/docs/v21.1/transaction-retry-error-reference.html#retry_write_too_old]message = [ERROR: current transaction is aborted, commands ignored until end of transaction block]<147/20000> Tnx R: 142ms 
<148/20000> Tnx N: 0ms 
<149/20000> Tnx N: 0ms 
Delivery wid:5 carrier:9sql state = [25P02]cause = [org.postgresql.util.PSQLException: ERROR: restart transaction: TransactionRetryWithProtoRefreshError: TransactionRetryError: retry txn (RETRY_WRITE_TOO_OLD - WriteTooOld flag converted to WriteTooOldError): "sql txn" meta={id=2ac5eeab key=/Table/56/1/10/1/174/0 pri=0.03477498 epo=0 ts=1635609434.226257691,3 min=1635609431.927706416,0 seq=1} lock=true stat=PENDING rts=1635609431.927706416,0 wto=false gul=1635609432.427706416,0
  Hint: See: https://www.cockroachlabs.com/docs/v21.1/transaction-retry-error-reference.html#retry_write_too_old]message = [ERROR: current transaction is aborted, commands ignored until end of transaction block]<150/20000> Tnx D: 2ms 
<151/20000> Tnx N: 0ms 
sql state = [25P02]cause = [org.postgresql.util.PSQLException: ERROR: restart transaction: TransactionRetryWithProtoRefreshError: TransactionRetryError: retry txn (RETRY_WRITE_TOO_OLD - WriteTooOld flag converted to WriteTooOldError): "sql txn" meta={id=2ac5eeab key=/Table/56/1/10/1/174/0 pri=0.03477498 epo=0 ts=1635609434.226257691,3 min=1635609431.927706416,0 seq=1} lock=true stat=PENDING rts=1635609431.927706416,0 wto=false gul=1635609432.427706416,0
  Hint: See: https://www.cockroachlabs.com/docs/v21.1/transaction-retry-error-reference.html#retry_write_too_old]message = [ERROR: current transaction is aborted, commands ignored until end of transaction block]<152/20000> Tnx P: 2ms 
sql state = [25P02]cause = [org.postgresql.util.PSQLException: ERROR: restart transaction: TransactionRetryWithProtoRefreshError: TransactionRetryError: retry txn (RETRY_WRITE_TOO_OLD - WriteTooOld flag converted to WriteTooOldError): "sql txn" meta={id=2ac5eeab key=/Table/56/1/10/1/174/0 pri=0.03477498 epo=0 ts=1635609434.226257691,3 min=1635609431.927706416,0 seq=1} lock=true stat=PENDING rts=1635609431.927706416,0 wto=false gul=1635609432.427706416,0
  Hint: See: https://www.cockroachlabs.com/docs/v21.1/transaction-retry-error-reference.html#retry_write_too_old]message = [ERROR: current transaction is aborted, commands ignored until end of transaction block]<153/20000> Tnx P: 0ms 
<154/20000> Tnx N: 0ms 
<155/20000> Tnx N: 0ms 
<156/20000> Tnx N: 0ms 
Delivery wid:9 carrier:7sql state = [25P02]cause = [org.postgresql.util.PSQLException: ERROR: restart transaction: TransactionRetryWithProtoRefreshError: TransactionRetryError: retry txn (RETRY_WRITE_TOO_OLD - WriteTooOld flag converted to WriteTooOldError): "sql txn" meta={id=2ac5eeab key=/Table/56/1/10/1/174/0 pri=0.03477498 epo=0 ts=1635609434.226257691,3 min=1635609431.927706416,0 seq=1} lock=true stat=PENDING rts=1635609431.927706416,0 wto=false gul=1635609432.427706416,0
  Hint: See: https://www.cockroachlabs.com/docs/v21.1/transaction-retry-error-reference.html#retry_write_too_old]message = [ERROR: current transaction is aborted, commands ignored until end of transaction block]<157/20000> Tnx D: 1ms 
sql state = [25P02]cause = [org.postgresql.util.PSQLException: ERROR: restart transaction: TransactionRetryWithProtoRefreshError: TransactionRetryError: retry txn (RETRY_WRITE_TOO_OLD - WriteTooOld flag converted to WriteTooOldError): "sql txn" meta={id=2ac5eeab key=/Table/56/1/10/1/174/0 pri=0.03477498 epo=0 ts=1635609434.226257691,3 min=1635609431.927706416,0 seq=1} lock=true stat=PENDING rts=1635609431.927706416,0 wto=false gul=1635609432.427706416,0
  Hint: See: https://www.cockroachlabs.com/docs/v21.1/transaction-retry-error-reference.html#retry_write_too_old]message = [ERROR: current transaction is aborted, commands ignored until end of transaction block]<158/20000> Tnx P: 0ms 
<159/20000> Tnx N: 1ms 
<160/20000> Tnx N: 0ms 
<161/20000> Tnx N: 0ms 
<162/20000> Tnx S: 0ms 
Delivery wid:1 carrier:6sql state = [25P02]cause = [org.postgresql.util.PSQLException: ERROR: restart transaction: TransactionRetryWithProtoRefreshError: TransactionRetryError: retry txn (RETRY_WRITE_TOO_OLD - WriteTooOld flag converted to WriteTooOldError): "sql txn" meta={id=2ac5eeab key=/Table/56/1/10/1/174/0 pri=0.03477498 epo=0 ts=1635609434.226257691,3 min=1635609431.927706416,0 seq=1} lock=true stat=PENDING rts=1635609431.927706416,0 wto=false gul=1635609432.427706416,0
  Hint: See: https://www.cockroachlabs.com/docs/v21.1/transaction-retry-error-reference.html#retry_write_too_old]message = [ERROR: current transaction is aborted, commands ignored until end of transaction block]<163/20000> Tnx D: 1ms 
sql state = [25P02]cause = [org.postgresql.util.PSQLException: ERROR: restart transaction: TransactionRetryWithProtoRefreshError: TransactionRetryError: retry txn (RETRY_WRITE_TOO_OLD - WriteTooOld flag converted to WriteTooOldError): "sql txn" meta={id=2ac5eeab key=/Table/56/1/10/1/174/0 pri=0.03477498 epo=0 ts=1635609434.226257691,3 min=1635609431.927706416,0 seq=1} lock=true stat=PENDING rts=1635609431.927706416,0 wto=false gul=1635609432.427706416,0
  Hint: See: https://www.cockroachlabs.com/docs/v21.1/transaction-retry-error-reference.html#retry_write_too_old]message = [ERROR: current transaction is aborted, commands ignored until end of transaction block]<164/20000> Tnx P: 1ms 
sql state = [25P02]cause = [org.postgresql.util.PSQLException: ERROR: restart transaction: TransactionRetryWithProtoRefreshError: TransactionRetryError: retry txn (RETRY_WRITE_TOO_OLD - WriteTooOld flag converted to WriteTooOldError): "sql txn" meta={id=2ac5eeab key=/Table/56/1/10/1/174/0 pri=0.03477498 epo=0 ts=1635609434.226257691,3 min=1635609431.927706416,0 seq=1} lock=true stat=PENDING rts=1635609431.927706416,0 wto=false gul=1635609432.427706416,0
  Hint: See: https://www.cockroachlabs.com/docs/v21.1/transaction-retry-error-reference.html#retry_write_too_old]message = [ERROR: current transaction is aborted, commands ignored until end of transaction block]<165/20000> Tnx I: 6ms 
Delivery wid:4 carrier:6sql state = [25P02]cause = [org.postgresql.util.PSQLException: ERROR: restart transaction: TransactionRetryWithProtoRefreshError: TransactionRetryError: retry txn (RETRY_WRITE_TOO_OLD - WriteTooOld flag converted to WriteTooOldError): "sql txn" meta={id=2ac5eeab key=/Table/56/1/10/1/174/0 pri=0.03477498 epo=0 ts=1635609434.226257691,3 min=1635609431.927706416,0 seq=1} lock=true stat=PENDING rts=1635609431.927706416,0 wto=false gul=1635609432.427706416,0
  Hint: See: https://www.cockroachlabs.com/docs/v21.1/transaction-retry-error-reference.html#retry_write_too_old]message = [ERROR: current transaction is aborted, commands ignored until end of transaction block]<166/20000> Tnx D: 0ms 
sql state = [25P02]cause = [org.postgresql.util.PSQLException: ERROR: restart transaction: TransactionRetryWithProtoRefreshError: TransactionRetryError: retry txn (RETRY_WRITE_TOO_OLD - WriteTooOld flag converted to WriteTooOldError): "sql txn" meta={id=2ac5eeab key=/Table/56/1/10/1/174/0 pri=0.03477498 epo=0 ts=1635609434.226257691,3 min=1635609431.927706416,0 seq=1} lock=true stat=PENDING rts=1635609431.927706416,0 wto=false gul=1635609432.427706416,0
  Hint: See: https://www.cockroachlabs.com/docs/v21.1/transaction-retry-error-reference.html#retry_write_too_old]message = [ERROR: current transaction is aborted, commands ignored until end of transaction block]<167/20000> Tnx P: 1ms 
sql state = [25P02]cause = [org.postgresql.util.PSQLException: ERROR: restart transaction: TransactionRetryWithProtoRefreshError: TransactionRetryError: retry txn (RETRY_WRITE_TOO_OLD - WriteTooOld flag converted to WriteTooOldError): "sql txn" meta={id=2ac5eeab key=/Table/56/1/10/1/174/0 pri=0.03477498 epo=0 ts=1635609434.226257691,3 min=1635609431.927706416,0 seq=1} lock=true stat=PENDING rts=1635609431.927706416,0 wto=false gul=1635609432.427706416,0
  Hint: See: https://www.cockroachlabs.com/docs/v21.1/transaction-retry-error-reference.html#retry_write_too_old]message = [ERROR: current transaction is aborted, commands ignored until end of transaction block]<168/20000> Tnx P: 1ms 
<169/20000> Tnx N: 0ms 
Delivery wid:7 carrier:1sql state = [25P02]cause = [org.postgresql.util.PSQLException: ERROR: restart transaction: TransactionRetryWithProtoRefreshError: TransactionRetryError: retry txn (RETRY_WRITE_TOO_OLD - WriteTooOld flag converted to WriteTooOldError): "sql txn" meta={id=2ac5eeab key=/Table/56/1/10/1/174/0 pri=0.03477498 epo=0 ts=1635609434.226257691,3 min=1635609431.927706416,0 seq=1} lock=true stat=PENDING rts=1635609431.927706416,0 wto=false gul=1635609432.427706416,0
  Hint: See: https://www.cockroachlabs.com/docs/v21.1/transaction-retry-error-reference.html#retry_write_too_old]message = [ERROR: current transaction is aborted, commands ignored until end of transaction block]<170/20000> Tnx D: 1ms 
sql state = [25P02]cause = [org.postgresql.util.PSQLException: ERROR: restart transaction: TransactionRetryWithProtoRefreshError: TransactionRetryError: retry txn (RETRY_WRITE_TOO_OLD - WriteTooOld flag converted to WriteTooOldError): "sql txn" meta={id=2ac5eeab key=/Table/56/1/10/1/174/0 pri=0.03477498 epo=0 ts=1635609434.226257691,3 min=1635609431.927706416,0 seq=1} lock=true stat=PENDING rts=1635609431.927706416,0 wto=false gul=1635609432.427706416,0
  Hint: See: https://www.cockroachlabs.com/docs/v21.1/transaction-retry-error-reference.html#retry_write_too_old]message = [ERROR: current transaction is aborted, commands ignored until end of transaction block]<171/20000> Tnx P: 1ms 
Delivery wid:3 carrier:10sql state = [25P02]cause = [org.postgresql.util.PSQLException: ERROR: restart transaction: TransactionRetryWithProtoRefreshError: TransactionRetryError: retry txn (RETRY_WRITE_TOO_OLD - WriteTooOld flag converted to WriteTooOldError): "sql txn" meta={id=2ac5eeab key=/Table/56/1/10/1/174/0 pri=0.03477498 epo=0 ts=1635609434.226257691,3 min=1635609431.927706416,0 seq=1} lock=true stat=PENDING rts=1635609431.927706416,0 wto=false gul=1635609432.427706416,0
  Hint: See: https://www.cockroachlabs.com/docs/v21.1/transaction-retry-error-reference.html#retry_write_too_old]message = [ERROR: current transaction is aborted, commands ignored until end of transaction block]<172/20000> Tnx D: 1ms 
<173/20000> Tnx N: 0ms 
Customers with top balances
sql state = [25P02]cause = [org.postgresql.util.PSQLException: ERROR: restart transaction: TransactionRetryWithProtoRefreshError: TransactionRetryError: retry txn (RETRY_WRITE_TOO_OLD - WriteTooOld flag converted to WriteTooOldError): "sql txn" meta={id=2ac5eeab key=/Table/56/1/10/1/174/0 pri=0.03477498 epo=0 ts=1635609434.226257691,3 min=1635609431.927706416,0 seq=1} lock=true stat=PENDING rts=1635609431.927706416,0 wto=false gul=1635609432.427706416,0
  Hint: See: https://www.cockroachlabs.com/docs/v21.1/transaction-retry-error-reference.html#retry_write_too_old]message = [ERROR: current transaction is aborted, commands ignored until end of transaction block]<174/20000> Tnx T: 1ms 
<175/20000> Tnx N: 0ms 
sql state = [25P02]cause = [org.postgresql.util.PSQLException: ERROR: restart transaction: TransactionRetryWithProtoRefreshError: TransactionRetryError: retry txn (RETRY_WRITE_TOO_OLD - WriteTooOld flag converted to WriteTooOldError): "sql txn" meta={id=2ac5eeab key=/Table/56/1/10/1/174/0 pri=0.03477498 epo=0 ts=1635609434.226257691,3 min=1635609431.927706416,0 seq=1} lock=true stat=PENDING rts=1635609431.927706416,0 wto=false gul=1635609432.427706416,0
  Hint: See: https://www.cockroachlabs.com/docs/v21.1/transaction-retry-error-reference.html#retry_write_too_old]message = [ERROR: current transaction is aborted, commands ignored until end of transaction block]<176/20000> Tnx P: 1ms 
<177/20000> Tnx N: 0ms 
<178/20000> Tnx N: 0ms 
sql state = [25P02]cause = [org.postgresql.util.PSQLException: ERROR: restart transaction: TransactionRetryWithProtoRefreshError: TransactionRetryError: retry txn (RETRY_WRITE_TOO_OLD - WriteTooOld flag converted to WriteTooOldError): "sql txn" meta={id=2ac5eeab key=/Table/56/1/10/1/174/0 pri=0.03477498 epo=0 ts=1635609434.226257691,3 min=1635609431.927706416,0 seq=1} lock=true stat=PENDING rts=1635609431.927706416,0 wto=false gul=1635609432.427706416,0
  Hint: See: https://www.cockroachlabs.com/docs/v21.1/transaction-retry-error-reference.html#retry_write_too_old]message = [ERROR: current transaction is aborted, commands ignored until end of transaction block]<179/20000> Tnx I: 10ms 
<180/20000> Tnx N: 1ms 
sql state = [25P02]cause = [org.postgresql.util.PSQLException: ERROR: restart transaction: TransactionRetryWithProtoRefreshError: TransactionRetryError: retry txn (RETRY_WRITE_TOO_OLD - WriteTooOld flag converted to WriteTooOldError): "sql txn" meta={id=2ac5eeab key=/Table/56/1/10/1/174/0 pri=0.03477498 epo=0 ts=1635609434.226257691,3 min=1635609431.927706416,0 seq=1} lock=true stat=PENDING rts=1635609431.927706416,0 wto=false gul=1635609432.427706416,0
  Hint: See: https://www.cockroachlabs.com/docs/v21.1/transaction-retry-error-reference.html#retry_write_too_old]message = [ERROR: current transaction is aborted, commands ignored until end of transaction block]<181/20000> Tnx R: 139ms 
sql state = [25P02]cause = [org.postgresql.util.PSQLException: ERROR: restart transaction: TransactionRetryWithProtoRefreshError: TransactionRetryError: retry txn (RETRY_WRITE_TOO_OLD - WriteTooOld flag converted to WriteTooOldError): "sql txn" meta={id=2ac5eeab key=/Table/56/1/10/1/174/0 pri=0.03477498 epo=0 ts=1635609434.226257691,3 min=1635609431.927706416,0 seq=1} lock=true stat=PENDING rts=1635609431.927706416,0 wto=false gul=1635609432.427706416,0
  Hint: See: https://www.cockroachlabs.com/docs/v21.1/transaction-retry-error-reference.html#retry_write_too_old]message = [ERROR: current transaction is aborted, commands ignored until end of transaction block]<182/20000> Tnx O: 2ms 
Delivery wid:8 carrier:3sql state = [25P02]cause = [org.postgresql.util.PSQLException: ERROR: restart transaction: TransactionRetryWithProtoRefreshError: TransactionRetryError: retry txn (RETRY_WRITE_TOO_OLD - WriteTooOld flag converted to WriteTooOldError): "sql txn" meta={id=2ac5eeab key=/Table/56/1/10/1/174/0 pri=0.03477498 epo=0 ts=1635609434.226257691,3 min=1635609431.927706416,0 seq=1} lock=true stat=PENDING rts=1635609431.927706416,0 wto=false gul=1635609432.427706416,0
  Hint: See: https://www.cockroachlabs.com/docs/v21.1/transaction-retry-error-reference.html#retry_write_too_old]message = [ERROR: current transaction is aborted, commands ignored until end of transaction block]<183/20000> Tnx D: 2ms 
<184/20000> Tnx N: 0ms 
<185/20000> Tnx S: 0ms 
<186/20000> Tnx N: 0ms 
sql state = [25P02]cause = [org.postgresql.util.PSQLException: ERROR: restart transaction: TransactionRetryWithProtoRefreshError: TransactionRetryError: retry txn (RETRY_WRITE_TOO_OLD - WriteTooOld flag converted to WriteTooOldError): "sql txn" meta={id=2ac5eeab key=/Table/56/1/10/1/174/0 pri=0.03477498 epo=0 ts=1635609434.226257691,3 min=1635609431.927706416,0 seq=1} lock=true stat=PENDING rts=1635609431.927706416,0 wto=false gul=1635609432.427706416,0
  Hint: See: https://www.cockroachlabs.com/docs/v21.1/transaction-retry-error-reference.html#retry_write_too_old]message = [ERROR: current transaction is aborted, commands ignored until end of transaction block]<187/20000> Tnx P: 1ms 
Delivery wid:8 carrier:2sql state = [25P02]cause = [org.postgresql.util.PSQLException: ERROR: restart transaction: TransactionRetryWithProtoRefreshError: TransactionRetryError: retry txn (RETRY_WRITE_TOO_OLD - WriteTooOld flag converted to WriteTooOldError): "sql txn" meta={id=2ac5eeab key=/Table/56/1/10/1/174/0 pri=0.03477498 epo=0 ts=1635609434.226257691,3 min=1635609431.927706416,0 seq=1} lock=true stat=PENDING rts=1635609431.927706416,0 wto=false gul=1635609432.427706416,0
  Hint: See: https://www.cockroachlabs.com/docs/v21.1/transaction-retry-error-reference.html#retry_write_too_old]message = [ERROR: current transaction is aborted, commands ignored until end of transaction block]<188/20000> Tnx D: 1ms 
<189/20000> Tnx N: 0ms 
sql state = [25P02]cause = [org.postgresql.util.PSQLException: ERROR: restart transaction: TransactionRetryWithProtoRefreshError: TransactionRetryError: retry txn (RETRY_WRITE_TOO_OLD - WriteTooOld flag converted to WriteTooOldError): "sql txn" meta={id=2ac5eeab key=/Table/56/1/10/1/174/0 pri=0.03477498 epo=0 ts=1635609434.226257691,3 min=1635609431.927706416,0 seq=1} lock=true stat=PENDING rts=1635609431.927706416,0 wto=false gul=1635609432.427706416,0
  Hint: See: https://www.cockroachlabs.com/docs/v21.1/transaction-retry-error-reference.html#retry_write_too_old]message = [ERROR: current transaction is aborted, commands ignored until end of transaction block]<190/20000> Tnx O: 3ms 
Delivery wid:8 carrier:10sql state = [25P02]cause = [org.postgresql.util.PSQLException: ERROR: restart transaction: TransactionRetryWithProtoRefreshError: TransactionRetryError: retry txn (RETRY_WRITE_TOO_OLD - WriteTooOld flag converted to WriteTooOldError): "sql txn" meta={id=2ac5eeab key=/Table/56/1/10/1/174/0 pri=0.03477498 epo=0 ts=1635609434.226257691,3 min=1635609431.927706416,0 seq=1} lock=true stat=PENDING rts=1635609431.927706416,0 wto=false gul=1635609432.427706416,0
  Hint: See: https://www.cockroachlabs.com/docs/v21.1/transaction-retry-error-reference.html#retry_write_too_old]message = [ERROR: current transaction is aborted, commands ignored until end of transaction block]<191/20000> Tnx D: 1ms 
sql state = [25P02]cause = [org.postgresql.util.PSQLException: ERROR: restart transaction: TransactionRetryWithProtoRefreshError: TransactionRetryError: retry txn (RETRY_WRITE_TOO_OLD - WriteTooOld flag converted to WriteTooOldError): "sql txn" meta={id=2ac5eeab key=/Table/56/1/10/1/174/0 pri=0.03477498 epo=0 ts=1635609434.226257691,3 min=1635609431.927706416,0 seq=1} lock=true stat=PENDING rts=1635609431.927706416,0 wto=false gul=1635609432.427706416,0
  Hint: See: https://www.cockroachlabs.com/docs/v21.1/transaction-retry-error-reference.html#retry_write_too_old]message = [ERROR: current transaction is aborted, commands ignored until end of transaction block]<192/20000> Tnx P: 4ms 
Delivery wid:5 carrier:10sql state = [25P02]cause = [org.postgresql.util.PSQLException: ERROR: restart transaction: TransactionRetryWithProtoRefreshError: TransactionRetryError: retry txn (RETRY_WRITE_TOO_OLD - WriteTooOld flag converted to WriteTooOldError): "sql txn" meta={id=2ac5eeab key=/Table/56/1/10/1/174/0 pri=0.03477498 epo=0 ts=1635609434.226257691,3 min=1635609431.927706416,0 seq=1} lock=true stat=PENDING rts=1635609431.927706416,0 wto=false gul=1635609432.427706416,0
  Hint: See: https://www.cockroachlabs.com/docs/v21.1/transaction-retry-error-reference.html#retry_write_too_old]message = [ERROR: current transaction is aborted, commands ignored until end of transaction block]<193/20000> Tnx D: 1ms 
sql state = [25P02]cause = [org.postgresql.util.PSQLException: ERROR: restart transaction: TransactionRetryWithProtoRefreshError: TransactionRetryError: retry txn (RETRY_WRITE_TOO_OLD - WriteTooOld flag converted to WriteTooOldError): "sql txn" meta={id=2ac5eeab key=/Table/56/1/10/1/174/0 pri=0.03477498 epo=0 ts=1635609434.226257691,3 min=1635609431.927706416,0 seq=1} lock=true stat=PENDING rts=1635609431.927706416,0 wto=false gul=1635609432.427706416,0
  Hint: See: https://www.cockroachlabs.com/docs/v21.1/transaction-retry-error-reference.html#retry_write_too_old]message = [ERROR: current transaction is aborted, commands ignored until end of transaction block]<194/20000> Tnx P: 1ms 
Delivery wid:10 carrier:4sql state = [25P02]cause = [org.postgresql.util.PSQLException: ERROR: restart transaction: TransactionRetryWithProtoRefreshError: TransactionRetryError: retry txn (RETRY_WRITE_TOO_OLD - WriteTooOld flag converted to WriteTooOldError): "sql txn" meta={id=2ac5eeab key=/Table/56/1/10/1/174/0 pri=0.03477498 epo=0 ts=1635609434.226257691,3 min=1635609431.927706416,0 seq=1} lock=true stat=PENDING rts=1635609431.927706416,0 wto=false gul=1635609432.427706416,0
  Hint: See: https://www.cockroachlabs.com/docs/v21.1/transaction-retry-error-reference.html#retry_write_too_old]message = [ERROR: current transaction is aborted, commands ignored until end of transaction block]<195/20000> Tnx D: 2ms 
<196/20000> Tnx N: 0ms 
sql state = [25P02]cause = [org.postgresql.util.PSQLException: ERROR: restart transaction: TransactionRetryWithProtoRefreshError: TransactionRetryError: retry txn (RETRY_WRITE_TOO_OLD - WriteTooOld flag converted to WriteTooOldError): "sql txn" meta={id=2ac5eeab key=/Table/56/1/10/1/174/0 pri=0.03477498 epo=0 ts=1635609434.226257691,3 min=1635609431.927706416,0 seq=1} lock=true stat=PENDING rts=1635609431.927706416,0 wto=false gul=1635609432.427706416,0
  Hint: See: https://www.cockroachlabs.com/docs/v21.1/transaction-retry-error-reference.html#retry_write_too_old]message = [ERROR: current transaction is aborted, commands ignored until end of transaction block]<197/20000> Tnx P: 1ms 
sql state = [25P02]cause = [org.postgresql.util.PSQLException: ERROR: restart transaction: TransactionRetryWithProtoRefreshError: TransactionRetryError: retry txn (RETRY_WRITE_TOO_OLD - WriteTooOld flag converted to WriteTooOldError): "sql txn" meta={id=2ac5eeab key=/Table/56/1/10/1/174/0 pri=0.03477498 epo=0 ts=1635609434.226257691,3 min=1635609431.927706416,0 seq=1} lock=true stat=PENDING rts=1635609431.927706416,0 wto=false gul=1635609432.427706416,0
  Hint: See: https://www.cockroachlabs.com/docs/v21.1/transaction-retry-error-reference.html#retry_write_too_old]message = [ERROR: current transaction is aborted, commands ignored until end of transaction block]<198/20000> Tnx P: 1ms 
sql state = [25P02]cause = [org.postgresql.util.PSQLException: ERROR: restart transaction: TransactionRetryWithProtoRefreshError: TransactionRetryError: retry txn (RETRY_WRITE_TOO_OLD - WriteTooOld flag converted to WriteTooOldError): "sql txn" meta={id=2ac5eeab key=/Table/56/1/10/1/174/0 pri=0.03477498 epo=0 ts=1635609434.226257691,3 min=1635609431.927706416,0 seq=1} lock=true stat=PENDING rts=1635609431.927706416,0 wto=false gul=1635609432.427706416,0
  Hint: See: https://www.cockroachlabs.com/docs/v21.1/transaction-retry-error-reference.html#retry_write_too_old]message = [ERROR: current transaction is aborted, commands ignored until end of transaction block]<199/20000> Tnx I: 6ms 
<200/20000> Tnx N: 0ms 
============Statistics============
Total 200 transactions, avg latency 22.745001ms 
Txn P: avg latency 1ms 
Txn R: avg latency 140ms 
Txn S: avg latency 0ms 
Txn D: avg latency 98ms 
Txn T: avg latency 1ms 
Txn I: avg latency 8ms 
Txn N: avg latency 0ms 
Txn O: avg latency 3ms 

